[0mPOST /posts/create [36m302[0m 6.084 ms - 36[0m
[0mGET /users/sign-in [36m304[0m 294.055 ms - -[0m
[0mGET / [32m200[0m 181.882 ms - 10562[0m
[0mGET /users/sign-in [36m304[0m 5.882 ms - -[0m
[0mGET /users/css/layout.css [33m404[0m 5.960 ms - 159[0m
[0mGET /users/css/footer.css [33m404[0m 7.637 ms - 159[0m
[0mGET /users/css/header.css [33m404[0m 10.786 ms - 159[0m
[0mGET /users/auth/google [36m302[0m 11.287 ms - 0[0m
[0mGET /users/css/header.css [33m404[0m 5.581 ms - 159[0m
[0mGET /users/css/footer.css [33m404[0m 6.182 ms - 159[0m
[0mGET /users/css/header.css [33m404[0m 2.251 ms - 159[0m
[0mGET /users/css/footer.css [33m404[0m 3.302 ms - 159[0m
[0mPOST /users/create-session [36m302[0m 409.627 ms - 46[0m
[0mGET / [32m200[0m 40.830 ms - 18984[0m
[0mPOST /posts/create [32m200[0m 344.813 ms - 260[0m
[0mGET /likes/toggle/?id=606d4c4af4d4713624266bfd&type=post [36m302[0m 16.334 ms - 88[0m
[0mGET / [32m200[0m 37.820 ms - 20129[0m
[0mPOST /likes/toggle/?id=606d4c4af4d4713624266bfd&type=post [33m404[0m 4.141 ms - 153[0m
[0mPOST /likes/toggle/?id=606d4c4af4d4713624266bfd&type=post [33m404[0m 5.456 ms - 153[0m
[0mPOST /likes/toggle/?id=606d4c4af4d4713624266bfd&type=post [33m404[0m 3.621 ms - 153[0m
[0mPOST /likes/toggle/?id=606d4c4af4d4713624266bfd&type=post [33m404[0m 3.332 ms - 153[0m
[0mPOST /likes/toggle/?id=606d4c4af4d4713624266bfd&type=post [33m404[0m 7.437 ms - 153[0m
[0mPOST /likes/toggle/?id=606d4c4af4d4713624266bfd&type=post [33m404[0m 5.369 ms - 153[0m
[0mPOST /likes/toggle/?id=606d4c4af4d4713624266bfd&type=post [33m404[0m 14.377 ms - 153[0m
[0mPOST /comment/create [32m200[0m 16.133 ms - 330[0m
[0mGET /likes/toggle/?id=606d4c5af4d4713624266c00&type=comment [36m302[0m 12.074 ms - 88[0m
[0mGET / [32m200[0m 45.773 ms - 20597[0m
[0mPOST /likes/toggle/?id=606d4c5af4d4713624266c00&type=comment [33m404[0m 5.440 ms - 153[0m
[0mPOST /likes/toggle/?id=606d4c5af4d4713624266c00&type=comment [33m404[0m 4.776 ms - 153[0m
[0mPOST /likes/toggle/?id=606d4c5af4d4713624266c00&type=comment [33m404[0m 10.527 ms - 153[0m
[0mPOST /likes/toggle/?id=606d4c5af4d4713624266c00&type=comment [33m404[0m 3.966 ms - 153[0m
[0mPOST /likes/toggle/?id=606d4c5af4d4713624266c00&type=comment [33m404[0m 7.042 ms - 153[0m
[0mPOST /likes/toggle/?id=606d4c5af4d4713624266c00&type=comment [33m404[0m 4.116 ms - 153[0m
[0mPOST /likes/toggle/?id=606d4c5af4d4713624266c00&type=comment [33m404[0m 5.131 ms - 153[0m
[0mPOST /likes/toggle/?id=606d4c5af4d4713624266c00&type=comment [33m404[0m 4.805 ms - 153[0m
[0mPOST /likes/toggle/?id=606d4c5af4d4713624266c00&type=comment [33m404[0m 3.662 ms - 153[0m
[0mPOST /likes/toggle/?id=606d4c5af4d4713624266c00&type=comment [33m404[0m 4.050 ms - 153[0m
[0mPOST /likes/toggle/?id=606d4c5af4d4713624266c00&type=comment [33m404[0m 4.405 ms - 153[0m
[0mPOST /likes/toggle/?id=606d4c5af4d4713624266c00&type=comment [33m404[0m 3.824 ms - 153[0m
[0mPOST /likes/toggle/?id=606d4c5af4d4713624266c00&type=comment [33m404[0m 3.506 ms - 153[0m
[0mPOST /likes/toggle/?id=606d4c5af4d4713624266c00&type=comment [33m404[0m 3.869 ms - 153[0m
[0mPOST /likes/toggle/?id=606d4c5af4d4713624266c00&type=comment [33m404[0m 4.614 ms - 153[0m
[0mPOST /likes/toggle/?id=606d4c5af4d4713624266c00&type=comment [33m404[0m 4.491 ms - 153[0m
[0mPOST /likes/toggle/?id=606d4c5af4d4713624266c00&type=comment [33m404[0m 4.200 ms - 153[0m
[0mPOST /likes/toggle/?id=606d4c5af4d4713624266c00&type=comment [33m404[0m 3.171 ms - 153[0m
[0mPOST /likes/toggle/?id=606d4c5af4d4713624266c00&type=comment [33m404[0m 3.773 ms - 153[0m
[0mPOST /likes/toggle/?id=606d4c5af4d4713624266c00&type=comment [33m404[0m 4.508 ms - 153[0m
[0mPOST /likes/toggle/?id=606d4c4af4d4713624266bfd&type=post [33m404[0m 4.718 ms - 153[0m
[0mPOST /comment/create [32m200[0m 135.987 ms - 329[0m
[0mGET /likes/toggle/?id=606d4c96f4d4713624266c04&type=comment [36m302[0m 16.093 ms - 88[0m
[0mGET / [32m200[0m 48.094 ms - 21064[0m
[0mPOST /likes/toggle/?id=606d4c96f4d4713624266c04&type=comment [33m404[0m 5.536 ms - 153[0m
[0mPOST /likes/toggle/?id=606c584b9219171608c70fe3&type=comment [33m404[0m 14.421 ms - 153[0m
[0mPOST /likes/toggle/?id=606c584b9219171608c70fe3&type=comment [33m404[0m 12.024 ms - 153[0m
[0mPOST /likes/toggle/?id=606c584b9219171608c70fe3&type=comment [33m404[0m 3.045 ms - 153[0m
[0mPOST /likes/toggle/?id=606c584b9219171608c70fe3&type=comment [33m404[0m 6.753 ms - 153[0m
[0mPOST /likes/toggle/?id=606c584b9219171608c70fe3&type=comment [33m404[0m 5.460 ms - 153[0m
[0mPOST /likes/toggle/?id=606c584b9219171608c70fe3&type=comment [33m404[0m 5.615 ms - 153[0m
[0mPOST /likes/toggle/?id=606c584b9219171608c70fe3&type=comment [33m404[0m 3.292 ms - 153[0m
[0mPOST /likes/toggle/?id=606c584b9219171608c70fe3&type=comment [33m404[0m 3.500 ms - 153[0m
[0mGET / [36m304[0m 261.430 ms - -[0m
[0mGET / [36m304[0m 68.557 ms - -[0m
[0mPOST /likes/toggle/?id=606d4c4af4d4713624266bfd&type=post [33m404[0m 5.313 ms - 153[0m
[0mGET / [32m200[0m 73.726 ms - 21051[0m
[0mPOST /likes/toggle?id=606d4c5af4d4713624266c00&type=comment [33m404[0m 5.564 ms - 152[0m
[0mPOST /likes/toggle?id=606d4c4af4d4713624266bfd&type=post [33m404[0m 6.106 ms - 152[0m
[0mPOST /likes/toggle?id=606d4c5af4d4713624266c00&type=comment [33m404[0m 5.455 ms - 152[0m
[0mPOST /posts/create [32m200[0m 12.644 ms - 261[0m
[0mGET /likes/toggle/?id=606d4fe0f4d4713624266c07&type=post [36m302[0m 13.108 ms - 88[0m
[0mGET / [32m200[0m 51.121 ms - 22978[0m
[0mPOST /likes/toggle?id=606d4fe0f4d4713624266c07&type=post [33m404[0m 6.821 ms - 152[0m
[0mGET / [36m304[0m 97.009 ms - -[0m
[0mGET /likes/toggle?id=606d4fe0f4d4713624266c07&type=post [32m200[0m 29.288 ms - 56[0m
[0mGET /likes/toggle?id=606d4fe0f4d4713624266c07&type=post [32m200[0m 19.836 ms - 57[0m
[0mGET /likes/toggle?id=606d4fe0f4d4713624266c07&type=post [32m200[0m 22.353 ms - 56[0m
[0mGET /likes/toggle?id=606d4fe0f4d4713624266c07&type=post [32m200[0m 17.493 ms - 57[0m
[0mPOST /comment/create [32m200[0m 1122.592 ms - 346[0m
[0mGET /likes/toggle/?id=606d50806d014c34c0223b1d&type=comment [36m302[0m 86.021 ms - 88[0m
[0mGET / [32m200[0m 52.983 ms - 23461[0m
[0mGET /likes/toggle?id=606d50806d014c34c0223b1d&type=comment [32m200[0m 14.953 ms - 56[0m
[0mGET /likes/toggle?id=606d50806d014c34c0223b1d&type=comment [32m200[0m 15.523 ms - 57[0m
[0mGET /likes/toggle?id=606d50806d014c34c0223b1d&type=comment [32m200[0m 13.457 ms - 56[0m
[0mGET /likes/toggle?id=606d4fe0f4d4713624266c07&type=post [32m200[0m 15.181 ms - 56[0m
[0mGET /likes/toggle?id=606d4fe0f4d4713624266c07&type=post [32m200[0m 14.566 ms - 57[0m
[0mGET /likes/toggle?id=606d50806d014c34c0223b1d&type=comment [32m200[0m 11.857 ms - 57[0m
[0mGET /likes/toggle?id=606d50806d014c34c0223b1d&type=comment [32m200[0m 15.026 ms - 56[0m
[0mGET /likes/toggle?id=606d50806d014c34c0223b1d&type=comment [32m200[0m 15.103 ms - 57[0m
[0mGET /likes/toggle?id=606d50806d014c34c0223b1d&type=comment [32m200[0m 19.350 ms - 56[0m
[0mPOST /comment/create [32m200[0m 16.393 ms - 331[0m
[0mGET /likes/toggle/?id=606d510b6d014c34c0223b2e&type=comment [36m302[0m 16.941 ms - 88[0m
[0mGET / [32m200[0m 88.991 ms - 23929[0m
[0mGET /likes/toggle?id=606d510b6d014c34c0223b2e&type=comment [32m200[0m 12.928 ms - 56[0m
[0mGET /likes/toggle?id=606d4fe0f4d4713624266c07&type=post [32m200[0m 16.503 ms - 56[0m
[0mGET /likes/toggle?id=606d4fe0f4d4713624266c07&type=post [32m200[0m 11.832 ms - 57[0m
[0mGET /likes/toggle?id=606d510b6d014c34c0223b2e&type=comment [32m200[0m 10.634 ms - 57[0m
[0mGET /likes/toggle?id=606d50806d014c34c0223b1d&type=comment [32m200[0m 59.145 ms - 57[0m
[0mGET /likes/toggle?id=606d50806d014c34c0223b1d&type=comment [32m200[0m 48.873 ms - 56[0m
[0mPOST /comment/create [32m200[0m 45.822 ms - 333[0m
[0mGET /likes/toggle/?id=606d537a6d014c34c0223b3a&type=comment [36m302[0m 40.858 ms - 88[0m
[0mGET / [32m200[0m 65.237 ms - 24399[0m
[0mPOST /comment/create [32m200[0m 37.211 ms - 328[0m
[0mPOST /comment/create [32m200[0m 114.016 ms - 329[0m
[0mGET / [32m200[0m 123.855 ms - 25330[0m
[0mPOST /comment/create [32m200[0m 73.162 ms - 329[0m
[0mGET /likes/toggle/?id=606d551f38c70013342bc25c&type=comment [36m302[0m 39.416 ms - 88[0m
[0mGET / [32m200[0m 100.472 ms - 25796[0m
[0mGET /likes/toggle?id=606d551f38c70013342bc25c&type=comment [32m200[0m 20.283 ms - 56[0m
[0mGET /likes/toggle?id=606d551f38c70013342bc25c&type=comment [32m200[0m 40.736 ms - 57[0m
[0mGET /likes/toggle?id=606d551f38c70013342bc25c&type=comment [32m200[0m 17.133 ms - 56[0m
[0mGET /likes/toggle?id=606d551f38c70013342bc25c&type=comment [32m200[0m 29.920 ms - 57[0m
[0mGET /likes/toggle?id=606d551f38c70013342bc25c&type=comment [32m200[0m 25.638 ms - 56[0m
[0mGET / [32m200[0m 130.046 ms - 26556[0m
[0mGET /likes/toggle?id=606d50806d014c34c0223b1d&type=comment [32m200[0m 80.969 ms - 57[0m
[0mGET /likes/toggle?id=606d50806d014c34c0223b1d&type=comment [32m200[0m 45.792 ms - 56[0m
[0mGET /likes/toggle?id=606d537a6d014c34c0223b3a&type=comment [32m200[0m 42.441 ms - 56[0m
[0mGET /likes/toggle?id=606d537a6d014c34c0223b3a&type=comment [32m200[0m 41.259 ms - 57[0m
[0mGET /likes/toggle?id=606d537a6d014c34c0223b3a&type=comment [32m200[0m 38.436 ms - 56[0m
[0mGET /likes/toggle?id=606d537a6d014c34c0223b3a&type=comment [32m200[0m 12.603 ms - 57[0m
[0mGET /likes/toggle?id=606d537a6d014c34c0223b3a&type=comment [32m200[0m 19.213 ms - 56[0m
[0mGET /likes/toggle?id=606d537a6d014c34c0223b3a&type=comment [32m200[0m 22.696 ms - 57[0m
[0mGET /likes/toggle?id=606d537a6d014c34c0223b3a&type=comment [32m200[0m 51.330 ms - 56[0m
[0mGET /likes/toggle?id=606d551f38c70013342bc25c&type=comment [32m200[0m 35.177 ms - 57[0m
[0mPOST /comment/create [32m200[0m 83.362 ms - 328[0m
[0mGET /likes/toggle/?id=606d557f71881b3508b5c4ae&type=comment [36m302[0m 44.724 ms - 88[0m
[0mGET / [32m200[0m 115.952 ms - 26261[0m
[0mGET /likes/toggle?id=606d557f71881b3508b5c4ae&type=comment [32m200[0m 27.366 ms - 56[0m
[0mGET /likes/toggle?id=606d557f71881b3508b5c4ae&type=comment [32m200[0m 16.388 ms - 57[0m
[0mGET /likes/toggle?id=606d557f71881b3508b5c4ae&type=comment [32m200[0m 31.974 ms - 56[0m
[0mPOST /comment/create [32m200[0m 70.983 ms - 329[0m
[0mGET /likes/toggle?id=606d4fe0f4d4713624266c07&type=post [32m200[0m 42.524 ms - 56[0m
[0mPOST /posts/create [32m200[0m 52.560 ms - 261[0m
[0mGET /likes/toggle/?id=606d565d71881b3508b5c4b7&type=post [36m302[0m 24.984 ms - 88[0m
[0mGET / [32m200[0m 70.767 ms - 28654[0m
[0mGET /likes/toggle?id=606d565d71881b3508b5c4b7&type=post [32m200[0m 46.222 ms - 56[0m
[0mGET /likes/toggle?id=606d565d71881b3508b5c4b7&type=post [32m200[0m 45.944 ms - 57[0m
[0mGET /likes/toggle?id=606d565d71881b3508b5c4b7&type=post [32m200[0m 47.306 ms - 56[0m
[0mGET /likes/toggle?id=606d565d71881b3508b5c4b7&type=post [32m200[0m 51.069 ms - 57[0m
[0mGET /likes/toggle?id=606d565d71881b3508b5c4b7&type=post [32m200[0m 29.379 ms - 56[0m
[0mPOST /posts/create [32m200[0m 26.518 ms - 267[0m
[0mGET /likes/toggle/?id=606d574171881b3508b5c4c1&type=post [36m302[0m 23.043 ms - 88[0m
[0mGET / [32m200[0m 485.980 ms - 30587[0m
[0mGET /likes/toggle?id=606d574171881b3508b5c4c1&type=post [32m200[0m 56.202 ms - 56[0m
[0mGET / [32m200[0m 337.667 ms - 31347[0m
[0mGET /likes/toggle?id=606d574171881b3508b5c4c1&type=post [32m200[0m 35.972 ms - 57[0m
[0mGET /likes/toggle?id=606d574171881b3508b5c4c1&type=post [32m200[0m 22.451 ms - 56[0m
[0mGET /likes/toggle?id=606d574171881b3508b5c4c1&type=post [32m200[0m 52.499 ms - 57[0m
[0mGET /likes/toggle?id=606d574171881b3508b5c4c1&type=post [32m200[0m 53.767 ms - 56[0m
[0mGET /likes/toggle?id=606d574171881b3508b5c4c1&type=post [32m200[0m 19.332 ms - 57[0m
[0mGET /likes/toggle?id=606d574171881b3508b5c4c1&type=post [32m200[0m 46.490 ms - 56[0m
[0mGET / [36m304[0m 112.759 ms - -[0m
[0mGET /likes/toggle?id=606d574171881b3508b5c4c1&type=post [32m200[0m 38.256 ms - 57[0m
[0mGET /likes/toggle?id=606d574171881b3508b5c4c1&type=post [32m200[0m 16.309 ms - 56[0m
[0mGET /likes/toggle?id=606d574171881b3508b5c4c1&type=post [32m200[0m 18.295 ms - 57[0m
[0mGET /likes/toggle?id=606d574171881b3508b5c4c1&type=post [32m200[0m 20.576 ms - 56[0m
[0mGET /likes/toggle?id=606d565d71881b3508b5c4b7&type=post [32m200[0m 33.313 ms - 57[0m
[0mGET /likes/toggle?id=606d565d71881b3508b5c4b7&type=post [32m200[0m 35.336 ms - 56[0m
[0mGET /likes/toggle?id=606d565d71881b3508b5c4b7&type=post [32m200[0m 42.876 ms - 57[0m
[0mGET /likes/toggle?id=606d565d71881b3508b5c4b7&type=post [32m200[0m 39.626 ms - 56[0m
[0mGET /likes/toggle?id=606d565d71881b3508b5c4b7&type=post [32m200[0m 46.238 ms - 57[0m
[0mGET /likes/toggle?id=606d565d71881b3508b5c4b7&type=post [32m200[0m 52.641 ms - 56[0m
[0mPOST /comment/create [32m200[0m 414.336 ms - 332[0m
[0mGET /likes/toggle/?id=606d586cc226e120cc5ea36c&type=comment [36m302[0m 138.253 ms - 88[0m
[0mGET / [32m200[0m 138.710 ms - 31056[0m
[0mGET /likes/toggle?id=606d586cc226e120cc5ea36c&type=comment [32m200[0m 48.015 ms - 56[0m
[0mGET /likes/toggle?id=606d586cc226e120cc5ea36c&type=comment [32m200[0m 41.897 ms - 57[0m
[0mGET /likes/toggle?id=606d586cc226e120cc5ea36c&type=comment [32m200[0m 45.323 ms - 56[0m
[0mGET /likes/toggle?id=606d586cc226e120cc5ea36c&type=comment [32m200[0m 43.527 ms - 57[0m
[0mGET /likes/toggle?id=606d586cc226e120cc5ea36c&type=comment [32m200[0m 38.148 ms - 56[0m
[0mGET /likes/toggle?id=606d586cc226e120cc5ea36c&type=comment [32m200[0m 45.517 ms - 57[0m
[0mPOST /comment/create [32m200[0m 33.864 ms - 330[0m
[0mGET /likes/toggle/?id=606d5883c226e120cc5ea379&type=comment [36m302[0m 30.006 ms - 88[0m
[0mGET / [32m200[0m 79.848 ms - 31523[0m
[0mGET /likes/toggle?id=606d586cc226e120cc5ea36c&type=comment [32m200[0m 44.603 ms - 56[0m
[0mGET /likes/toggle?id=606d586cc226e120cc5ea36c&type=comment [32m200[0m 40.687 ms - 57[0m
[0mGET /likes/toggle?id=606d586cc226e120cc5ea36c&type=comment [32m200[0m 47.574 ms - 56[0m
[0mGET /likes/toggle?id=606d564771881b3508b5c4b5&type=comment [32m200[0m 34.545 ms - 57[0m
[0mGET /likes/toggle?id=606d564771881b3508b5c4b5&type=comment [32m200[0m 36.292 ms - 56[0m
[0mGET /likes/toggle?id=606d564771881b3508b5c4b5&type=comment [32m200[0m 38.420 ms - 57[0m
[0mGET /likes/toggle?id=606d557f71881b3508b5c4ae&type=comment [32m200[0m 14.729 ms - 57[0m
[0mGET /likes/toggle?id=606d557f71881b3508b5c4ae&type=comment [32m200[0m 12.068 ms - 56[0m
[0mGET /likes/toggle?id=606d557f71881b3508b5c4ae&type=comment [32m200[0m 16.015 ms - 57[0m
[0mGET /likes/toggle?id=606d551f38c70013342bc25c&type=comment [32m200[0m 14.022 ms - 56[0m
[0mGET /likes/toggle?id=606d551f38c70013342bc25c&type=comment [32m200[0m 33.776 ms - 57[0m
[0mGET /likes/toggle?id=606d551f38c70013342bc25c&type=comment [32m200[0m 34.655 ms - 56[0m
[0mGET /likes/toggle?id=606d586cc226e120cc5ea36c&type=comment [32m200[0m 16.588 ms - 57[0m
[0mGET /likes/toggle?id=606d586cc226e120cc5ea36c&type=comment [32m200[0m 35.831 ms - 56[0m
[0mGET /likes/toggle?id=606d586cc226e120cc5ea36c&type=comment [32m200[0m 41.981 ms - 57[0m
[0mGET /likes/toggle?id=606d586cc226e120cc5ea36c&type=comment [32m200[0m 44.888 ms - 56[0m
[0mGET /likes/toggle?id=606d565d71881b3508b5c4b7&type=post [32m200[0m 34.944 ms - 57[0m
[0mGET /likes/toggle?id=606d565d71881b3508b5c4b7&type=post [32m200[0m 35.020 ms - 56[0m
[0mGET /likes/toggle?id=606d565d71881b3508b5c4b7&type=post [32m200[0m 33.057 ms - 57[0m
[0mGET /likes/toggle?id=606d565d71881b3508b5c4b7&type=post [32m200[0m 38.227 ms - 56[0m
[0mGET /posts/destroy/606d565d71881b3508b5c4b7 [36m302[0m 14.260 ms - 88[0m
[0mGET / [32m200[0m 51.337 ms - 30410[0m
[0mGET /posts/destroy/606d4fe0f4d4713624266c07 [36m302[0m 18.799 ms - 88[0m
[0mGET / [32m200[0m 42.629 ms - 24734[0m
[0mGET /posts/destroy/606d4c4af4d4713624266bfd [36m302[0m 20.203 ms - 88[0m
[0mGET / [32m200[0m 49.459 ms - 21875[0m
[0mGET /posts/destroy/606c582a9219171608c70fe0 [36m302[0m 22.389 ms - 88[0m
[0mGET / [32m200[0m 67.354 ms - 18669[0m
[0mGET /posts/destroy/606c523e39a73205885941b8 [36m302[0m 41.951 ms - 88[0m
[0mGET / [32m200[0m 28.527 ms - 17554[0m
[0mGET /posts/destroy/606c522c39a73205885941b7 [36m302[0m 34.717 ms - 88[0m
[0mGET / [32m200[0m 45.339 ms - 15628[0m
[0mGET /likes/toggle?id=606d586cc226e120cc5ea36c&type=comment [32m200[0m 39.189 ms - 57[0m
[0mGET /likes/toggle?id=606d586cc226e120cc5ea36c&type=comment [32m200[0m 31.396 ms - 56[0m
[0mGET /likes/toggle?id=606d586cc226e120cc5ea36c&type=comment [32m200[0m 54.086 ms - 57[0m
[0mGET /likes/toggle?id=606d586cc226e120cc5ea36c&type=comment [32m200[0m 49.519 ms - 56[0m
[0mGET /likes/toggle?id=606d586cc226e120cc5ea36c&type=comment [32m200[0m 27.361 ms - 57[0m
[0mGET /likes/toggle?id=606d574171881b3508b5c4c1&type=post [32m200[0m 34.940 ms - 57[0m
[0mGET /likes/toggle?id=606d574171881b3508b5c4c1&type=post [32m200[0m 36.819 ms - 56[0m
[0mGET /likes/toggle?id=606d574171881b3508b5c4c1&type=post [32m200[0m 35.623 ms - 57[0m
[0mGET /likes/toggle?id=606d574171881b3508b5c4c1&type=post [32m200[0m 31.539 ms - 56[0m
[0mGET /likes/toggle?id=606d574171881b3508b5c4c1&type=post [32m200[0m 34.626 ms - 57[0m
[0mGET /likes/toggle?id=606d586cc226e120cc5ea36c&type=comment [32m200[0m 64.645 ms - 56[0m
[0mGET /likes/toggle?id=606d586cc226e120cc5ea36c&type=comment [32m200[0m 52.736 ms - 57[0m
[0mGET / [32m200[0m 143.047 ms - 15574[0m
[0mPOST /posts/create [32m200[0m 15.013 ms - 270[0m
[0mGET /likes/toggle/?id=606d5cc3c226e120cc5ea3ad&type=post [36m302[0m 41.935 ms - 88[0m
[0mGET / [32m200[0m 28.215 ms - 16750[0m
[0mGET / [36m304[0m 53.286 ms - -[0m
[0mGET / [36m304[0m 48.612 ms - -[0m
[0mGET / [36m304[0m 72.358 ms - -[0m
[0mGET /likes/toggle?id=606d5cc3c226e120cc5ea3ad&type=post [32m200[0m 45.479 ms - 56[0m
[0mGET / [32m200[0m 591.361 ms - 21519[0m
[0mPOST /likes/toggle/?id=606d5cc3c226e120cc5ea3ad&type=Post [31m500[0m 160.226 ms - 35[0m
[0mPOST /likes/toggle/?id=606d5cc3c226e120cc5ea3ad&type=Post [31m500[0m 86.566 ms - 35[0m
[0mGET /users/profile/606bfbd2bc79af268ca4715c [32m200[0m 49.723 ms - 5430[0m
[0mGET /users/profile/css/layout.css [33m404[0m 48.149 ms - 167[0m
[0mGET /users/profile/css/header.css [33m404[0m 45.882 ms - 167[0m
[0mGET /users/profile/css/footer.css [33m404[0m 42.517 ms - 167[0m
[0mGET / [32m200[0m 71.684 ms - 20759[0m
[0mGET / [36m304[0m 63.172 ms - -[0m
[0mGET / [36m304[0m 38.541 ms - -[0m
[0mGET / [32m200[0m 52.659 ms - 20759[0m
[0mPOST /likes/toggle/?id=606d5cc3c226e120cc5ea3ad&type=post [32m200[0m 95.990 ms - 57[0m
[0mPOST /likes/toggle/?id=606d5cc3c226e120cc5ea3ad&type=post [32m200[0m 41.387 ms - 56[0m
[0mPOST /likes/toggle/?id=606d574171881b3508b5c4c1&type=post [32m200[0m 17.107 ms - 56[0m
[0mPOST /likes/toggle/?id=606d574171881b3508b5c4c1&type=post [32m200[0m 35.597 ms - 57[0m
[0mPOST /likes/toggle/?id=606d574171881b3508b5c4c1&type=post [32m200[0m 39.005 ms - 56[0m
[0mPOST /likes/toggle/?id=606d574171881b3508b5c4c1&type=post [32m200[0m 40.962 ms - 57[0m
[0mPOST /likes/toggle/?id=606d586cc226e120cc5ea36c&type=Comment [31m500[0m 36.381 ms - 35[0m
[0mPOST /likes/toggle/?id=606d586cc226e120cc5ea36c&type=Comment [31m500[0m 36.577 ms - 35[0m
[0mPOST /likes/toggle/?id=606d586cc226e120cc5ea36c&type=Comment [31m500[0m 35.346 ms - 35[0m
[0mPOST /likes/toggle/?id=606d5883c226e120cc5ea379&type=Comment [31m500[0m 48.062 ms - 35[0m
[0mPOST /likes/toggle/?id=606d5883c226e120cc5ea379&type=Comment [31m500[0m 61.455 ms - 35[0m
[0mPOST /likes/toggle/?id=606d5883c226e120cc5ea379&type=Comment [31m500[0m 54.956 ms - 35[0m
[0mPOST /likes/toggle/?id=606d5883c226e120cc5ea379&type=Comment [31m500[0m 37.279 ms - 35[0m
[0mPOST /likes/toggle/?id=606d5883c226e120cc5ea379&type=Comment [31m500[0m 103.154 ms - 35[0m
[0mPOST /likes/toggle/?id=606d5883c226e120cc5ea379&type=Comment [31m500[0m 30.582 ms - 35[0m
[0mPOST /comment/create [36m302[0m 272.791 ms - 46[0m
[0mGET / [32m200[0m 108.635 ms - 22291[0m
[0mPOST /likes/toggle/?id=606d880b6203cc3c487f5d77&type=Comment [31m500[0m 85.275 ms - 35[0m
[0mGET / [32m200[0m 51.117 ms - 21515[0m
[0mPOST /likes/toggle/?id=606d880b6203cc3c487f5d77&type=comment [32m200[0m 39.284 ms - 57[0m
[0mPOST /likes/toggle/?id=606d880b6203cc3c487f5d77&type=comment [32m200[0m 17.464 ms - 56[0m
[0mPOST /likes/toggle/?id=606d880b6203cc3c487f5d77&type=comment [32m200[0m 18.553 ms - 57[0m
[0mPOST /likes/toggle/?id=606d5cc3c226e120cc5ea3ad&type=post [32m200[0m 35.510 ms - 57[0m
[0mPOST /likes/toggle/?id=606d5cc3c226e120cc5ea3ad&type=post [32m200[0m 35.336 ms - 56[0m
[0mPOST /likes/toggle/?id=606d5cc3c226e120cc5ea3ad&type=post [32m200[0m 35.985 ms - 57[0m
[0mPOST /likes/toggle/?id=606d5cc3c226e120cc5ea3ad&type=post [32m200[0m 35.524 ms - 56[0m
[0mPOST /likes/toggle/?id=606d586cc226e120cc5ea36c&type=comment [32m200[0m 36.841 ms - 56[0m
[0mPOST /likes/toggle/?id=606d5883c226e120cc5ea379&type=comment [32m200[0m 26.774 ms - 56[0m
[0mPOST /posts/create [32m200[0m 32.297 ms - 264[0m
[0mGET /likes/toggle/?id=606d884b6203cc3c487f5d87&type=post [33m404[0m 6.434 ms - 152[0m
[0mGET / [32m200[0m 83.868 ms - 23738[0m
[0mPOST /likes/toggle/?id=606d884b6203cc3c487f5d87&type=post [32m200[0m 53.818 ms - 57[0m
[0mPOST /likes/toggle/?id=606d884b6203cc3c487f5d87&type=post [32m200[0m 30.338 ms - 56[0m
[0mGET /posts/destroy/606d884b6203cc3c487f5d87 [32m200[0m 43.788 ms - 72[0m
[0mPOST /posts/create [32m200[0m 25.023 ms - 264[0m
[0mGET /likes/toggle/?id=606d88656203cc3c487f5d8b&type=post [33m404[0m 11.725 ms - 152[0m
[0mPOST /likes/toggle/?id=606d884b6203cc3c487f5d87&type=post [31m500[0m 71.164 ms - 35[0m
[0mPOST /likes/toggle/?id=606d884b6203cc3c487f5d87&type=post [31m500[0m 35.763 ms - 35[0m
[0mPOST /likes/toggle/?id=606d884b6203cc3c487f5d87&type=post [31m500[0m 16.557 ms - 35[0m
[0mGET / [32m200[0m 115.726 ms - 23738[0m
[0mGET /posts/destroy/606d88656203cc3c487f5d8b [32m200[0m 68.093 ms - 72[0m
[0mPOST /posts/create [32m200[0m 91.440 ms - 264[0m
[0mGET /likes/toggle/?id=606d88e39ee0d53034f37293&type=post [33m404[0m 23.305 ms - 152[0m
[0mPOST /likes/toggle/?id=606d88656203cc3c487f5d8b&type=post [31m500[0m 96.307 ms - 35[0m
[0mPOST /likes/toggle/?id=606d88656203cc3c487f5d8b&type=post [31m500[0m 62.071 ms - 35[0m
[0mGET / [32m200[0m 86.964 ms - 23738[0m
[0mGET / [36m304[0m 89.513 ms - -[0m
[0mGET / [36m304[0m 103.042 ms - -[0m
[0mGET / [36m304[0m 90.873 ms - -[0m
[0mGET / [36m304[0m 86.927 ms - -[0m
[0mPOST /likes/toggle/?id=606d88e39ee0d53034f37293&type=post [32m200[0m 42.243 ms - 57[0m
[0mPOST /likes/toggle/?id=606d88e39ee0d53034f37293&type=post [32m200[0m 36.841 ms - 56[0m
[0mPOST /likes/toggle/?id=606d88e39ee0d53034f37293&type=post [32m200[0m 16.612 ms - 57[0m
[0mPOST /likes/toggle/?id=606d88e39ee0d53034f37293&type=post [32m200[0m 32.991 ms - 56[0m
[0mPOST /likes/toggle/?id=606d5cc3c226e120cc5ea3ad&type=post [32m200[0m 33.278 ms - 57[0m
[0mPOST /likes/toggle/?id=606d5cc3c226e120cc5ea3ad&type=post [32m200[0m 41.594 ms - 56[0m
[0mPOST /likes/toggle/?id=606d880b6203cc3c487f5d77&type=comment [32m200[0m 31.571 ms - 56[0m
[0mPOST /likes/toggle/?id=606d880b6203cc3c487f5d77&type=comment [32m200[0m 34.999 ms - 57[0m
[0mGET / [32m200[0m 69.482 ms - 24498[0m
[0mPOST /likes/toggle/?id=605d4faffa19b42c085c5dce&type=post [32m200[0m 41.974 ms - 57[0m
