::1 - - [20/Apr/2021:18:33:31 +0000] "GET / HTTP/1.1" 304 - "http://localhost:8000/users/profile/605c44a9833c593a30ab9dba" "Mozilla/5.0 (Windows NT 10.0; Win64; x64) AppleWebKit/537.36 (KHTML, like Gecko) Chrome/89.0.4389.114 Safari/537.36"
::1 - - [20/Apr/2021:18:33:32 +0000] "GET /undefined HTTP/1.1" 404 148 "http://localhost:8000/" "Mozilla/5.0 (Windows NT 10.0; Win64; x64) AppleWebKit/537.36 (KHTML, like Gecko) Chrome/89.0.4389.114 Safari/537.36"
::1 - - [20/Apr/2021:18:33:33 +0000] "GET /undefined HTTP/1.1" 404 148 "http://localhost:8000/" "Mozilla/5.0 (Windows NT 10.0; Win64; x64) AppleWebKit/537.36 (KHTML, like Gecko) Chrome/89.0.4389.114 Safari/537.36"
::1 - - [20/Apr/2021:18:33:33 +0000] "GET /undefined HTTP/1.1" 404 148 "http://localhost:8000/" "Mozilla/5.0 (Windows NT 10.0; Win64; x64) AppleWebKit/537.36 (KHTML, like Gecko) Chrome/89.0.4389.114 Safari/537.36"
::1 - - [20/Apr/2021:18:33:33 +0000] "GET /undefined HTTP/1.1" 404 148 "http://localhost:8000/" "Mozilla/5.0 (Windows NT 10.0; Win64; x64) AppleWebKit/537.36 (KHTML, like Gecko) Chrome/89.0.4389.114 Safari/537.36"
::1 - - [20/Apr/2021:18:33:54 +0000] "GET /users/profile/605c44a9833c593a30ab9dba HTTP/1.1" 200 4821 "http://localhost:8000/" "Mozilla/5.0 (Windows NT 10.0; Win64; x64) AppleWebKit/537.36 (KHTML, like Gecko) Chrome/89.0.4389.114 Safari/537.36"
::1 - - [20/Apr/2021:18:33:55 +0000] "GET /undefined HTTP/1.1" 404 148 "http://localhost:8000/users/profile/605c44a9833c593a30ab9dba" "Mozilla/5.0 (Windows NT 10.0; Win64; x64) AppleWebKit/537.36 (KHTML, like Gecko) Chrome/89.0.4389.114 Safari/537.36"
::1 - - [20/Apr/2021:18:34:15 +0000] "GET / HTTP/1.1" 304 - "http://localhost:8000/users/profile/605c44a9833c593a30ab9dba" "Mozilla/5.0 (Windows NT 10.0; Win64; x64) AppleWebKit/537.36 (KHTML, like Gecko) Chrome/89.0.4389.114 Safari/537.36"
::1 - - [20/Apr/2021:18:34:16 +0000] "GET /undefined HTTP/1.1" 404 148 "http://localhost:8000/" "Mozilla/5.0 (Windows NT 10.0; Win64; x64) AppleWebKit/537.36 (KHTML, like Gecko) Chrome/89.0.4389.114 Safari/537.36"
::1 - - [20/Apr/2021:18:34:17 +0000] "GET /undefined HTTP/1.1" 404 148 "http://localhost:8000/" "Mozilla/5.0 (Windows NT 10.0; Win64; x64) AppleWebKit/537.36 (KHTML, like Gecko) Chrome/89.0.4389.114 Safari/537.36"
::1 - - [20/Apr/2021:18:34:17 +0000] "GET /undefined HTTP/1.1" 404 148 "http://localhost:8000/" "Mozilla/5.0 (Windows NT 10.0; Win64; x64) AppleWebKit/537.36 (KHTML, like Gecko) Chrome/89.0.4389.114 Safari/537.36"
::1 - - [20/Apr/2021:18:34:17 +0000] "GET /undefined HTTP/1.1" 404 148 "http://localhost:8000/" "Mozilla/5.0 (Windows NT 10.0; Win64; x64) AppleWebKit/537.36 (KHTML, like Gecko) Chrome/89.0.4389.114 Safari/537.36"
::1 - - [20/Apr/2021:18:46:42 +0000] "GET / HTTP/1.1" 200 13403 "http://localhost:8000/users/profile/605c44a9833c593a30ab9dba" "Mozilla/5.0 (Windows NT 10.0; Win64; x64) AppleWebKit/537.36 (KHTML, like Gecko) Chrome/89.0.4389.114 Safari/537.36"
::1 - - [20/Apr/2021:18:46:44 +0000] "GET /css/layout-304cc70ae0.css HTTP/1.1" 404 164 "http://localhost:8000/" "Mozilla/5.0 (Windows NT 10.0; Win64; x64) AppleWebKit/537.36 (KHTML, like Gecko) Chrome/89.0.4389.114 Safari/537.36"
::1 - - [20/Apr/2021:18:46:45 +0000] "GET /css/footer-80b8801692.css HTTP/1.1" 404 164 "http://localhost:8000/" "Mozilla/5.0 (Windows NT 10.0; Win64; x64) AppleWebKit/537.36 (KHTML, like Gecko) Chrome/89.0.4389.114 Safari/537.36"
::1 - - [20/Apr/2021:18:46:45 +0000] "GET /css/home-d2c17da2d9.css HTTP/1.1" 404 162 "http://localhost:8000/" "Mozilla/5.0 (Windows NT 10.0; Win64; x64) AppleWebKit/537.36 (KHTML, like Gecko) Chrome/89.0.4389.114 Safari/537.36"
::1 - - [20/Apr/2021:18:46:45 +0000] "GET /js/home_posts-57b6098729.js HTTP/1.1" 404 166 "http://localhost:8000/" "Mozilla/5.0 (Windows NT 10.0; Win64; x64) AppleWebKit/537.36 (KHTML, like Gecko) Chrome/89.0.4389.114 Safari/537.36"
::1 - - [20/Apr/2021:18:46:45 +0000] "GET /css/chat_box-3aa9f1fb21.css HTTP/1.1" 404 166 "http://localhost:8000/" "Mozilla/5.0 (Windows NT 10.0; Win64; x64) AppleWebKit/537.36 (KHTML, like Gecko) Chrome/89.0.4389.114 Safari/537.36"
::1 - - [20/Apr/2021:18:46:45 +0000] "GET /js/home_comments-da8c44e185.js HTTP/1.1" 404 169 "http://localhost:8000/" "Mozilla/5.0 (Windows NT 10.0; Win64; x64) AppleWebKit/537.36 (KHTML, like Gecko) Chrome/89.0.4389.114 Safari/537.36"
::1 - - [20/Apr/2021:18:46:45 +0000] "GET /js/toggle_likes-9176f9e069.js HTTP/1.1" 404 168 "http://localhost:8000/" "Mozilla/5.0 (Windows NT 10.0; Win64; x64) AppleWebKit/537.36 (KHTML, like Gecko) Chrome/89.0.4389.114 Safari/537.36"
::1 - - [20/Apr/2021:18:46:45 +0000] "GET /js/chat_engine-3e42b32d15.js HTTP/1.1" 404 167 "http://localhost:8000/" "Mozilla/5.0 (Windows NT 10.0; Win64; x64) AppleWebKit/537.36 (KHTML, like Gecko) Chrome/89.0.4389.114 Safari/537.36"
::1 - - [20/Apr/2021:18:46:45 +0000] "GET /css/header-5624c7deef.css HTTP/1.1" 404 164 "http://localhost:8000/" "Mozilla/5.0 (Windows NT 10.0; Win64; x64) AppleWebKit/537.36 (KHTML, like Gecko) Chrome/89.0.4389.114 Safari/537.36"
::1 - - [20/Apr/2021:18:46:45 +0000] "GET /js/home_comments-da8c44e185.js HTTP/1.1" 404 169 "http://localhost:8000/" "Mozilla/5.0 (Windows NT 10.0; Win64; x64) AppleWebKit/537.36 (KHTML, like Gecko) Chrome/89.0.4389.114 Safari/537.36"
::1 - - [20/Apr/2021:18:46:45 +0000] "GET /js/toggle_likes-9176f9e069.js HTTP/1.1" 404 168 "http://localhost:8000/" "Mozilla/5.0 (Windows NT 10.0; Win64; x64) AppleWebKit/537.36 (KHTML, like Gecko) Chrome/89.0.4389.114 Safari/537.36"
::1 - - [20/Apr/2021:18:46:45 +0000] "GET /js/chat_engine-3e42b32d15.js HTTP/1.1" 404 167 "http://localhost:8000/" "Mozilla/5.0 (Windows NT 10.0; Win64; x64) AppleWebKit/537.36 (KHTML, like Gecko) Chrome/89.0.4389.114 Safari/537.36"
::1 - - [20/Apr/2021:18:47:33 +0000] "GET / HTTP/1.1" 304 - "http://localhost:8000/users/profile/605c44a9833c593a30ab9dba" "Mozilla/5.0 (Windows NT 10.0; Win64; x64) AppleWebKit/537.36 (KHTML, like Gecko) Chrome/89.0.4389.114 Safari/537.36"
::1 - - [20/Apr/2021:18:47:33 +0000] "GET /css/header-5624c7deef.css HTTP/1.1" 404 164 "http://localhost:8000/" "Mozilla/5.0 (Windows NT 10.0; Win64; x64) AppleWebKit/537.36 (KHTML, like Gecko) Chrome/89.0.4389.114 Safari/537.36"
::1 - - [20/Apr/2021:18:47:33 +0000] "GET /css/layout-304cc70ae0.css HTTP/1.1" 404 164 "http://localhost:8000/" "Mozilla/5.0 (Windows NT 10.0; Win64; x64) AppleWebKit/537.36 (KHTML, like Gecko) Chrome/89.0.4389.114 Safari/537.36"
::1 - - [20/Apr/2021:18:47:33 +0000] "GET /css/home-d2c17da2d9.css HTTP/1.1" 404 162 "http://localhost:8000/" "Mozilla/5.0 (Windows NT 10.0; Win64; x64) AppleWebKit/537.36 (KHTML, like Gecko) Chrome/89.0.4389.114 Safari/537.36"
::1 - - [20/Apr/2021:18:47:33 +0000] "GET /css/footer-80b8801692.css HTTP/1.1" 404 164 "http://localhost:8000/" "Mozilla/5.0 (Windows NT 10.0; Win64; x64) AppleWebKit/537.36 (KHTML, like Gecko) Chrome/89.0.4389.114 Safari/537.36"
::1 - - [20/Apr/2021:18:47:33 +0000] "GET /css/chat_box-3aa9f1fb21.css HTTP/1.1" 404 166 "http://localhost:8000/" "Mozilla/5.0 (Windows NT 10.0; Win64; x64) AppleWebKit/537.36 (KHTML, like Gecko) Chrome/89.0.4389.114 Safari/537.36"
::1 - - [20/Apr/2021:18:47:33 +0000] "GET /js/toggle_likes-9176f9e069.js HTTP/1.1" 404 168 "http://localhost:8000/" "Mozilla/5.0 (Windows NT 10.0; Win64; x64) AppleWebKit/537.36 (KHTML, like Gecko) Chrome/89.0.4389.114 Safari/537.36"
::1 - - [20/Apr/2021:18:47:33 +0000] "GET /js/chat_engine-3e42b32d15.js HTTP/1.1" 404 167 "http://localhost:8000/" "Mozilla/5.0 (Windows NT 10.0; Win64; x64) AppleWebKit/537.36 (KHTML, like Gecko) Chrome/89.0.4389.114 Safari/537.36"
::1 - - [20/Apr/2021:18:47:33 +0000] "GET /js/home_posts-57b6098729.js HTTP/1.1" 404 166 "http://localhost:8000/" "Mozilla/5.0 (Windows NT 10.0; Win64; x64) AppleWebKit/537.36 (KHTML, like Gecko) Chrome/89.0.4389.114 Safari/537.36"
::1 - - [20/Apr/2021:18:47:33 +0000] "GET /js/home_comments-da8c44e185.js HTTP/1.1" 404 169 "http://localhost:8000/" "Mozilla/5.0 (Windows NT 10.0; Win64; x64) AppleWebKit/537.36 (KHTML, like Gecko) Chrome/89.0.4389.114 Safari/537.36"
::1 - - [20/Apr/2021:18:47:34 +0000] "GET /css/layout-304cc70ae0.css HTTP/1.1" 404 164 "http://localhost:8000/" "Mozilla/5.0 (Windows NT 10.0; Win64; x64) AppleWebKit/537.36 (KHTML, like Gecko) Chrome/89.0.4389.114 Safari/537.36"
::1 - - [20/Apr/2021:18:47:34 +0000] "GET /css/footer-80b8801692.css HTTP/1.1" 404 164 "http://localhost:8000/" "Mozilla/5.0 (Windows NT 10.0; Win64; x64) AppleWebKit/537.36 (KHTML, like Gecko) Chrome/89.0.4389.114 Safari/537.36"
::1 - - [20/Apr/2021:18:47:34 +0000] "GET /css/header-5624c7deef.css HTTP/1.1" 404 164 "http://localhost:8000/" "Mozilla/5.0 (Windows NT 10.0; Win64; x64) AppleWebKit/537.36 (KHTML, like Gecko) Chrome/89.0.4389.114 Safari/537.36"
::1 - - [20/Apr/2021:18:47:34 +0000] "GET /css/home-d2c17da2d9.css HTTP/1.1" 404 162 "http://localhost:8000/" "Mozilla/5.0 (Windows NT 10.0; Win64; x64) AppleWebKit/537.36 (KHTML, like Gecko) Chrome/89.0.4389.114 Safari/537.36"
::1 - - [20/Apr/2021:18:47:34 +0000] "GET /css/chat_box-3aa9f1fb21.css HTTP/1.1" 404 166 "http://localhost:8000/" "Mozilla/5.0 (Windows NT 10.0; Win64; x64) AppleWebKit/537.36 (KHTML, like Gecko) Chrome/89.0.4389.114 Safari/537.36"
::1 - - [20/Apr/2021:18:47:34 +0000] "GET /js/home_posts-57b6098729.js HTTP/1.1" 404 166 "http://localhost:8000/" "Mozilla/5.0 (Windows NT 10.0; Win64; x64) AppleWebKit/537.36 (KHTML, like Gecko) Chrome/89.0.4389.114 Safari/537.36"
::1 - - [20/Apr/2021:18:47:34 +0000] "GET /js/home_comments-da8c44e185.js HTTP/1.1" 404 169 "http://localhost:8000/" "Mozilla/5.0 (Windows NT 10.0; Win64; x64) AppleWebKit/537.36 (KHTML, like Gecko) Chrome/89.0.4389.114 Safari/537.36"
::1 - - [20/Apr/2021:18:47:34 +0000] "GET /js/toggle_likes-9176f9e069.js HTTP/1.1" 404 168 "http://localhost:8000/" "Mozilla/5.0 (Windows NT 10.0; Win64; x64) AppleWebKit/537.36 (KHTML, like Gecko) Chrome/89.0.4389.114 Safari/537.36"
::1 - - [20/Apr/2021:18:47:34 +0000] "GET /js/chat_engine-3e42b32d15.js HTTP/1.1" 404 167 "http://localhost:8000/" "Mozilla/5.0 (Windows NT 10.0; Win64; x64) AppleWebKit/537.36 (KHTML, like Gecko) Chrome/89.0.4389.114 Safari/537.36"
::1 - - [20/Apr/2021:18:47:44 +0000] "GET /css/layout-304cc70ae0.css HTTP/1.1" 404 164 "-" "Mozilla/5.0 (Windows NT 10.0; Win64; x64) AppleWebKit/537.36 (KHTML, like Gecko) Chrome/89.0.4389.114 Safari/537.36"
::1 - - [20/Apr/2021:18:48:37 +0000] "GET / HTTP/1.1" 200 13387 "http://localhost:8000/users/profile/605c44a9833c593a30ab9dba" "Mozilla/5.0 (Windows NT 10.0; Win64; x64) AppleWebKit/537.36 (KHTML, like Gecko) Chrome/89.0.4389.114 Safari/537.36"
::1 - - [20/Apr/2021:18:48:38 +0000] "GET /undefined HTTP/1.1" 404 148 "http://localhost:8000/" "Mozilla/5.0 (Windows NT 10.0; Win64; x64) AppleWebKit/537.36 (KHTML, like Gecko) Chrome/89.0.4389.114 Safari/537.36"
::1 - - [20/Apr/2021:18:48:38 +0000] "GET /js/home_comments-da8c44e185.js HTTP/1.1" 404 169 "http://localhost:8000/" "Mozilla/5.0 (Windows NT 10.0; Win64; x64) AppleWebKit/537.36 (KHTML, like Gecko) Chrome/89.0.4389.114 Safari/537.36"
::1 - - [20/Apr/2021:18:48:38 +0000] "GET /js/toggle_likes-9176f9e069.js HTTP/1.1" 404 168 "http://localhost:8000/" "Mozilla/5.0 (Windows NT 10.0; Win64; x64) AppleWebKit/537.36 (KHTML, like Gecko) Chrome/89.0.4389.114 Safari/537.36"
::1 - - [20/Apr/2021:18:48:38 +0000] "GET /css/header-5624c7deef.css HTTP/1.1" 404 164 "http://localhost:8000/" "Mozilla/5.0 (Windows NT 10.0; Win64; x64) AppleWebKit/537.36 (KHTML, like Gecko) Chrome/89.0.4389.114 Safari/537.36"
::1 - - [20/Apr/2021:18:48:38 +0000] "GET /css/footer-80b8801692.css HTTP/1.1" 404 164 "http://localhost:8000/" "Mozilla/5.0 (Windows NT 10.0; Win64; x64) AppleWebKit/537.36 (KHTML, like Gecko) Chrome/89.0.4389.114 Safari/537.36"
::1 - - [20/Apr/2021:18:48:38 +0000] "GET /css/home-d2c17da2d9.css HTTP/1.1" 404 162 "http://localhost:8000/" "Mozilla/5.0 (Windows NT 10.0; Win64; x64) AppleWebKit/537.36 (KHTML, like Gecko) Chrome/89.0.4389.114 Safari/537.36"
::1 - - [20/Apr/2021:18:48:38 +0000] "GET /css/chat_box-3aa9f1fb21.css HTTP/1.1" 404 166 "http://localhost:8000/" "Mozilla/5.0 (Windows NT 10.0; Win64; x64) AppleWebKit/537.36 (KHTML, like Gecko) Chrome/89.0.4389.114 Safari/537.36"
::1 - - [20/Apr/2021:18:48:38 +0000] "GET /js/chat_engine-3e42b32d15.js HTTP/1.1" 404 167 "http://localhost:8000/" "Mozilla/5.0 (Windows NT 10.0; Win64; x64) AppleWebKit/537.36 (KHTML, like Gecko) Chrome/89.0.4389.114 Safari/537.36"
::1 - - [20/Apr/2021:18:48:38 +0000] "GET /js/home_posts-57b6098729.js HTTP/1.1" 404 166 "http://localhost:8000/" "Mozilla/5.0 (Windows NT 10.0; Win64; x64) AppleWebKit/537.36 (KHTML, like Gecko) Chrome/89.0.4389.114 Safari/537.36"
::1 - - [20/Apr/2021:18:48:38 +0000] "GET /js/home_comments-da8c44e185.js HTTP/1.1" 404 169 "http://localhost:8000/" "Mozilla/5.0 (Windows NT 10.0; Win64; x64) AppleWebKit/537.36 (KHTML, like Gecko) Chrome/89.0.4389.114 Safari/537.36"
::1 - - [20/Apr/2021:18:48:38 +0000] "GET /js/toggle_likes-9176f9e069.js HTTP/1.1" 404 168 "http://localhost:8000/" "Mozilla/5.0 (Windows NT 10.0; Win64; x64) AppleWebKit/537.36 (KHTML, like Gecko) Chrome/89.0.4389.114 Safari/537.36"
::1 - - [20/Apr/2021:18:48:38 +0000] "GET /js/chat_engine-3e42b32d15.js HTTP/1.1" 404 167 "http://localhost:8000/" "Mozilla/5.0 (Windows NT 10.0; Win64; x64) AppleWebKit/537.36 (KHTML, like Gecko) Chrome/89.0.4389.114 Safari/537.36"
::1 - - [20/Apr/2021:18:51:02 +0000] "GET / HTTP/1.1" 200 13403 "http://localhost:8000/users/profile/605c44a9833c593a30ab9dba" "Mozilla/5.0 (Windows NT 10.0; Win64; x64) AppleWebKit/537.36 (KHTML, like Gecko) Chrome/89.0.4389.114 Safari/537.36"
::1 - - [20/Apr/2021:18:51:02 +0000] "GET /css/layout-304cc70ae0.css HTTP/1.1" 404 164 "http://localhost:8000/" "Mozilla/5.0 (Windows NT 10.0; Win64; x64) AppleWebKit/537.36 (KHTML, like Gecko) Chrome/89.0.4389.114 Safari/537.36"
::1 - - [20/Apr/2021:18:52:45 +0000] "GET / HTTP/1.1" 200 13403 "http://localhost:8000/users/profile/605c44a9833c593a30ab9dba" "Mozilla/5.0 (Windows NT 10.0; Win64; x64) AppleWebKit/537.36 (KHTML, like Gecko) Chrome/89.0.4389.114 Safari/537.36"
::1 - - [20/Apr/2021:18:53:08 +0000] "GET /users/sign-in HTTP/1.1" 200 3085 "http://localhost:8000/" "Mozilla/5.0 (Windows NT 10.0; Win64; x64) AppleWebKit/537.36 (KHTML, like Gecko) Chrome/89.0.4389.114 Safari/537.36"
::1 - - [20/Apr/2021:18:53:11 +0000] "GET /users/auth/google HTTP/1.1" 302 0 "http://localhost:8000/users/sign-in" "Mozilla/5.0 (Windows NT 10.0; Win64; x64) AppleWebKit/537.36 (KHTML, like Gecko) Chrome/89.0.4389.114 Safari/537.36"
::1 - - [20/Apr/2021:18:55:09 +0000] "GET /users/auth/google HTTP/1.1" 302 0 "http://localhost:8000/users/sign-in" "Mozilla/5.0 (Windows NT 10.0; Win64; x64) AppleWebKit/537.36 (KHTML, like Gecko) Chrome/89.0.4389.114 Safari/537.36"
::1 - - [20/Apr/2021:18:58:38 +0000] "GET /users/auth/google HTTP/1.1" 302 0 "http://localhost:8000/users/sign-in" "Mozilla/5.0 (Windows NT 10.0; Win64; x64) AppleWebKit/537.36 (KHTML, like Gecko) Chrome/89.0.4389.114 Safari/537.36"
::1 - - [20/Apr/2021:18:58:43 +0000] "GET /users/auth/google/callback?code=4%2F0AY0e-g4ZSaoJUquZbv47jXq_Hn6NrShz-gbIBnv_wNKI2lyTGyOFcmpk7FxlgbZV4xY4zA&scope=email+profile+https%3A%2F%2Fwww.googleapis.com%2Fauth%2Fuserinfo.profile+https%3A%2F%2Fwww.googleapis.com%2Fauth%2Fuserinfo.email+openid&authuser=0&prompt=consent HTTP/1.1" 302 46 "-" "Mozilla/5.0 (Windows NT 10.0; Win64; x64) AppleWebKit/537.36 (KHTML, like Gecko) Chrome/89.0.4389.114 Safari/537.36"
::1 - - [20/Apr/2021:18:58:43 +0000] "GET / HTTP/1.1" 200 23361 "-" "Mozilla/5.0 (Windows NT 10.0; Win64; x64) AppleWebKit/537.36 (KHTML, like Gecko) Chrome/89.0.4389.114 Safari/537.36"
::1 - - [20/Apr/2021:19:08:36 +0000] "GET /users/sign-out HTTP/1.1" 302 46 "http://localhost:8000/" "Mozilla/5.0 (Windows NT 10.0; Win64; x64) AppleWebKit/537.36 (KHTML, like Gecko) Chrome/89.0.4389.114 Safari/537.36"
::1 - - [20/Apr/2021:19:08:36 +0000] "GET / HTTP/1.1" 200 14183 "http://localhost:8000/" "Mozilla/5.0 (Windows NT 10.0; Win64; x64) AppleWebKit/537.36 (KHTML, like Gecko) Chrome/89.0.4389.114 Safari/537.36"
::1 - - [20/Apr/2021:19:08:44 +0000] "GET /users/sign-in HTTP/1.1" 304 - "http://localhost:8000/" "Mozilla/5.0 (Windows NT 10.0; Win64; x64) AppleWebKit/537.36 (KHTML, like Gecko) Chrome/89.0.4389.114 Safari/537.36"
::1 - - [20/Apr/2021:19:08:46 +0000] "GET /users/auth/google HTTP/1.1" 302 0 "http://localhost:8000/users/sign-in" "Mozilla/5.0 (Windows NT 10.0; Win64; x64) AppleWebKit/537.36 (KHTML, like Gecko) Chrome/89.0.4389.114 Safari/537.36"
::1 - - [20/Apr/2021:19:08:51 +0000] "GET /users/auth/google/callback?code=4%2F0AY0e-g6qxyFYOaBA98McZcTo9vRLJ1SyNK2JQ-nFV-mvQGOfZX9u7x34iezWh-o29EKEzQ&scope=email+profile+https%3A%2F%2Fwww.googleapis.com%2Fauth%2Fuserinfo.profile+https%3A%2F%2Fwww.googleapis.com%2Fauth%2Fuserinfo.email+openid&authuser=2&prompt=consent HTTP/1.1" 302 46 "-" "Mozilla/5.0 (Windows NT 10.0; Win64; x64) AppleWebKit/537.36 (KHTML, like Gecko) Chrome/89.0.4389.114 Safari/537.36"
::1 - - [20/Apr/2021:19:08:51 +0000] "GET / HTTP/1.1" 200 21935 "-" "Mozilla/5.0 (Windows NT 10.0; Win64; x64) AppleWebKit/537.36 (KHTML, like Gecko) Chrome/89.0.4389.114 Safari/537.36"
::1 - - [20/Apr/2021:19:08:57 +0000] "POST /likes/toggle/?id=607c2dfb57de360af02e587a&type=post HTTP/1.1" 200 57 "http://localhost:8000/" "Mozilla/5.0 (Windows NT 10.0; Win64; x64) AppleWebKit/537.36 (KHTML, like Gecko) Chrome/89.0.4389.114 Safari/537.36"
::1 - - [20/Apr/2021:19:08:59 +0000] "POST /likes/toggle/?id=607c2dfb57de360af02e587a&type=post HTTP/1.1" 200 56 "http://localhost:8000/" "Mozilla/5.0 (Windows NT 10.0; Win64; x64) AppleWebKit/537.36 (KHTML, like Gecko) Chrome/89.0.4389.114 Safari/537.36"
::1 - - [20/Apr/2021:19:09:00 +0000] "POST /likes/toggle/?id=606d574171881b3508b5c4c1&type=post HTTP/1.1" 200 57 "http://localhost:8000/" "Mozilla/5.0 (Windows NT 10.0; Win64; x64) AppleWebKit/537.36 (KHTML, like Gecko) Chrome/89.0.4389.114 Safari/537.36"
::1 - - [20/Apr/2021:19:09:01 +0000] "POST /likes/toggle/?id=606d574171881b3508b5c4c1&type=post HTTP/1.1" 200 56 "http://localhost:8000/" "Mozilla/5.0 (Windows NT 10.0; Win64; x64) AppleWebKit/537.36 (KHTML, like Gecko) Chrome/89.0.4389.114 Safari/537.36"
::1 - - [20/Apr/2021:19:09:03 +0000] "POST /likes/toggle/?id=606d574171881b3508b5c4c1&type=post HTTP/1.1" 200 57 "http://localhost:8000/" "Mozilla/5.0 (Windows NT 10.0; Win64; x64) AppleWebKit/537.36 (KHTML, like Gecko) Chrome/89.0.4389.114 Safari/537.36"
::1 - - [20/Apr/2021:19:09:03 +0000] "POST /likes/toggle/?id=606d574171881b3508b5c4c1&type=post HTTP/1.1" 200 56 "http://localhost:8000/" "Mozilla/5.0 (Windows NT 10.0; Win64; x64) AppleWebKit/537.36 (KHTML, like Gecko) Chrome/89.0.4389.114 Safari/537.36"
::1 - - [20/Apr/2021:19:09:05 +0000] "POST /likes/toggle/?id=606d586cc226e120cc5ea36c&type=comment HTTP/1.1" 200 57 "http://localhost:8000/" "Mozilla/5.0 (Windows NT 10.0; Win64; x64) AppleWebKit/537.36 (KHTML, like Gecko) Chrome/89.0.4389.114 Safari/537.36"
::1 - - [20/Apr/2021:19:09:06 +0000] "POST /likes/toggle/?id=606d586cc226e120cc5ea36c&type=comment HTTP/1.1" 200 56 "http://localhost:8000/" "Mozilla/5.0 (Windows NT 10.0; Win64; x64) AppleWebKit/537.36 (KHTML, like Gecko) Chrome/89.0.4389.114 Safari/537.36"
::1 - - [20/Apr/2021:19:09:13 +0000] "POST /comment/create HTTP/1.1" 302 46 "http://localhost:8000/" "Mozilla/5.0 (Windows NT 10.0; Win64; x64) AppleWebKit/537.36 (KHTML, like Gecko) Chrome/89.0.4389.114 Safari/537.36"
::1 - - [20/Apr/2021:19:09:14 +0000] "GET / HTTP/1.1" 200 22686 "http://localhost:8000/" "Mozilla/5.0 (Windows NT 10.0; Win64; x64) AppleWebKit/537.36 (KHTML, like Gecko) Chrome/89.0.4389.114 Safari/537.36"
::1 - - [20/Apr/2021:19:09:16 +0000] "POST /likes/toggle/?id=607f26d9f20a57298436ea5c&type=comment HTTP/1.1" 200 57 "http://localhost:8000/" "Mozilla/5.0 (Windows NT 10.0; Win64; x64) AppleWebKit/537.36 (KHTML, like Gecko) Chrome/89.0.4389.114 Safari/537.36"
::1 - - [20/Apr/2021:19:09:17 +0000] "POST /likes/toggle/?id=607f26d9f20a57298436ea5c&type=comment HTTP/1.1" 200 56 "http://localhost:8000/" "Mozilla/5.0 (Windows NT 10.0; Win64; x64) AppleWebKit/537.36 (KHTML, like Gecko) Chrome/89.0.4389.114 Safari/537.36"
::1 - - [20/Apr/2021:19:09:18 +0000] "POST /likes/toggle/?id=607f26d9f20a57298436ea5c&type=comment HTTP/1.1" 200 57 "http://localhost:8000/" "Mozilla/5.0 (Windows NT 10.0; Win64; x64) AppleWebKit/537.36 (KHTML, like Gecko) Chrome/89.0.4389.114 Safari/537.36"
::1 - - [20/Apr/2021:19:09:19 +0000] "POST /likes/toggle/?id=607f26d9f20a57298436ea5c&type=comment HTTP/1.1" 200 56 "http://localhost:8000/" "Mozilla/5.0 (Windows NT 10.0; Win64; x64) AppleWebKit/537.36 (KHTML, like Gecko) Chrome/89.0.4389.114 Safari/537.36"
::1 - - [20/Apr/2021:19:09:26 +0000] "POST /posts/create HTTP/1.1" 200 268 "http://localhost:8000/" "Mozilla/5.0 (Windows NT 10.0; Win64; x64) AppleWebKit/537.36 (KHTML, like Gecko) Chrome/89.0.4389.114 Safari/537.36"
::1 - - [20/Apr/2021:19:09:27 +0000] "GET /likes/toggle/?id=607f26e6f20a57298436ea63&type=post HTTP/1.1" 404 152 "http://localhost:8000/" "Mozilla/5.0 (Windows NT 10.0; Win64; x64) AppleWebKit/537.36 (KHTML, like Gecko) Chrome/89.0.4389.114 Safari/537.36"
::1 - - [20/Apr/2021:19:09:35 +0000] "GET / HTTP/1.1" 200 24137 "http://localhost:8000/" "Mozilla/5.0 (Windows NT 10.0; Win64; x64) AppleWebKit/537.36 (KHTML, like Gecko) Chrome/89.0.4389.114 Safari/537.36"
::1 - - [20/Apr/2021:19:10:20 +0000] "POST /likes/toggle/?id=607f26e6f20a57298436ea63&type=post HTTP/1.1" 200 57 "http://localhost:8000/" "Mozilla/5.0 (Windows NT 10.0; Win64; x64) AppleWebKit/537.36 (KHTML, like Gecko) Chrome/89.0.4389.114 Safari/537.36"
::1 - - [20/Apr/2021:19:10:26 +0000] "POST /posts/create HTTP/1.1" 200 262 "http://localhost:8000/" "Mozilla/5.0 (Windows NT 10.0; Win64; x64) AppleWebKit/537.36 (KHTML, like Gecko) Chrome/89.0.4389.114 Safari/537.36"
::1 - - [20/Apr/2021:19:10:28 +0000] "GET /likes/toggle/?id=607f2722f20a57298436ea66&type=post HTTP/1.1" 404 152 "http://localhost:8000/" "Mozilla/5.0 (Windows NT 10.0; Win64; x64) AppleWebKit/537.36 (KHTML, like Gecko) Chrome/89.0.4389.114 Safari/537.36"
::1 - - [20/Apr/2021:19:11:06 +0000] "POST /comment/create HTTP/1.1" 302 46 "http://localhost:8000/" "Mozilla/5.0 (Windows NT 10.0; Win64; x64) AppleWebKit/537.36 (KHTML, like Gecko) Chrome/89.0.4389.114 Safari/537.36"
::1 - - [20/Apr/2021:19:11:06 +0000] "GET / HTTP/1.1" 200 27895 "http://localhost:8000/" "Mozilla/5.0 (Windows NT 10.0; Win64; x64) AppleWebKit/537.36 (KHTML, like Gecko) Chrome/89.0.4389.114 Safari/537.36"
::1 - - [20/Apr/2021:19:11:09 +0000] "POST /likes/toggle/?id=607f274af20a57298436ea67&type=comment HTTP/1.1" 200 57 "http://localhost:8000/" "Mozilla/5.0 (Windows NT 10.0; Win64; x64) AppleWebKit/537.36 (KHTML, like Gecko) Chrome/89.0.4389.114 Safari/537.36"
::1 - - [20/Apr/2021:19:11:10 +0000] "POST /likes/toggle/?id=607f274af20a57298436ea67&type=comment HTTP/1.1" 200 56 "http://localhost:8000/" "Mozilla/5.0 (Windows NT 10.0; Win64; x64) AppleWebKit/537.36 (KHTML, like Gecko) Chrome/89.0.4389.114 Safari/537.36"
::1 - - [20/Apr/2021:19:11:10 +0000] "POST /likes/toggle/?id=607f274af20a57298436ea67&type=comment HTTP/1.1" 200 57 "http://localhost:8000/" "Mozilla/5.0 (Windows NT 10.0; Win64; x64) AppleWebKit/537.36 (KHTML, like Gecko) Chrome/89.0.4389.114 Safari/537.36"
::1 - - [20/Apr/2021:19:11:11 +0000] "POST /likes/toggle/?id=607f274af20a57298436ea67&type=comment HTTP/1.1" 200 56 "http://localhost:8000/" "Mozilla/5.0 (Windows NT 10.0; Win64; x64) AppleWebKit/537.36 (KHTML, like Gecko) Chrome/89.0.4389.114 Safari/537.36"
::1 - - [20/Apr/2021:19:11:11 +0000] "POST /likes/toggle/?id=607f274af20a57298436ea67&type=comment HTTP/1.1" 200 57 "http://localhost:8000/" "Mozilla/5.0 (Windows NT 10.0; Win64; x64) AppleWebKit/537.36 (KHTML, like Gecko) Chrome/89.0.4389.114 Safari/537.36"
::1 - - [20/Apr/2021:19:11:12 +0000] "POST /likes/toggle/?id=607f274af20a57298436ea67&type=comment HTTP/1.1" 200 56 "http://localhost:8000/" "Mozilla/5.0 (Windows NT 10.0; Win64; x64) AppleWebKit/537.36 (KHTML, like Gecko) Chrome/89.0.4389.114 Safari/537.36"
::1 - - [20/Apr/2021:19:11:15 +0000] "GET /posts/destroy/607f26e6f20a57298436ea63 HTTP/1.1" 302 88 "http://localhost:8000/" "Mozilla/5.0 (Windows NT 10.0; Win64; x64) AppleWebKit/537.36 (KHTML, like Gecko) Chrome/89.0.4389.114 Safari/537.36"
::1 - - [20/Apr/2021:19:11:15 +0000] "GET / HTTP/1.1" 200 24945 "http://localhost:8000/" "Mozilla/5.0 (Windows NT 10.0; Win64; x64) AppleWebKit/537.36 (KHTML, like Gecko) Chrome/89.0.4389.114 Safari/537.36"
::1 - - [20/Apr/2021:19:12:01 +0000] "GET /users/profile/607c201fb8c87b0acc1fd4b8 HTTP/1.1" 200 4798 "http://localhost:8000/" "Mozilla/5.0 (Windows NT 10.0; Win64; x64) AppleWebKit/537.36 (KHTML, like Gecko) Chrome/89.0.4389.114 Safari/537.36"
::1 - - [20/Apr/2021:19:12:01 +0000] "GET /undefined HTTP/1.1" 404 148 "http://localhost:8000/users/profile/607c201fb8c87b0acc1fd4b8" "Mozilla/5.0 (Windows NT 10.0; Win64; x64) AppleWebKit/537.36 (KHTML, like Gecko) Chrome/89.0.4389.114 Safari/537.36"
::1 - - [20/Apr/2021:19:12:07 +0000] "GET /users/profile/605c44a9833c593a30ab9dba HTTP/1.1" 200 3759 "http://localhost:8000/" "Mozilla/5.0 (Windows NT 10.0; Win64; x64) AppleWebKit/537.36 (KHTML, like Gecko) Chrome/89.0.4389.114 Safari/537.36"
::1 - - [20/Apr/2021:19:12:07 +0000] "GET /undefined HTTP/1.1" 404 148 "http://localhost:8000/users/profile/605c44a9833c593a30ab9dba" "Mozilla/5.0 (Windows NT 10.0; Win64; x64) AppleWebKit/537.36 (KHTML, like Gecko) Chrome/89.0.4389.114 Safari/537.36"
::1 - - [20/Apr/2021:19:12:14 +0000] "GET / HTTP/1.1" 200 24131 "http://localhost:8000/" "Mozilla/5.0 (Windows NT 10.0; Win64; x64) AppleWebKit/537.36 (KHTML, like Gecko) Chrome/89.0.4389.114 Safari/537.36"
::1 - - [20/Apr/2021:19:12:17 +0000] "GET /users/profile/607c201fb8c87b0acc1fd4b8 HTTP/1.1" 304 - "http://localhost:8000/" "Mozilla/5.0 (Windows NT 10.0; Win64; x64) AppleWebKit/537.36 (KHTML, like Gecko) Chrome/89.0.4389.114 Safari/537.36"
::1 - - [20/Apr/2021:19:12:17 +0000] "GET /undefined HTTP/1.1" 404 148 "http://localhost:8000/users/profile/607c201fb8c87b0acc1fd4b8" "Mozilla/5.0 (Windows NT 10.0; Win64; x64) AppleWebKit/537.36 (KHTML, like Gecko) Chrome/89.0.4389.114 Safari/537.36"
::1 - - [20/Apr/2021:19:12:19 +0000] "GET / HTTP/1.1" 304 - "http://localhost:8000/users/profile/607c201fb8c87b0acc1fd4b8" "Mozilla/5.0 (Windows NT 10.0; Win64; x64) AppleWebKit/537.36 (KHTML, like Gecko) Chrome/89.0.4389.114 Safari/537.36"
::1 - - [20/Apr/2021:19:12:22 +0000] "GET /users/profile/607c201fb8c87b0acc1fd4b8 HTTP/1.1" 304 - "http://localhost:8000/" "Mozilla/5.0 (Windows NT 10.0; Win64; x64) AppleWebKit/537.36 (KHTML, like Gecko) Chrome/89.0.4389.114 Safari/537.36"
::1 - - [20/Apr/2021:19:12:22 +0000] "GET /undefined HTTP/1.1" 404 148 "http://localhost:8000/users/profile/607c201fb8c87b0acc1fd4b8" "Mozilla/5.0 (Windows NT 10.0; Win64; x64) AppleWebKit/537.36 (KHTML, like Gecko) Chrome/89.0.4389.114 Safari/537.36"
::1 - - [20/Apr/2021:19:12:24 +0000] "GET / HTTP/1.1" 304 - "http://localhost:8000/users/profile/607c201fb8c87b0acc1fd4b8" "Mozilla/5.0 (Windows NT 10.0; Win64; x64) AppleWebKit/537.36 (KHTML, like Gecko) Chrome/89.0.4389.114 Safari/537.36"
::1 - - [20/Apr/2021:19:12:26 +0000] "POST /likes/toggle/?id=606c4f1b39a73205885941b6&type=comment HTTP/1.1" 200 57 "http://localhost:8000/" "Mozilla/5.0 (Windows NT 10.0; Win64; x64) AppleWebKit/537.36 (KHTML, like Gecko) Chrome/89.0.4389.114 Safari/537.36"
::1 - - [20/Apr/2021:19:12:27 +0000] "POST /likes/toggle/?id=606c4f1b39a73205885941b6&type=comment HTTP/1.1" 200 56 "http://localhost:8000/" "Mozilla/5.0 (Windows NT 10.0; Win64; x64) AppleWebKit/537.36 (KHTML, like Gecko) Chrome/89.0.4389.114 Safari/537.36"
::1 - - [20/Apr/2021:19:12:29 +0000] "POST /likes/toggle/?id=605d5017e6006e35107772ef&type=post HTTP/1.1" 200 57 "http://localhost:8000/" "Mozilla/5.0 (Windows NT 10.0; Win64; x64) AppleWebKit/537.36 (KHTML, like Gecko) Chrome/89.0.4389.114 Safari/537.36"
::1 - - [20/Apr/2021:19:12:30 +0000] "POST /likes/toggle/?id=605d5017e6006e35107772ef&type=post HTTP/1.1" 200 56 "http://localhost:8000/" "Mozilla/5.0 (Windows NT 10.0; Win64; x64) AppleWebKit/537.36 (KHTML, like Gecko) Chrome/89.0.4389.114 Safari/537.36"
::1 - - [21/Apr/2021:11:58:53 +0000] "GET / HTTP/1.1" 200 14983 "http://localhost:8000/users/profile/607c201fb8c87b0acc1fd4b8" "Mozilla/5.0 (Windows NT 10.0; Win64; x64) AppleWebKit/537.36 (KHTML, like Gecko) Chrome/89.0.4389.114 Safari/537.36"
::1 - - [21/Apr/2021:12:00:11 +0000] "GET /users/sign-in HTTP/1.1" 304 - "http://localhost:8000/" "Mozilla/5.0 (Windows NT 10.0; Win64; x64) AppleWebKit/537.36 (KHTML, like Gecko) Chrome/89.0.4389.114 Safari/537.36"
::1 - - [21/Apr/2021:12:00:14 +0000] "GET /users/auth/google HTTP/1.1" 302 0 "http://localhost:8000/users/sign-in" "Mozilla/5.0 (Windows NT 10.0; Win64; x64) AppleWebKit/537.36 (KHTML, like Gecko) Chrome/89.0.4389.114 Safari/537.36"
::1 - - [21/Apr/2021:12:00:28 +0000] "GET /users/auth/google/callback?code=4%2F0AY0e-g52W3zVUexSlLu8aYzg-UxnrHDvmnrTPMPa6LjoagI8Ske-ebeB8KAIWaoTYl8ecg&scope=email+profile+https%3A%2F%2Fwww.googleapis.com%2Fauth%2Fuserinfo.profile+https%3A%2F%2Fwww.googleapis.com%2Fauth%2Fuserinfo.email+openid&authuser=0&prompt=consent HTTP/1.1" 302 46 "-" "Mozilla/5.0 (Windows NT 10.0; Win64; x64) AppleWebKit/537.36 (KHTML, like Gecko) Chrome/89.0.4389.114 Safari/537.36"
::1 - - [21/Apr/2021:12:00:28 +0000] "GET / HTTP/1.1" 200 25867 "-" "Mozilla/5.0 (Windows NT 10.0; Win64; x64) AppleWebKit/537.36 (KHTML, like Gecko) Chrome/89.0.4389.114 Safari/537.36"
::1 - - [21/Apr/2021:12:01:10 +0000] "POST /posts/create HTTP/1.1" 200 264 "http://localhost:8000/" "Mozilla/5.0 (Windows NT 10.0; Win64; x64) AppleWebKit/537.36 (KHTML, like Gecko) Chrome/89.0.4389.114 Safari/537.36"
::1 - - [21/Apr/2021:12:01:12 +0000] "GET /likes/toggle/?id=60801406f20a57298436ea78&type=post HTTP/1.1" 404 152 "http://localhost:8000/" "Mozilla/5.0 (Windows NT 10.0; Win64; x64) AppleWebKit/537.36 (KHTML, like Gecko) Chrome/89.0.4389.114 Safari/537.36"
::1 - - [21/Apr/2021:12:01:22 +0000] "GET / HTTP/1.1" 200 27308 "http://localhost:8000/likes/toggle/?id=60801406f20a57298436ea78&type=post" "Mozilla/5.0 (Windows NT 10.0; Win64; x64) AppleWebKit/537.36 (KHTML, like Gecko) Chrome/89.0.4389.114 Safari/537.36"
::1 - - [21/Apr/2021:12:01:24 +0000] "POST /likes/toggle/?id=60801406f20a57298436ea78&type=post HTTP/1.1" 200 57 "http://localhost:8000/" "Mozilla/5.0 (Windows NT 10.0; Win64; x64) AppleWebKit/537.36 (KHTML, like Gecko) Chrome/89.0.4389.114 Safari/537.36"
::1 - - [21/Apr/2021:12:01:25 +0000] "POST /likes/toggle/?id=60801406f20a57298436ea78&type=post HTTP/1.1" 200 56 "http://localhost:8000/" "Mozilla/5.0 (Windows NT 10.0; Win64; x64) AppleWebKit/537.36 (KHTML, like Gecko) Chrome/89.0.4389.114 Safari/537.36"
::1 - - [21/Apr/2021:12:01:26 +0000] "POST /likes/toggle/?id=60801406f20a57298436ea78&type=post HTTP/1.1" 200 57 "http://localhost:8000/" "Mozilla/5.0 (Windows NT 10.0; Win64; x64) AppleWebKit/537.36 (KHTML, like Gecko) Chrome/89.0.4389.114 Safari/537.36"
::1 - - [21/Apr/2021:12:01:27 +0000] "GET /posts/destroy/60801406f20a57298436ea78 HTTP/1.1" 200 72 "http://localhost:8000/" "Mozilla/5.0 (Windows NT 10.0; Win64; x64) AppleWebKit/537.36 (KHTML, like Gecko) Chrome/89.0.4389.114 Safari/537.36"
::1 - - [21/Apr/2021:12:04:40 +0000] "POST /posts/create HTTP/1.1" 200 263 "http://localhost:8000/" "Mozilla/5.0 (Windows NT 10.0; Win64; x64) AppleWebKit/537.36 (KHTML, like Gecko) Chrome/89.0.4389.114 Safari/537.36"
::1 - - [21/Apr/2021:12:04:43 +0000] "GET /likes/toggle/?id=608014d8f20a57298436ea7e&type=post HTTP/1.1" 404 152 "http://localhost:8000/" "Mozilla/5.0 (Windows NT 10.0; Win64; x64) AppleWebKit/537.36 (KHTML, like Gecko) Chrome/89.0.4389.114 Safari/537.36"
::1 - - [21/Apr/2021:12:15:58 +0000] "POST /posts/create HTTP/1.1" 200 263 "http://localhost:8000/" "Mozilla/5.0 (Windows NT 10.0; Win64; x64) AppleWebKit/537.36 (KHTML, like Gecko) Chrome/89.0.4389.114 Safari/537.36"
::1 - - [21/Apr/2021:12:16:00 +0000] "GET / HTTP/1.1" 200 29529 "http://localhost:8000/likes/toggle/?id=60801406f20a57298436ea78&type=post" "Mozilla/5.0 (Windows NT 10.0; Win64; x64) AppleWebKit/537.36 (KHTML, like Gecko) Chrome/89.0.4389.114 Safari/537.36"
::1 - - [21/Apr/2021:12:16:07 +0000] "POST /posts/create HTTP/1.1" 200 265 "http://localhost:8000/" "Mozilla/5.0 (Windows NT 10.0; Win64; x64) AppleWebKit/537.36 (KHTML, like Gecko) Chrome/89.0.4389.114 Safari/537.36"
::1 - - [21/Apr/2021:12:16:10 +0000] "GET /likes/toggle/?id=6080178791b9ab22fc47ccdb&type=post HTTP/1.1" 404 152 "http://localhost:8000/" "Mozilla/5.0 (Windows NT 10.0; Win64; x64) AppleWebKit/537.36 (KHTML, like Gecko) Chrome/89.0.4389.114 Safari/537.36"
::1 - - [21/Apr/2021:13:54:35 +0000] "POST /posts/create HTTP/1.1" 200 263 "http://localhost:8000/" "Mozilla/5.0 (Windows NT 10.0; Win64; x64) AppleWebKit/537.36 (KHTML, like Gecko) Chrome/89.0.4389.114 Safari/537.36"
::1 - - [21/Apr/2021:13:54:37 +0000] "GET /likes/toggle/?id=60802e9b5fe2de2c38846ee3&type=post HTTP/1.1" 404 152 "http://localhost:8000/" "Mozilla/5.0 (Windows NT 10.0; Win64; x64) AppleWebKit/537.36 (KHTML, like Gecko) Chrome/89.0.4389.114 Safari/537.36"
::1 - - [21/Apr/2021:13:55:16 +0000] "POST /posts/create HTTP/1.1" 200 263 "http://localhost:8000/" "Mozilla/5.0 (Windows NT 10.0; Win64; x64) AppleWebKit/537.36 (KHTML, like Gecko) Chrome/89.0.4389.114 Safari/537.36"
::1 - - [21/Apr/2021:13:58:50 +0000] "GET / HTTP/1.1" 200 36208 "http://localhost:8000/likes/toggle/?id=60801406f20a57298436ea78&type=post" "Mozilla/5.0 (Windows NT 10.0; Win64; x64) AppleWebKit/537.36 (KHTML, like Gecko) Chrome/89.0.4389.114 Safari/537.36"
::1 - - [21/Apr/2021:13:58:57 +0000] "POST /posts/create HTTP/1.1" 200 265 "http://localhost:8000/" "Mozilla/5.0 (Windows NT 10.0; Win64; x64) AppleWebKit/537.36 (KHTML, like Gecko) Chrome/89.0.4389.114 Safari/537.36"
::1 - - [21/Apr/2021:14:03:06 +0000] "GET / HTTP/1.1" - - "http://localhost:8000/likes/toggle/?id=60801406f20a57298436ea78&type=post" "Mozilla/5.0 (Windows NT 10.0; Win64; x64) AppleWebKit/537.36 (KHTML, like Gecko) Chrome/89.0.4389.114 Safari/537.36"
::1 - - [21/Apr/2021:14:03:06 +0000] "GET / HTTP/1.1" 200 38432 "http://localhost:8000/likes/toggle/?id=60801406f20a57298436ea78&type=post" "Mozilla/5.0 (Windows NT 10.0; Win64; x64) AppleWebKit/537.36 (KHTML, like Gecko) Chrome/89.0.4389.114 Safari/537.36"
::1 - - [21/Apr/2021:14:03:16 +0000] "POST /posts/create HTTP/1.1" 200 265 "http://localhost:8000/" "Mozilla/5.0 (Windows NT 10.0; Win64; x64) AppleWebKit/537.36 (KHTML, like Gecko) Chrome/89.0.4389.114 Safari/537.36"
::1 - - [21/Apr/2021:14:08:22 +0000] "GET / HTTP/1.1" - - "-" "Mozilla/5.0 (Windows NT 10.0; Win64; x64) AppleWebKit/537.36 (KHTML, like Gecko) Chrome/89.0.4389.114 Safari/537.36"
::1 - - [21/Apr/2021:14:11:03 +0000] "GET / HTTP/1.1" - - "-" "Mozilla/5.0 (Windows NT 10.0; Win64; x64) AppleWebKit/537.36 (KHTML, like Gecko) Chrome/89.0.4389.114 Safari/537.36"
::1 - - [21/Apr/2021:14:11:46 +0000] "GET / HTTP/1.1" - - "-" "Mozilla/5.0 (Windows NT 10.0; Win64; x64) AppleWebKit/537.36 (KHTML, like Gecko) Chrome/89.0.4389.114 Safari/537.36"
::1 - - [21/Apr/2021:14:15:47 +0000] "GET / HTTP/1.1" 200 40656 "-" "Mozilla/5.0 (Windows NT 10.0; Win64; x64) AppleWebKit/537.36 (KHTML, like Gecko) Chrome/89.0.4389.114 Safari/537.36"
::1 - - [21/Apr/2021:14:15:48 +0000] "GET /css/layout-a66647a8a4.css HTTP/1.1" 404 164 "http://localhost:8000/" "Mozilla/5.0 (Windows NT 10.0; Win64; x64) AppleWebKit/537.36 (KHTML, like Gecko) Chrome/89.0.4389.114 Safari/537.36"
::1 - - [21/Apr/2021:14:15:48 +0000] "GET /css/home-d2c17da2d9.css HTTP/1.1" 404 162 "http://localhost:8000/" "Mozilla/5.0 (Windows NT 10.0; Win64; x64) AppleWebKit/537.36 (KHTML, like Gecko) Chrome/89.0.4389.114 Safari/537.36"
::1 - - [21/Apr/2021:14:15:48 +0000] "GET /css/chat_box-3aa9f1fb21.css HTTP/1.1" 404 166 "http://localhost:8000/" "Mozilla/5.0 (Windows NT 10.0; Win64; x64) AppleWebKit/537.36 (KHTML, like Gecko) Chrome/89.0.4389.114 Safari/537.36"
::1 - - [21/Apr/2021:14:15:48 +0000] "GET /css/footer-80b8801692.css HTTP/1.1" 404 164 "http://localhost:8000/" "Mozilla/5.0 (Windows NT 10.0; Win64; x64) AppleWebKit/537.36 (KHTML, like Gecko) Chrome/89.0.4389.114 Safari/537.36"
::1 - - [21/Apr/2021:14:15:48 +0000] "GET /css/header-5624c7deef.css HTTP/1.1" 404 164 "http://localhost:8000/" "Mozilla/5.0 (Windows NT 10.0; Win64; x64) AppleWebKit/537.36 (KHTML, like Gecko) Chrome/89.0.4389.114 Safari/537.36"
::1 - - [21/Apr/2021:14:15:48 +0000] "GET /js/home_comments-da8c44e185.js HTTP/1.1" 404 169 "http://localhost:8000/" "Mozilla/5.0 (Windows NT 10.0; Win64; x64) AppleWebKit/537.36 (KHTML, like Gecko) Chrome/89.0.4389.114 Safari/537.36"
::1 - - [21/Apr/2021:14:15:48 +0000] "GET /js/home_posts-57b6098729.js HTTP/1.1" 404 166 "http://localhost:8000/" "Mozilla/5.0 (Windows NT 10.0; Win64; x64) AppleWebKit/537.36 (KHTML, like Gecko) Chrome/89.0.4389.114 Safari/537.36"
::1 - - [21/Apr/2021:14:15:48 +0000] "GET /js/toggle_likes-9176f9e069.js HTTP/1.1" 404 168 "http://localhost:8000/" "Mozilla/5.0 (Windows NT 10.0; Win64; x64) AppleWebKit/537.36 (KHTML, like Gecko) Chrome/89.0.4389.114 Safari/537.36"
::1 - - [21/Apr/2021:14:15:48 +0000] "GET /js/chat_engine-3e42b32d15.js HTTP/1.1" 404 167 "http://localhost:8000/" "Mozilla/5.0 (Windows NT 10.0; Win64; x64) AppleWebKit/537.36 (KHTML, like Gecko) Chrome/89.0.4389.114 Safari/537.36"
::1 - - [21/Apr/2021:14:15:48 +0000] "GET /css/layout-a66647a8a4.css HTTP/1.1" 404 164 "http://localhost:8000/" "Mozilla/5.0 (Windows NT 10.0; Win64; x64) AppleWebKit/537.36 (KHTML, like Gecko) Chrome/89.0.4389.114 Safari/537.36"
::1 - - [21/Apr/2021:14:15:48 +0000] "GET /css/header-5624c7deef.css HTTP/1.1" 404 164 "http://localhost:8000/" "Mozilla/5.0 (Windows NT 10.0; Win64; x64) AppleWebKit/537.36 (KHTML, like Gecko) Chrome/89.0.4389.114 Safari/537.36"
::1 - - [21/Apr/2021:14:15:48 +0000] "GET /css/footer-80b8801692.css HTTP/1.1" 404 164 "http://localhost:8000/" "Mozilla/5.0 (Windows NT 10.0; Win64; x64) AppleWebKit/537.36 (KHTML, like Gecko) Chrome/89.0.4389.114 Safari/537.36"
::1 - - [21/Apr/2021:14:15:48 +0000] "GET /css/home-d2c17da2d9.css HTTP/1.1" 404 162 "http://localhost:8000/" "Mozilla/5.0 (Windows NT 10.0; Win64; x64) AppleWebKit/537.36 (KHTML, like Gecko) Chrome/89.0.4389.114 Safari/537.36"
::1 - - [21/Apr/2021:14:15:48 +0000] "GET /css/chat_box-3aa9f1fb21.css HTTP/1.1" 404 166 "http://localhost:8000/" "Mozilla/5.0 (Windows NT 10.0; Win64; x64) AppleWebKit/537.36 (KHTML, like Gecko) Chrome/89.0.4389.114 Safari/537.36"
::1 - - [21/Apr/2021:14:15:49 +0000] "GET /js/home_comments-da8c44e185.js HTTP/1.1" 404 169 "http://localhost:8000/" "Mozilla/5.0 (Windows NT 10.0; Win64; x64) AppleWebKit/537.36 (KHTML, like Gecko) Chrome/89.0.4389.114 Safari/537.36"
::1 - - [21/Apr/2021:14:15:49 +0000] "GET /js/home_posts-57b6098729.js HTTP/1.1" 404 166 "http://localhost:8000/" "Mozilla/5.0 (Windows NT 10.0; Win64; x64) AppleWebKit/537.36 (KHTML, like Gecko) Chrome/89.0.4389.114 Safari/537.36"
::1 - - [21/Apr/2021:14:15:49 +0000] "GET /js/toggle_likes-9176f9e069.js HTTP/1.1" 404 168 "http://localhost:8000/" "Mozilla/5.0 (Windows NT 10.0; Win64; x64) AppleWebKit/537.36 (KHTML, like Gecko) Chrome/89.0.4389.114 Safari/537.36"
::1 - - [21/Apr/2021:14:15:50 +0000] "GET /js/chat_engine-3e42b32d15.js HTTP/1.1" 404 167 "http://localhost:8000/" "Mozilla/5.0 (Windows NT 10.0; Win64; x64) AppleWebKit/537.36 (KHTML, like Gecko) Chrome/89.0.4389.114 Safari/537.36"
::1 - - [21/Apr/2021:14:16:32 +0000] "GET /css/layout-a66647a8a4.css HTTP/1.1" 404 164 "http://localhost:8000/" "Mozilla/5.0 (Windows NT 10.0; Win64; x64) AppleWebKit/537.36 (KHTML, like Gecko) Chrome/89.0.4389.114 Safari/537.36"
::1 - - [21/Apr/2021:14:16:32 +0000] "GET /css/header-5624c7deef.css HTTP/1.1" 404 164 "http://localhost:8000/" "Mozilla/5.0 (Windows NT 10.0; Win64; x64) AppleWebKit/537.36 (KHTML, like Gecko) Chrome/89.0.4389.114 Safari/537.36"
::1 - - [21/Apr/2021:14:16:32 +0000] "GET /css/footer-80b8801692.css HTTP/1.1" 404 164 "http://localhost:8000/" "Mozilla/5.0 (Windows NT 10.0; Win64; x64) AppleWebKit/537.36 (KHTML, like Gecko) Chrome/89.0.4389.114 Safari/537.36"
::1 - - [21/Apr/2021:14:16:32 +0000] "GET /css/home-d2c17da2d9.css HTTP/1.1" 404 162 "http://localhost:8000/" "Mozilla/5.0 (Windows NT 10.0; Win64; x64) AppleWebKit/537.36 (KHTML, like Gecko) Chrome/89.0.4389.114 Safari/537.36"
::1 - - [21/Apr/2021:14:16:32 +0000] "GET /css/chat_box-3aa9f1fb21.css HTTP/1.1" 404 166 "http://localhost:8000/" "Mozilla/5.0 (Windows NT 10.0; Win64; x64) AppleWebKit/537.36 (KHTML, like Gecko) Chrome/89.0.4389.114 Safari/537.36"
::1 - - [21/Apr/2021:14:16:45 +0000] "GET / HTTP/1.1" 304 - "-" "Mozilla/5.0 (Windows NT 10.0; Win64; x64) AppleWebKit/537.36 (KHTML, like Gecko) Chrome/89.0.4389.114 Safari/537.36"
::1 - - [21/Apr/2021:14:16:46 +0000] "GET /css/layout-a66647a8a4.css HTTP/1.1" 404 164 "http://localhost:8000/" "Mozilla/5.0 (Windows NT 10.0; Win64; x64) AppleWebKit/537.36 (KHTML, like Gecko) Chrome/89.0.4389.114 Safari/537.36"
::1 - - [21/Apr/2021:14:16:46 +0000] "GET /css/header-5624c7deef.css HTTP/1.1" 404 164 "http://localhost:8000/" "Mozilla/5.0 (Windows NT 10.0; Win64; x64) AppleWebKit/537.36 (KHTML, like Gecko) Chrome/89.0.4389.114 Safari/537.36"
::1 - - [21/Apr/2021:14:16:46 +0000] "GET /css/footer-80b8801692.css HTTP/1.1" 404 164 "http://localhost:8000/" "Mozilla/5.0 (Windows NT 10.0; Win64; x64) AppleWebKit/537.36 (KHTML, like Gecko) Chrome/89.0.4389.114 Safari/537.36"
::1 - - [21/Apr/2021:14:16:46 +0000] "GET /css/home-d2c17da2d9.css HTTP/1.1" 404 162 "http://localhost:8000/" "Mozilla/5.0 (Windows NT 10.0; Win64; x64) AppleWebKit/537.36 (KHTML, like Gecko) Chrome/89.0.4389.114 Safari/537.36"
::1 - - [21/Apr/2021:14:16:46 +0000] "GET /css/chat_box-3aa9f1fb21.css HTTP/1.1" 404 166 "http://localhost:8000/" "Mozilla/5.0 (Windows NT 10.0; Win64; x64) AppleWebKit/537.36 (KHTML, like Gecko) Chrome/89.0.4389.114 Safari/537.36"
::1 - - [21/Apr/2021:14:16:46 +0000] "GET /js/home_comments-da8c44e185.js HTTP/1.1" 404 169 "http://localhost:8000/" "Mozilla/5.0 (Windows NT 10.0; Win64; x64) AppleWebKit/537.36 (KHTML, like Gecko) Chrome/89.0.4389.114 Safari/537.36"
::1 - - [21/Apr/2021:14:16:46 +0000] "GET /js/home_posts-57b6098729.js HTTP/1.1" 404 166 "http://localhost:8000/" "Mozilla/5.0 (Windows NT 10.0; Win64; x64) AppleWebKit/537.36 (KHTML, like Gecko) Chrome/89.0.4389.114 Safari/537.36"
::1 - - [21/Apr/2021:14:16:46 +0000] "GET /js/toggle_likes-9176f9e069.js HTTP/1.1" 404 168 "http://localhost:8000/" "Mozilla/5.0 (Windows NT 10.0; Win64; x64) AppleWebKit/537.36 (KHTML, like Gecko) Chrome/89.0.4389.114 Safari/537.36"
::1 - - [21/Apr/2021:14:16:46 +0000] "GET /js/chat_engine-3e42b32d15.js HTTP/1.1" 404 167 "http://localhost:8000/" "Mozilla/5.0 (Windows NT 10.0; Win64; x64) AppleWebKit/537.36 (KHTML, like Gecko) Chrome/89.0.4389.114 Safari/537.36"
::1 - - [21/Apr/2021:14:17:00 +0000] "GET / HTTP/1.1" 304 - "-" "Mozilla/5.0 (Windows NT 10.0; Win64; x64) AppleWebKit/537.36 (KHTML, like Gecko) Chrome/89.0.4389.114 Safari/537.36"
::1 - - [21/Apr/2021:14:17:01 +0000] "GET /css/footer-80b8801692.css HTTP/1.1" 404 164 "http://localhost:8000/" "Mozilla/5.0 (Windows NT 10.0; Win64; x64) AppleWebKit/537.36 (KHTML, like Gecko) Chrome/89.0.4389.114 Safari/537.36"
::1 - - [21/Apr/2021:14:17:01 +0000] "GET /css/home-d2c17da2d9.css HTTP/1.1" 404 162 "http://localhost:8000/" "Mozilla/5.0 (Windows NT 10.0; Win64; x64) AppleWebKit/537.36 (KHTML, like Gecko) Chrome/89.0.4389.114 Safari/537.36"
::1 - - [21/Apr/2021:14:17:01 +0000] "GET /css/chat_box-3aa9f1fb21.css HTTP/1.1" 404 166 "http://localhost:8000/" "Mozilla/5.0 (Windows NT 10.0; Win64; x64) AppleWebKit/537.36 (KHTML, like Gecko) Chrome/89.0.4389.114 Safari/537.36"
::1 - - [21/Apr/2021:14:17:01 +0000] "GET /css/layout-a66647a8a4.css HTTP/1.1" 404 164 "http://localhost:8000/" "Mozilla/5.0 (Windows NT 10.0; Win64; x64) AppleWebKit/537.36 (KHTML, like Gecko) Chrome/89.0.4389.114 Safari/537.36"
::1 - - [21/Apr/2021:14:17:01 +0000] "GET /css/header-5624c7deef.css HTTP/1.1" 404 164 "http://localhost:8000/" "Mozilla/5.0 (Windows NT 10.0; Win64; x64) AppleWebKit/537.36 (KHTML, like Gecko) Chrome/89.0.4389.114 Safari/537.36"
::1 - - [21/Apr/2021:14:17:01 +0000] "GET /js/home_comments-da8c44e185.js HTTP/1.1" 404 169 "http://localhost:8000/" "Mozilla/5.0 (Windows NT 10.0; Win64; x64) AppleWebKit/537.36 (KHTML, like Gecko) Chrome/89.0.4389.114 Safari/537.36"
::1 - - [21/Apr/2021:14:17:01 +0000] "GET /js/home_posts-57b6098729.js HTTP/1.1" 404 166 "http://localhost:8000/" "Mozilla/5.0 (Windows NT 10.0; Win64; x64) AppleWebKit/537.36 (KHTML, like Gecko) Chrome/89.0.4389.114 Safari/537.36"
::1 - - [21/Apr/2021:14:17:01 +0000] "GET /js/toggle_likes-9176f9e069.js HTTP/1.1" 404 168 "http://localhost:8000/" "Mozilla/5.0 (Windows NT 10.0; Win64; x64) AppleWebKit/537.36 (KHTML, like Gecko) Chrome/89.0.4389.114 Safari/537.36"
::1 - - [21/Apr/2021:14:17:01 +0000] "GET /js/chat_engine-3e42b32d15.js HTTP/1.1" 404 167 "http://localhost:8000/" "Mozilla/5.0 (Windows NT 10.0; Win64; x64) AppleWebKit/537.36 (KHTML, like Gecko) Chrome/89.0.4389.114 Safari/537.36"
