::1 - - [26/Mar/2021:21:27:18 +0000] "GET /css/header.css HTTP/1.1" 404 153 "http://localhost:8000/" "Mozilla/5.0 (Windows NT 10.0; Win64; x64) AppleWebKit/537.36 (KHTML, like Gecko) Chrome/89.0.4389.90 Safari/537.36"
::1 - - [26/Mar/2021:21:27:19 +0000] "GET /css/home.css HTTP/1.1" 404 151 "http://localhost:8000/" "Mozilla/5.0 (Windows NT 10.0; Win64; x64) AppleWebKit/537.36 (KHTML, like Gecko) Chrome/89.0.4389.90 Safari/537.36"
::1 - - [26/Mar/2021:21:27:19 +0000] "GET /css/layout.css HTTP/1.1" 404 153 "http://localhost:8000/" "Mozilla/5.0 (Windows NT 10.0; Win64; x64) AppleWebKit/537.36 (KHTML, like Gecko) Chrome/89.0.4389.90 Safari/537.36"
::1 - - [26/Mar/2021:21:27:19 +0000] "GET /css/footer.css HTTP/1.1" 404 153 "http://localhost:8000/" "Mozilla/5.0 (Windows NT 10.0; Win64; x64) AppleWebKit/537.36 (KHTML, like Gecko) Chrome/89.0.4389.90 Safari/537.36"
::1 - - [26/Mar/2021:21:27:19 +0000] "GET /js/home_comments.js HTTP/1.1" 404 158 "http://localhost:8000/" "Mozilla/5.0 (Windows NT 10.0; Win64; x64) AppleWebKit/537.36 (KHTML, like Gecko) Chrome/89.0.4389.90 Safari/537.36"
::1 - - [26/Mar/2021:21:27:19 +0000] "GET /css/chat_box.css HTTP/1.1" 404 155 "http://localhost:8000/" "Mozilla/5.0 (Windows NT 10.0; Win64; x64) AppleWebKit/537.36 (KHTML, like Gecko) Chrome/89.0.4389.90 Safari/537.36"
::1 - - [26/Mar/2021:21:27:19 +0000] "GET /js/toggle_likes.js HTTP/1.1" 404 157 "http://localhost:8000/" "Mozilla/5.0 (Windows NT 10.0; Win64; x64) AppleWebKit/537.36 (KHTML, like Gecko) Chrome/89.0.4389.90 Safari/537.36"
::1 - - [26/Mar/2021:21:27:19 +0000] "GET /js/chat_engine.js HTTP/1.1" 404 156 "http://localhost:8000/" "Mozilla/5.0 (Windows NT 10.0; Win64; x64) AppleWebKit/537.36 (KHTML, like Gecko) Chrome/89.0.4389.90 Safari/537.36"
::1 - - [26/Mar/2021:21:27:19 +0000] "GET /js/home_posts.js HTTP/1.1" 404 155 "http://localhost:8000/" "Mozilla/5.0 (Windows NT 10.0; Win64; x64) AppleWebKit/537.36 (KHTML, like Gecko) Chrome/89.0.4389.90 Safari/537.36"
::1 - - [26/Mar/2021:21:27:19 +0000] "GET /js/home_comments.js HTTP/1.1" 404 158 "http://localhost:8000/" "Mozilla/5.0 (Windows NT 10.0; Win64; x64) AppleWebKit/537.36 (KHTML, like Gecko) Chrome/89.0.4389.90 Safari/537.36"
::1 - - [26/Mar/2021:21:27:19 +0000] "GET /js/toggle_likes.js HTTP/1.1" 404 157 "http://localhost:8000/" "Mozilla/5.0 (Windows NT 10.0; Win64; x64) AppleWebKit/537.36 (KHTML, like Gecko) Chrome/89.0.4389.90 Safari/537.36"
::1 - - [26/Mar/2021:21:27:20 +0000] "GET /js/chat_engine.js HTTP/1.1" 404 156 "http://localhost:8000/" "Mozilla/5.0 (Windows NT 10.0; Win64; x64) AppleWebKit/537.36 (KHTML, like Gecko) Chrome/89.0.4389.90 Safari/537.36"
::1 - - [26/Mar/2021:21:27:23 +0000] "GET / HTTP/1.1" 200 6517 "http://localhost:8000/users/sign-in" "Mozilla/5.0 (Windows NT 10.0; Win64; x64) AppleWebKit/537.36 (KHTML, like Gecko) Chrome/89.0.4389.90 Safari/537.36"
::1 - - [26/Mar/2021:21:27:23 +0000] "GET /css/header.css HTTP/1.1" 404 153 "http://localhost:8000/" "Mozilla/5.0 (Windows NT 10.0; Win64; x64) AppleWebKit/537.36 (KHTML, like Gecko) Chrome/89.0.4389.90 Safari/537.36"
::1 - - [26/Mar/2021:21:27:23 +0000] "GET /css/home.css HTTP/1.1" 404 151 "http://localhost:8000/" "Mozilla/5.0 (Windows NT 10.0; Win64; x64) AppleWebKit/537.36 (KHTML, like Gecko) Chrome/89.0.4389.90 Safari/537.36"
::1 - - [26/Mar/2021:21:27:23 +0000] "GET /css/footer.css HTTP/1.1" 404 153 "http://localhost:8000/" "Mozilla/5.0 (Windows NT 10.0; Win64; x64) AppleWebKit/537.36 (KHTML, like Gecko) Chrome/89.0.4389.90 Safari/537.36"
::1 - - [26/Mar/2021:21:27:23 +0000] "GET /css/chat_box.css HTTP/1.1" 404 155 "http://localhost:8000/" "Mozilla/5.0 (Windows NT 10.0; Win64; x64) AppleWebKit/537.36 (KHTML, like Gecko) Chrome/89.0.4389.90 Safari/537.36"
::1 - - [26/Mar/2021:21:27:23 +0000] "GET /js/home_comments.js HTTP/1.1" 404 158 "http://localhost:8000/" "Mozilla/5.0 (Windows NT 10.0; Win64; x64) AppleWebKit/537.36 (KHTML, like Gecko) Chrome/89.0.4389.90 Safari/537.36"
::1 - - [26/Mar/2021:21:27:23 +0000] "GET /js/home_posts.js HTTP/1.1" 404 155 "http://localhost:8000/" "Mozilla/5.0 (Windows NT 10.0; Win64; x64) AppleWebKit/537.36 (KHTML, like Gecko) Chrome/89.0.4389.90 Safari/537.36"
::1 - - [26/Mar/2021:21:27:23 +0000] "GET /css/layout.css HTTP/1.1" 404 153 "http://localhost:8000/" "Mozilla/5.0 (Windows NT 10.0; Win64; x64) AppleWebKit/537.36 (KHTML, like Gecko) Chrome/89.0.4389.90 Safari/537.36"
::1 - - [26/Mar/2021:21:27:23 +0000] "GET /js/toggle_likes.js HTTP/1.1" 404 157 "http://localhost:8000/" "Mozilla/5.0 (Windows NT 10.0; Win64; x64) AppleWebKit/537.36 (KHTML, like Gecko) Chrome/89.0.4389.90 Safari/537.36"
::1 - - [26/Mar/2021:21:27:23 +0000] "GET /js/chat_engine.js HTTP/1.1" 404 156 "http://localhost:8000/" "Mozilla/5.0 (Windows NT 10.0; Win64; x64) AppleWebKit/537.36 (KHTML, like Gecko) Chrome/89.0.4389.90 Safari/537.36"
::1 - - [26/Mar/2021:21:27:23 +0000] "GET /js/home_posts.js HTTP/1.1" 404 155 "http://localhost:8000/" "Mozilla/5.0 (Windows NT 10.0; Win64; x64) AppleWebKit/537.36 (KHTML, like Gecko) Chrome/89.0.4389.90 Safari/537.36"
::1 - - [26/Mar/2021:21:27:23 +0000] "GET /js/home_comments.js HTTP/1.1" 404 158 "http://localhost:8000/" "Mozilla/5.0 (Windows NT 10.0; Win64; x64) AppleWebKit/537.36 (KHTML, like Gecko) Chrome/89.0.4389.90 Safari/537.36"
::1 - - [26/Mar/2021:21:27:23 +0000] "GET /js/toggle_likes.js HTTP/1.1" 404 157 "http://localhost:8000/" "Mozilla/5.0 (Windows NT 10.0; Win64; x64) AppleWebKit/537.36 (KHTML, like Gecko) Chrome/89.0.4389.90 Safari/537.36"
::1 - - [26/Mar/2021:21:27:23 +0000] "GET /js/chat_engine.js HTTP/1.1" 404 156 "http://localhost:8000/" "Mozilla/5.0 (Windows NT 10.0; Win64; x64) AppleWebKit/537.36 (KHTML, like Gecko) Chrome/89.0.4389.90 Safari/537.36"
::1 - - [26/Mar/2021:22:09:21 +0000] "GET /css/layout.css HTTP/1.1" 404 153 "http://localhost:8000/" "Mozilla/5.0 (Windows NT 10.0; Win64; x64) AppleWebKit/537.36 (KHTML, like Gecko) Chrome/89.0.4389.90 Safari/537.36"
::1 - - [26/Mar/2021:22:09:21 +0000] "GET /js/home_posts.js HTTP/1.1" 404 155 "http://localhost:8000/" "Mozilla/5.0 (Windows NT 10.0; Win64; x64) AppleWebKit/537.36 (KHTML, like Gecko) Chrome/89.0.4389.90 Safari/537.36"
::1 - - [26/Mar/2021:22:09:22 +0000] "GET /css/home.css HTTP/1.1" 404 151 "http://localhost:8000/" "Mozilla/5.0 (Windows NT 10.0; Win64; x64) AppleWebKit/537.36 (KHTML, like Gecko) Chrome/89.0.4389.90 Safari/537.36"
::1 - - [26/Mar/2021:22:09:22 +0000] "GET /css/chat_box.css HTTP/1.1" 404 155 "http://localhost:8000/" "Mozilla/5.0 (Windows NT 10.0; Win64; x64) AppleWebKit/537.36 (KHTML, like Gecko) Chrome/89.0.4389.90 Safari/537.36"
::1 - - [26/Mar/2021:22:09:22 +0000] "GET /css/footer.css HTTP/1.1" 404 153 "http://localhost:8000/" "Mozilla/5.0 (Windows NT 10.0; Win64; x64) AppleWebKit/537.36 (KHTML, like Gecko) Chrome/89.0.4389.90 Safari/537.36"
::1 - - [26/Mar/2021:22:09:22 +0000] "GET /css/header.css HTTP/1.1" 404 153 "http://localhost:8000/" "Mozilla/5.0 (Windows NT 10.0; Win64; x64) AppleWebKit/537.36 (KHTML, like Gecko) Chrome/89.0.4389.90 Safari/537.36"
::1 - - [26/Mar/2021:22:09:22 +0000] "GET /js/chat_engine.js HTTP/1.1" 404 156 "http://localhost:8000/" "Mozilla/5.0 (Windows NT 10.0; Win64; x64) AppleWebKit/537.36 (KHTML, like Gecko) Chrome/89.0.4389.90 Safari/537.36"
::1 - - [26/Mar/2021:22:09:22 +0000] "GET /js/home_comments.js HTTP/1.1" 404 158 "http://localhost:8000/" "Mozilla/5.0 (Windows NT 10.0; Win64; x64) AppleWebKit/537.36 (KHTML, like Gecko) Chrome/89.0.4389.90 Safari/537.36"
::1 - - [26/Mar/2021:22:09:22 +0000] "GET /js/toggle_likes.js HTTP/1.1" 404 157 "http://localhost:8000/" "Mozilla/5.0 (Windows NT 10.0; Win64; x64) AppleWebKit/537.36 (KHTML, like Gecko) Chrome/89.0.4389.90 Safari/537.36"
::1 - - [26/Mar/2021:22:09:22 +0000] "GET /js/home_posts.js HTTP/1.1" 404 155 "http://localhost:8000/" "Mozilla/5.0 (Windows NT 10.0; Win64; x64) AppleWebKit/537.36 (KHTML, like Gecko) Chrome/89.0.4389.90 Safari/537.36"
::1 - - [26/Mar/2021:22:09:22 +0000] "GET /js/home_comments.js HTTP/1.1" 404 158 "http://localhost:8000/" "Mozilla/5.0 (Windows NT 10.0; Win64; x64) AppleWebKit/537.36 (KHTML, like Gecko) Chrome/89.0.4389.90 Safari/537.36"
::1 - - [26/Mar/2021:22:09:22 +0000] "GET /js/toggle_likes.js HTTP/1.1" 404 157 "http://localhost:8000/" "Mozilla/5.0 (Windows NT 10.0; Win64; x64) AppleWebKit/537.36 (KHTML, like Gecko) Chrome/89.0.4389.90 Safari/537.36"
::1 - - [26/Mar/2021:22:09:22 +0000] "GET /js/chat_engine.js HTTP/1.1" 404 156 "http://localhost:8000/" "Mozilla/5.0 (Windows NT 10.0; Win64; x64) AppleWebKit/537.36 (KHTML, like Gecko) Chrome/89.0.4389.90 Safari/537.36"
::1 - - [26/Mar/2021:22:09:24 +0000] "GET / HTTP/1.1" 500 3144 "http://localhost:8000/users/sign-in" "Mozilla/5.0 (Windows NT 10.0; Win64; x64) AppleWebKit/537.36 (KHTML, like Gecko) Chrome/89.0.4389.90 Safari/537.36"
::1 - - [26/Mar/2021:22:11:02 +0000] "GET / HTTP/1.1" 200 6547 "http://localhost:8000/users/sign-in" "Mozilla/5.0 (Windows NT 10.0; Win64; x64) AppleWebKit/537.36 (KHTML, like Gecko) Chrome/89.0.4389.90 Safari/537.36"
::1 - - [26/Mar/2021:22:11:03 +0000] "GET /js/home_posts.js HTTP/1.1" 404 155 "http://localhost:8000/" "Mozilla/5.0 (Windows NT 10.0; Win64; x64) AppleWebKit/537.36 (KHTML, like Gecko) Chrome/89.0.4389.90 Safari/537.36"
::1 - - [26/Mar/2021:22:11:03 +0000] "GET /css/home.css HTTP/1.1" 404 151 "http://localhost:8000/" "Mozilla/5.0 (Windows NT 10.0; Win64; x64) AppleWebKit/537.36 (KHTML, like Gecko) Chrome/89.0.4389.90 Safari/537.36"
::1 - - [26/Mar/2021:22:11:03 +0000] "GET /css/chat_box.css HTTP/1.1" 404 155 "http://localhost:8000/" "Mozilla/5.0 (Windows NT 10.0; Win64; x64) AppleWebKit/537.36 (KHTML, like Gecko) Chrome/89.0.4389.90 Safari/537.36"
::1 - - [26/Mar/2021:22:11:03 +0000] "GET /js/home_comments.js HTTP/1.1" 404 158 "http://localhost:8000/" "Mozilla/5.0 (Windows NT 10.0; Win64; x64) AppleWebKit/537.36 (KHTML, like Gecko) Chrome/89.0.4389.90 Safari/537.36"
::1 - - [26/Mar/2021:22:11:03 +0000] "GET /js/toggle_likes.js HTTP/1.1" 404 157 "http://localhost:8000/" "Mozilla/5.0 (Windows NT 10.0; Win64; x64) AppleWebKit/537.36 (KHTML, like Gecko) Chrome/89.0.4389.90 Safari/537.36"
::1 - - [26/Mar/2021:22:11:03 +0000] "GET /js/chat_engine.js HTTP/1.1" 404 156 "http://localhost:8000/" "Mozilla/5.0 (Windows NT 10.0; Win64; x64) AppleWebKit/537.36 (KHTML, like Gecko) Chrome/89.0.4389.90 Safari/537.36"
::1 - - [26/Mar/2021:22:11:03 +0000] "GET /js/home_posts.js HTTP/1.1" 404 155 "http://localhost:8000/" "Mozilla/5.0 (Windows NT 10.0; Win64; x64) AppleWebKit/537.36 (KHTML, like Gecko) Chrome/89.0.4389.90 Safari/537.36"
::1 - - [26/Mar/2021:22:11:03 +0000] "GET /js/home_comments.js HTTP/1.1" 404 158 "http://localhost:8000/" "Mozilla/5.0 (Windows NT 10.0; Win64; x64) AppleWebKit/537.36 (KHTML, like Gecko) Chrome/89.0.4389.90 Safari/537.36"
::1 - - [26/Mar/2021:22:11:03 +0000] "GET /js/toggle_likes.js HTTP/1.1" 404 157 "http://localhost:8000/" "Mozilla/5.0 (Windows NT 10.0; Win64; x64) AppleWebKit/537.36 (KHTML, like Gecko) Chrome/89.0.4389.90 Safari/537.36"
::1 - - [26/Mar/2021:22:11:03 +0000] "GET /js/chat_engine.js HTTP/1.1" 404 156 "http://localhost:8000/" "Mozilla/5.0 (Windows NT 10.0; Win64; x64) AppleWebKit/537.36 (KHTML, like Gecko) Chrome/89.0.4389.90 Safari/537.36"
::1 - - [26/Mar/2021:22:11:08 +0000] "GET /users/sign-in HTTP/1.1" 200 2153 "http://localhost:8000/" "Mozilla/5.0 (Windows NT 10.0; Win64; x64) AppleWebKit/537.36 (KHTML, like Gecko) Chrome/89.0.4389.90 Safari/537.36"
::1 - - [26/Mar/2021:22:11:08 +0000] "GET /users/css/layout-f5713bf301.css HTTP/1.1" 404 170 "http://localhost:8000/users/sign-in" "Mozilla/5.0 (Windows NT 10.0; Win64; x64) AppleWebKit/537.36 (KHTML, like Gecko) Chrome/89.0.4389.90 Safari/537.36"
::1 - - [26/Mar/2021:22:11:08 +0000] "GET /users/css/header-57724e2035.css HTTP/1.1" 404 170 "http://localhost:8000/users/sign-in" "Mozilla/5.0 (Windows NT 10.0; Win64; x64) AppleWebKit/537.36 (KHTML, like Gecko) Chrome/89.0.4389.90 Safari/537.36"
::1 - - [26/Mar/2021:22:11:08 +0000] "GET /users/css/footer-4c537c716e.css HTTP/1.1" 404 170 "http://localhost:8000/users/sign-in" "Mozilla/5.0 (Windows NT 10.0; Win64; x64) AppleWebKit/537.36 (KHTML, like Gecko) Chrome/89.0.4389.90 Safari/537.36"
::1 - - [26/Mar/2021:22:20:35 +0000] "GET /users/sign-in HTTP/1.1" 304 - "http://localhost:8000/" "Mozilla/5.0 (Windows NT 10.0; Win64; x64) AppleWebKit/537.36 (KHTML, like Gecko) Chrome/89.0.4389.90 Safari/537.36"
::1 - - [26/Mar/2021:22:20:37 +0000] "GET /users/css/layout-f5713bf301.css HTTP/1.1" 404 170 "http://localhost:8000/users/sign-in" "Mozilla/5.0 (Windows NT 10.0; Win64; x64) AppleWebKit/537.36 (KHTML, like Gecko) Chrome/89.0.4389.90 Safari/537.36"
::1 - - [26/Mar/2021:22:20:37 +0000] "GET /users/css/footer-4c537c716e.css HTTP/1.1" 404 170 "http://localhost:8000/users/sign-in" "Mozilla/5.0 (Windows NT 10.0; Win64; x64) AppleWebKit/537.36 (KHTML, like Gecko) Chrome/89.0.4389.90 Safari/537.36"
::1 - - [26/Mar/2021:22:20:37 +0000] "GET /users/css/header-57724e2035.css HTTP/1.1" 404 170 "http://localhost:8000/users/sign-in" "Mozilla/5.0 (Windows NT 10.0; Win64; x64) AppleWebKit/537.36 (KHTML, like Gecko) Chrome/89.0.4389.90 Safari/537.36"
::1 - - [26/Mar/2021:22:25:33 +0000] "GET /users/sign-in HTTP/1.1" 304 - "http://localhost:8000/" "Mozilla/5.0 (Windows NT 10.0; Win64; x64) AppleWebKit/537.36 (KHTML, like Gecko) Chrome/89.0.4389.90 Safari/537.36"
::1 - - [26/Mar/2021:22:25:33 +0000] "GET /users/css/layout-f5713bf301.css HTTP/1.1" 404 170 "http://localhost:8000/users/sign-in" "Mozilla/5.0 (Windows NT 10.0; Win64; x64) AppleWebKit/537.36 (KHTML, like Gecko) Chrome/89.0.4389.90 Safari/537.36"
::1 - - [26/Mar/2021:22:25:33 +0000] "GET /users/css/header-57724e2035.css HTTP/1.1" 404 170 "http://localhost:8000/users/sign-in" "Mozilla/5.0 (Windows NT 10.0; Win64; x64) AppleWebKit/537.36 (KHTML, like Gecko) Chrome/89.0.4389.90 Safari/537.36"
::1 - - [26/Mar/2021:22:25:33 +0000] "GET /users/css/footer-4c537c716e.css HTTP/1.1" 404 170 "http://localhost:8000/users/sign-in" "Mozilla/5.0 (Windows NT 10.0; Win64; x64) AppleWebKit/537.36 (KHTML, like Gecko) Chrome/89.0.4389.90 Safari/537.36"
::1 - - [26/Mar/2021:22:25:33 +0000] "GET /users/css/layout-f5713bf301.css HTTP/1.1" 404 170 "http://localhost:8000/users/sign-in" "Mozilla/5.0 (Windows NT 10.0; Win64; x64) AppleWebKit/537.36 (KHTML, like Gecko) Chrome/89.0.4389.90 Safari/537.36"
::1 - - [26/Mar/2021:22:25:33 +0000] "GET /users/css/header-57724e2035.css HTTP/1.1" 404 170 "http://localhost:8000/users/sign-in" "Mozilla/5.0 (Windows NT 10.0; Win64; x64) AppleWebKit/537.36 (KHTML, like Gecko) Chrome/89.0.4389.90 Safari/537.36"
::1 - - [26/Mar/2021:22:25:33 +0000] "GET /users/css/footer-4c537c716e.css HTTP/1.1" 404 170 "http://localhost:8000/users/sign-in" "Mozilla/5.0 (Windows NT 10.0; Win64; x64) AppleWebKit/537.36 (KHTML, like Gecko) Chrome/89.0.4389.90 Safari/537.36"
::1 - - [26/Mar/2021:22:25:35 +0000] "GET /users/sign-in HTTP/1.1" 304 - "http://localhost:8000/" "Mozilla/5.0 (Windows NT 10.0; Win64; x64) AppleWebKit/537.36 (KHTML, like Gecko) Chrome/89.0.4389.90 Safari/537.36"
::1 - - [26/Mar/2021:22:25:35 +0000] "GET /users/css/layout-f5713bf301.css HTTP/1.1" 404 170 "http://localhost:8000/users/sign-in" "Mozilla/5.0 (Windows NT 10.0; Win64; x64) AppleWebKit/537.36 (KHTML, like Gecko) Chrome/89.0.4389.90 Safari/537.36"
::1 - - [26/Mar/2021:22:25:35 +0000] "GET /users/css/header-57724e2035.css HTTP/1.1" 404 170 "http://localhost:8000/users/sign-in" "Mozilla/5.0 (Windows NT 10.0; Win64; x64) AppleWebKit/537.36 (KHTML, like Gecko) Chrome/89.0.4389.90 Safari/537.36"
::1 - - [26/Mar/2021:22:25:35 +0000] "GET /users/css/footer-4c537c716e.css HTTP/1.1" 404 170 "http://localhost:8000/users/sign-in" "Mozilla/5.0 (Windows NT 10.0; Win64; x64) AppleWebKit/537.36 (KHTML, like Gecko) Chrome/89.0.4389.90 Safari/537.36"
::1 - - [26/Mar/2021:22:25:36 +0000] "GET /users/sign-in HTTP/1.1" 304 - "http://localhost:8000/" "Mozilla/5.0 (Windows NT 10.0; Win64; x64) AppleWebKit/537.36 (KHTML, like Gecko) Chrome/89.0.4389.90 Safari/537.36"
::1 - - [26/Mar/2021:22:25:36 +0000] "GET /users/css/layout-f5713bf301.css HTTP/1.1" 404 170 "http://localhost:8000/users/sign-in" "Mozilla/5.0 (Windows NT 10.0; Win64; x64) AppleWebKit/537.36 (KHTML, like Gecko) Chrome/89.0.4389.90 Safari/537.36"
::1 - - [26/Mar/2021:22:25:36 +0000] "GET /users/css/header-57724e2035.css HTTP/1.1" 404 170 "http://localhost:8000/users/sign-in" "Mozilla/5.0 (Windows NT 10.0; Win64; x64) AppleWebKit/537.36 (KHTML, like Gecko) Chrome/89.0.4389.90 Safari/537.36"
::1 - - [26/Mar/2021:22:25:36 +0000] "GET /users/css/footer-4c537c716e.css HTTP/1.1" 404 170 "http://localhost:8000/users/sign-in" "Mozilla/5.0 (Windows NT 10.0; Win64; x64) AppleWebKit/537.36 (KHTML, like Gecko) Chrome/89.0.4389.90 Safari/537.36"
::1 - - [26/Mar/2021:22:27:07 +0000] "GET /users/sign-in HTTP/1.1" 304 - "http://localhost:8000/" "Mozilla/5.0 (Windows NT 10.0; Win64; x64) AppleWebKit/537.36 (KHTML, like Gecko) Chrome/89.0.4389.90 Safari/537.36"
::1 - - [26/Mar/2021:22:27:07 +0000] "GET /users/css/layout-f5713bf301.css HTTP/1.1" 404 170 "http://localhost:8000/users/sign-in" "Mozilla/5.0 (Windows NT 10.0; Win64; x64) AppleWebKit/537.36 (KHTML, like Gecko) Chrome/89.0.4389.90 Safari/537.36"
::1 - - [26/Mar/2021:22:27:07 +0000] "GET /users/css/header-57724e2035.css HTTP/1.1" 404 170 "http://localhost:8000/users/sign-in" "Mozilla/5.0 (Windows NT 10.0; Win64; x64) AppleWebKit/537.36 (KHTML, like Gecko) Chrome/89.0.4389.90 Safari/537.36"
::1 - - [26/Mar/2021:22:27:07 +0000] "GET /users/css/footer-4c537c716e.css HTTP/1.1" 404 170 "http://localhost:8000/users/sign-in" "Mozilla/5.0 (Windows NT 10.0; Win64; x64) AppleWebKit/537.36 (KHTML, like Gecko) Chrome/89.0.4389.90 Safari/537.36"
::1 - - [26/Mar/2021:22:27:10 +0000] "GET /users/auth/google HTTP/1.1" 302 0 "http://localhost:8000/users/sign-in" "Mozilla/5.0 (Windows NT 10.0; Win64; x64) AppleWebKit/537.36 (KHTML, like Gecko) Chrome/89.0.4389.90 Safari/537.36"
::1 - - [26/Mar/2021:22:32:40 +0000] "GET /users/auth/google HTTP/1.1" 302 0 "http://localhost:8000/users/sign-in" "Mozilla/5.0 (Windows NT 10.0; Win64; x64) AppleWebKit/537.36 (KHTML, like Gecko) Chrome/89.0.4389.90 Safari/537.36"
::1 - - [26/Mar/2021:22:32:47 +0000] "GET /users/auth/google/callback?code=4%2F0AY0e-g5tkTcqScJwOKi3JHgbe_mXrqrWCv4VjXHbI0ZRRsz0CToH_ygLsiYTF5keuOkI3Q&scope=email+profile+https%3A%2F%2Fwww.googleapis.com%2Fauth%2Fuserinfo.profile+https%3A%2F%2Fwww.googleapis.com%2Fauth%2Fuserinfo.email+openid&authuser=0&prompt=consent HTTP/1.1" 302 46 "-" "Mozilla/5.0 (Windows NT 10.0; Win64; x64) AppleWebKit/537.36 (KHTML, like Gecko) Chrome/89.0.4389.90 Safari/537.36"
::1 - - [26/Mar/2021:22:32:47 +0000] "GET / HTTP/1.1" 200 12451 "-" "Mozilla/5.0 (Windows NT 10.0; Win64; x64) AppleWebKit/537.36 (KHTML, like Gecko) Chrome/89.0.4389.90 Safari/537.36"
::1 - - [26/Mar/2021:22:32:47 +0000] "GET /css/chat_box.css HTTP/1.1" 404 155 "http://localhost:8000/" "Mozilla/5.0 (Windows NT 10.0; Win64; x64) AppleWebKit/537.36 (KHTML, like Gecko) Chrome/89.0.4389.90 Safari/537.36"
::1 - - [26/Mar/2021:22:32:48 +0000] "GET /css/chat_box.css HTTP/1.1" 404 155 "http://localhost:8000/" "Mozilla/5.0 (Windows NT 10.0; Win64; x64) AppleWebKit/537.36 (KHTML, like Gecko) Chrome/89.0.4389.90 Safari/537.36"
::1 - - [26/Mar/2021:22:33:00 +0000] "GET /users/profile/605c44a9833c593a30ab9dba HTTP/1.1" 200 3898 "http://localhost:8000/" "Mozilla/5.0 (Windows NT 10.0; Win64; x64) AppleWebKit/537.36 (KHTML, like Gecko) Chrome/89.0.4389.90 Safari/537.36"
::1 - - [26/Mar/2021:22:33:01 +0000] "GET /users/profile/css/layout-f5713bf301.css HTTP/1.1" 404 178 "http://localhost:8000/users/profile/605c44a9833c593a30ab9dba" "Mozilla/5.0 (Windows NT 10.0; Win64; x64) AppleWebKit/537.36 (KHTML, like Gecko) Chrome/89.0.4389.90 Safari/537.36"
::1 - - [26/Mar/2021:22:33:01 +0000] "GET /users/profile/css/header-57724e2035.css HTTP/1.1" 404 178 "http://localhost:8000/users/profile/605c44a9833c593a30ab9dba" "Mozilla/5.0 (Windows NT 10.0; Win64; x64) AppleWebKit/537.36 (KHTML, like Gecko) Chrome/89.0.4389.90 Safari/537.36"
::1 - - [26/Mar/2021:22:33:01 +0000] "GET /users/profile/css/footer-4c537c716e.css HTTP/1.1" 404 178 "http://localhost:8000/users/profile/605c44a9833c593a30ab9dba" "Mozilla/5.0 (Windows NT 10.0; Win64; x64) AppleWebKit/537.36 (KHTML, like Gecko) Chrome/89.0.4389.90 Safari/537.36"
::1 - - [26/Mar/2021:22:33:01 +0000] "GET /users/profile/css/user_profile-04a27f5da7.css HTTP/1.1" 404 184 "http://localhost:8000/users/profile/605c44a9833c593a30ab9dba" "Mozilla/5.0 (Windows NT 10.0; Win64; x64) AppleWebKit/537.36 (KHTML, like Gecko) Chrome/89.0.4389.90 Safari/537.36"
::1 - - [26/Mar/2021:22:33:05 +0000] "GET /users/profile/605c44a9833c593a30ab9dba HTTP/1.1" 304 - "http://localhost:8000/" "Mozilla/5.0 (Windows NT 10.0; Win64; x64) AppleWebKit/537.36 (KHTML, like Gecko) Chrome/89.0.4389.90 Safari/537.36"
::1 - - [26/Mar/2021:22:33:05 +0000] "GET /users/profile/css/layout-f5713bf301.css HTTP/1.1" 404 178 "http://localhost:8000/users/profile/605c44a9833c593a30ab9dba" "Mozilla/5.0 (Windows NT 10.0; Win64; x64) AppleWebKit/537.36 (KHTML, like Gecko) Chrome/89.0.4389.90 Safari/537.36"
::1 - - [26/Mar/2021:22:33:05 +0000] "GET /users/profile/css/header-57724e2035.css HTTP/1.1" 404 178 "http://localhost:8000/users/profile/605c44a9833c593a30ab9dba" "Mozilla/5.0 (Windows NT 10.0; Win64; x64) AppleWebKit/537.36 (KHTML, like Gecko) Chrome/89.0.4389.90 Safari/537.36"
::1 - - [26/Mar/2021:22:33:05 +0000] "GET /users/profile/css/footer-4c537c716e.css HTTP/1.1" 404 178 "http://localhost:8000/users/profile/605c44a9833c593a30ab9dba" "Mozilla/5.0 (Windows NT 10.0; Win64; x64) AppleWebKit/537.36 (KHTML, like Gecko) Chrome/89.0.4389.90 Safari/537.36"
::1 - - [26/Mar/2021:22:33:05 +0000] "GET /users/profile/css/user_profile-04a27f5da7.css HTTP/1.1" 404 184 "http://localhost:8000/users/profile/605c44a9833c593a30ab9dba" "Mozilla/5.0 (Windows NT 10.0; Win64; x64) AppleWebKit/537.36 (KHTML, like Gecko) Chrome/89.0.4389.90 Safari/537.36"
::1 - - [26/Mar/2021:22:33:06 +0000] "GET /users/profile/605c44a9833c593a30ab9dba HTTP/1.1" 304 - "http://localhost:8000/" "Mozilla/5.0 (Windows NT 10.0; Win64; x64) AppleWebKit/537.36 (KHTML, like Gecko) Chrome/89.0.4389.90 Safari/537.36"
::1 - - [26/Mar/2021:22:33:06 +0000] "GET /users/profile/css/layout-f5713bf301.css HTTP/1.1" 404 178 "http://localhost:8000/users/profile/605c44a9833c593a30ab9dba" "Mozilla/5.0 (Windows NT 10.0; Win64; x64) AppleWebKit/537.36 (KHTML, like Gecko) Chrome/89.0.4389.90 Safari/537.36"
::1 - - [26/Mar/2021:22:33:06 +0000] "GET /users/profile/css/header-57724e2035.css HTTP/1.1" 404 178 "http://localhost:8000/users/profile/605c44a9833c593a30ab9dba" "Mozilla/5.0 (Windows NT 10.0; Win64; x64) AppleWebKit/537.36 (KHTML, like Gecko) Chrome/89.0.4389.90 Safari/537.36"
::1 - - [26/Mar/2021:22:33:06 +0000] "GET /users/profile/css/footer-4c537c716e.css HTTP/1.1" 404 178 "http://localhost:8000/users/profile/605c44a9833c593a30ab9dba" "Mozilla/5.0 (Windows NT 10.0; Win64; x64) AppleWebKit/537.36 (KHTML, like Gecko) Chrome/89.0.4389.90 Safari/537.36"
::1 - - [26/Mar/2021:22:33:06 +0000] "GET /users/profile/css/user_profile-04a27f5da7.css HTTP/1.1" 404 184 "http://localhost:8000/users/profile/605c44a9833c593a30ab9dba" "Mozilla/5.0 (Windows NT 10.0; Win64; x64) AppleWebKit/537.36 (KHTML, like Gecko) Chrome/89.0.4389.90 Safari/537.36"
::1 - - [26/Mar/2021:22:33:06 +0000] "GET /users/profile/605c44a9833c593a30ab9dba HTTP/1.1" 304 - "http://localhost:8000/" "Mozilla/5.0 (Windows NT 10.0; Win64; x64) AppleWebKit/537.36 (KHTML, like Gecko) Chrome/89.0.4389.90 Safari/537.36"
::1 - - [26/Mar/2021:22:33:06 +0000] "GET /users/profile/css/header-57724e2035.css HTTP/1.1" 404 178 "http://localhost:8000/users/profile/605c44a9833c593a30ab9dba" "Mozilla/5.0 (Windows NT 10.0; Win64; x64) AppleWebKit/537.36 (KHTML, like Gecko) Chrome/89.0.4389.90 Safari/537.36"
::1 - - [26/Mar/2021:22:33:06 +0000] "GET /users/profile/css/footer-4c537c716e.css HTTP/1.1" 404 178 "http://localhost:8000/users/profile/605c44a9833c593a30ab9dba" "Mozilla/5.0 (Windows NT 10.0; Win64; x64) AppleWebKit/537.36 (KHTML, like Gecko) Chrome/89.0.4389.90 Safari/537.36"
::1 - - [26/Mar/2021:22:33:06 +0000] "GET /users/profile/css/layout-f5713bf301.css HTTP/1.1" 404 178 "http://localhost:8000/users/profile/605c44a9833c593a30ab9dba" "Mozilla/5.0 (Windows NT 10.0; Win64; x64) AppleWebKit/537.36 (KHTML, like Gecko) Chrome/89.0.4389.90 Safari/537.36"
::1 - - [26/Mar/2021:22:33:06 +0000] "GET /users/profile/css/user_profile-04a27f5da7.css HTTP/1.1" 404 184 "http://localhost:8000/users/profile/605c44a9833c593a30ab9dba" "Mozilla/5.0 (Windows NT 10.0; Win64; x64) AppleWebKit/537.36 (KHTML, like Gecko) Chrome/89.0.4389.90 Safari/537.36"
::1 - - [26/Mar/2021:22:33:06 +0000] "GET /users/profile/605c44a9833c593a30ab9dba HTTP/1.1" 304 - "http://localhost:8000/" "Mozilla/5.0 (Windows NT 10.0; Win64; x64) AppleWebKit/537.36 (KHTML, like Gecko) Chrome/89.0.4389.90 Safari/537.36"
::1 - - [26/Mar/2021:22:33:06 +0000] "GET /users/profile/css/layout-f5713bf301.css HTTP/1.1" 404 178 "http://localhost:8000/users/profile/605c44a9833c593a30ab9dba" "Mozilla/5.0 (Windows NT 10.0; Win64; x64) AppleWebKit/537.36 (KHTML, like Gecko) Chrome/89.0.4389.90 Safari/537.36"
::1 - - [26/Mar/2021:22:33:06 +0000] "GET /users/profile/css/header-57724e2035.css HTTP/1.1" 404 178 "http://localhost:8000/users/profile/605c44a9833c593a30ab9dba" "Mozilla/5.0 (Windows NT 10.0; Win64; x64) AppleWebKit/537.36 (KHTML, like Gecko) Chrome/89.0.4389.90 Safari/537.36"
::1 - - [26/Mar/2021:22:33:06 +0000] "GET /users/profile/css/footer-4c537c716e.css HTTP/1.1" 404 178 "http://localhost:8000/users/profile/605c44a9833c593a30ab9dba" "Mozilla/5.0 (Windows NT 10.0; Win64; x64) AppleWebKit/537.36 (KHTML, like Gecko) Chrome/89.0.4389.90 Safari/537.36"
::1 - - [26/Mar/2021:22:33:06 +0000] "GET /users/profile/css/user_profile-04a27f5da7.css HTTP/1.1" 404 184 "http://localhost:8000/users/profile/605c44a9833c593a30ab9dba" "Mozilla/5.0 (Windows NT 10.0; Win64; x64) AppleWebKit/537.36 (KHTML, like Gecko) Chrome/89.0.4389.90 Safari/537.36"
::1 - - [26/Mar/2021:22:34:36 +0000] "GET /users/profile/605c44a9833c593a30ab9dba HTTP/1.1" 304 - "http://localhost:8000/" "Mozilla/5.0 (Windows NT 10.0; Win64; x64) AppleWebKit/537.36 (KHTML, like Gecko) Chrome/89.0.4389.90 Safari/537.36"
::1 - - [26/Mar/2021:22:34:36 +0000] "GET /users/profile/css/layout-f5713bf301.css HTTP/1.1" 404 178 "http://localhost:8000/users/profile/605c44a9833c593a30ab9dba" "Mozilla/5.0 (Windows NT 10.0; Win64; x64) AppleWebKit/537.36 (KHTML, like Gecko) Chrome/89.0.4389.90 Safari/537.36"
::1 - - [26/Mar/2021:22:34:36 +0000] "GET /users/profile/css/header-57724e2035.css HTTP/1.1" 404 178 "http://localhost:8000/users/profile/605c44a9833c593a30ab9dba" "Mozilla/5.0 (Windows NT 10.0; Win64; x64) AppleWebKit/537.36 (KHTML, like Gecko) Chrome/89.0.4389.90 Safari/537.36"
::1 - - [26/Mar/2021:22:34:36 +0000] "GET /users/profile/css/footer-4c537c716e.css HTTP/1.1" 404 178 "http://localhost:8000/users/profile/605c44a9833c593a30ab9dba" "Mozilla/5.0 (Windows NT 10.0; Win64; x64) AppleWebKit/537.36 (KHTML, like Gecko) Chrome/89.0.4389.90 Safari/537.36"
::1 - - [26/Mar/2021:22:34:36 +0000] "GET /users/profile/css/user_profile-04a27f5da7.css HTTP/1.1" 404 184 "http://localhost:8000/users/profile/605c44a9833c593a30ab9dba" "Mozilla/5.0 (Windows NT 10.0; Win64; x64) AppleWebKit/537.36 (KHTML, like Gecko) Chrome/89.0.4389.90 Safari/537.36"
::1 - - [26/Mar/2021:22:34:39 +0000] "GET /css/chat_box.css HTTP/1.1" 404 155 "http://localhost:8000/" "Mozilla/5.0 (Windows NT 10.0; Win64; x64) AppleWebKit/537.36 (KHTML, like Gecko) Chrome/89.0.4389.90 Safari/537.36"
::1 - - [26/Mar/2021:22:34:40 +0000] "GET / HTTP/1.1" 200 11679 "http://localhost:8000/users/profile/605c44a9833c593a30ab9dba" "Mozilla/5.0 (Windows NT 10.0; Win64; x64) AppleWebKit/537.36 (KHTML, like Gecko) Chrome/89.0.4389.90 Safari/537.36"
::1 - - [26/Mar/2021:22:36:10 +0000] "GET /users/profile/605c44a9833c593a30ab9dba HTTP/1.1" 200 3899 "http://localhost:8000/" "Mozilla/5.0 (Windows NT 10.0; Win64; x64) AppleWebKit/537.36 (KHTML, like Gecko) Chrome/89.0.4389.90 Safari/537.36"
::1 - - [26/Mar/2021:22:36:10 +0000] "GET /users/profile/css/layout-f5713bf301.css HTTP/1.1" 404 178 "http://localhost:8000/users/profile/605c44a9833c593a30ab9dba" "Mozilla/5.0 (Windows NT 10.0; Win64; x64) AppleWebKit/537.36 (KHTML, like Gecko) Chrome/89.0.4389.90 Safari/537.36"
::1 - - [26/Mar/2021:22:36:10 +0000] "GET /users/profile/css/header-57724e2035.css HTTP/1.1" 404 178 "http://localhost:8000/users/profile/605c44a9833c593a30ab9dba" "Mozilla/5.0 (Windows NT 10.0; Win64; x64) AppleWebKit/537.36 (KHTML, like Gecko) Chrome/89.0.4389.90 Safari/537.36"
::1 - - [26/Mar/2021:22:36:10 +0000] "GET /users/profile/css/footer-4c537c716e.css HTTP/1.1" 404 178 "http://localhost:8000/users/profile/605c44a9833c593a30ab9dba" "Mozilla/5.0 (Windows NT 10.0; Win64; x64) AppleWebKit/537.36 (KHTML, like Gecko) Chrome/89.0.4389.90 Safari/537.36"
::1 - - [26/Mar/2021:22:36:10 +0000] "GET /users/profile/css/user_profile-04a27f5da7.css HTTP/1.1" 404 184 "http://localhost:8000/users/profile/605c44a9833c593a30ab9dba" "Mozilla/5.0 (Windows NT 10.0; Win64; x64) AppleWebKit/537.36 (KHTML, like Gecko) Chrome/89.0.4389.90 Safari/537.36"
::1 - - [26/Mar/2021:22:36:11 +0000] "GET /users/profile/605c44a9833c593a30ab9dba HTTP/1.1" 304 - "http://localhost:8000/" "Mozilla/5.0 (Windows NT 10.0; Win64; x64) AppleWebKit/537.36 (KHTML, like Gecko) Chrome/89.0.4389.90 Safari/537.36"
::1 - - [26/Mar/2021:22:36:11 +0000] "GET /users/profile/css/layout-f5713bf301.css HTTP/1.1" 404 178 "http://localhost:8000/users/profile/605c44a9833c593a30ab9dba" "Mozilla/5.0 (Windows NT 10.0; Win64; x64) AppleWebKit/537.36 (KHTML, like Gecko) Chrome/89.0.4389.90 Safari/537.36"
::1 - - [26/Mar/2021:22:36:11 +0000] "GET /users/profile/css/header-57724e2035.css HTTP/1.1" 404 178 "http://localhost:8000/users/profile/605c44a9833c593a30ab9dba" "Mozilla/5.0 (Windows NT 10.0; Win64; x64) AppleWebKit/537.36 (KHTML, like Gecko) Chrome/89.0.4389.90 Safari/537.36"
::1 - - [26/Mar/2021:22:36:11 +0000] "GET /users/profile/css/footer-4c537c716e.css HTTP/1.1" 404 178 "http://localhost:8000/users/profile/605c44a9833c593a30ab9dba" "Mozilla/5.0 (Windows NT 10.0; Win64; x64) AppleWebKit/537.36 (KHTML, like Gecko) Chrome/89.0.4389.90 Safari/537.36"
::1 - - [26/Mar/2021:22:36:11 +0000] "GET /users/profile/css/user_profile-04a27f5da7.css HTTP/1.1" 404 184 "http://localhost:8000/users/profile/605c44a9833c593a30ab9dba" "Mozilla/5.0 (Windows NT 10.0; Win64; x64) AppleWebKit/537.36 (KHTML, like Gecko) Chrome/89.0.4389.90 Safari/537.36"
::1 - - [26/Mar/2021:22:36:20 +0000] "GET /users/profile/css/layout-f5713bf301.css HTTP/1.1" 404 178 "http://localhost:8000/users/profile/605c44a9833c593a30ab9dba" "Mozilla/5.0 (Windows NT 10.0; Win64; x64) AppleWebKit/537.36 (KHTML, like Gecko) Chrome/89.0.4389.90 Safari/537.36"
::1 - - [26/Mar/2021:22:36:20 +0000] "GET /users/profile/css/header-57724e2035.css HTTP/1.1" 404 178 "http://localhost:8000/users/profile/605c44a9833c593a30ab9dba" "Mozilla/5.0 (Windows NT 10.0; Win64; x64) AppleWebKit/537.36 (KHTML, like Gecko) Chrome/89.0.4389.90 Safari/537.36"
::1 - - [26/Mar/2021:22:36:20 +0000] "GET /users/profile/css/footer-4c537c716e.css HTTP/1.1" 404 178 "http://localhost:8000/users/profile/605c44a9833c593a30ab9dba" "Mozilla/5.0 (Windows NT 10.0; Win64; x64) AppleWebKit/537.36 (KHTML, like Gecko) Chrome/89.0.4389.90 Safari/537.36"
::1 - - [26/Mar/2021:22:36:20 +0000] "GET /users/profile/css/user_profile-04a27f5da7.css HTTP/1.1" 404 184 "http://localhost:8000/users/profile/605c44a9833c593a30ab9dba" "Mozilla/5.0 (Windows NT 10.0; Win64; x64) AppleWebKit/537.36 (KHTML, like Gecko) Chrome/89.0.4389.90 Safari/537.36"
::1 - - [26/Mar/2021:22:36:25 +0000] "GET /users/profile/605c44a9833c593a30ab9dba HTTP/1.1" 304 - "http://localhost:8000/" "Mozilla/5.0 (Windows NT 10.0; Win64; x64) AppleWebKit/537.36 (KHTML, like Gecko) Chrome/89.0.4389.90 Safari/537.36"
::1 - - [26/Mar/2021:22:36:25 +0000] "GET /users/profile/css/layout-f5713bf301.css HTTP/1.1" 404 178 "http://localhost:8000/users/profile/605c44a9833c593a30ab9dba" "Mozilla/5.0 (Windows NT 10.0; Win64; x64) AppleWebKit/537.36 (KHTML, like Gecko) Chrome/89.0.4389.90 Safari/537.36"
::1 - - [26/Mar/2021:22:36:25 +0000] "GET /users/profile/css/header-57724e2035.css HTTP/1.1" 404 178 "http://localhost:8000/users/profile/605c44a9833c593a30ab9dba" "Mozilla/5.0 (Windows NT 10.0; Win64; x64) AppleWebKit/537.36 (KHTML, like Gecko) Chrome/89.0.4389.90 Safari/537.36"
::1 - - [26/Mar/2021:22:36:25 +0000] "GET /users/profile/css/footer-4c537c716e.css HTTP/1.1" 404 178 "http://localhost:8000/users/profile/605c44a9833c593a30ab9dba" "Mozilla/5.0 (Windows NT 10.0; Win64; x64) AppleWebKit/537.36 (KHTML, like Gecko) Chrome/89.0.4389.90 Safari/537.36"
::1 - - [26/Mar/2021:22:36:25 +0000] "GET /users/profile/css/user_profile-04a27f5da7.css HTTP/1.1" 404 184 "http://localhost:8000/users/profile/605c44a9833c593a30ab9dba" "Mozilla/5.0 (Windows NT 10.0; Win64; x64) AppleWebKit/537.36 (KHTML, like Gecko) Chrome/89.0.4389.90 Safari/537.36"
::1 - - [26/Mar/2021:22:38:19 +0000] "GET /users/profile/605c44a9833c593a30ab9dba HTTP/1.1" 200 3868 "http://localhost:8000/" "Mozilla/5.0 (Windows NT 10.0; Win64; x64) AppleWebKit/537.36 (KHTML, like Gecko) Chrome/89.0.4389.90 Safari/537.36"
::1 - - [26/Mar/2021:22:38:19 +0000] "GET /users/profile/css/layout-f5713bf301.css HTTP/1.1" 404 178 "http://localhost:8000/users/profile/605c44a9833c593a30ab9dba" "Mozilla/5.0 (Windows NT 10.0; Win64; x64) AppleWebKit/537.36 (KHTML, like Gecko) Chrome/89.0.4389.90 Safari/537.36"
::1 - - [26/Mar/2021:22:38:19 +0000] "GET /users/profile/css/header-57724e2035.css HTTP/1.1" 404 178 "http://localhost:8000/users/profile/605c44a9833c593a30ab9dba" "Mozilla/5.0 (Windows NT 10.0; Win64; x64) AppleWebKit/537.36 (KHTML, like Gecko) Chrome/89.0.4389.90 Safari/537.36"
::1 - - [26/Mar/2021:22:38:19 +0000] "GET /users/profile/css/footer-4c537c716e.css HTTP/1.1" 404 178 "http://localhost:8000/users/profile/605c44a9833c593a30ab9dba" "Mozilla/5.0 (Windows NT 10.0; Win64; x64) AppleWebKit/537.36 (KHTML, like Gecko) Chrome/89.0.4389.90 Safari/537.36"
::1 - - [26/Mar/2021:22:42:12 +0000] "GET /users/profile/605c44a9833c593a30ab9dba HTTP/1.1" 304 - "http://localhost:8000/" "Mozilla/5.0 (Windows NT 10.0; Win64; x64) AppleWebKit/537.36 (KHTML, like Gecko) Chrome/89.0.4389.90 Safari/537.36"
::1 - - [26/Mar/2021:22:42:12 +0000] "GET /users/profile/css/layout-f5713bf301.css HTTP/1.1" 404 178 "http://localhost:8000/users/profile/605c44a9833c593a30ab9dba" "Mozilla/5.0 (Windows NT 10.0; Win64; x64) AppleWebKit/537.36 (KHTML, like Gecko) Chrome/89.0.4389.90 Safari/537.36"
::1 - - [26/Mar/2021:22:42:12 +0000] "GET /users/profile/css/header-57724e2035.css HTTP/1.1" 404 178 "http://localhost:8000/users/profile/605c44a9833c593a30ab9dba" "Mozilla/5.0 (Windows NT 10.0; Win64; x64) AppleWebKit/537.36 (KHTML, like Gecko) Chrome/89.0.4389.90 Safari/537.36"
::1 - - [26/Mar/2021:22:42:12 +0000] "GET /users/profile/css/footer-4c537c716e.css HTTP/1.1" 404 178 "http://localhost:8000/users/profile/605c44a9833c593a30ab9dba" "Mozilla/5.0 (Windows NT 10.0; Win64; x64) AppleWebKit/537.36 (KHTML, like Gecko) Chrome/89.0.4389.90 Safari/537.36"
::1 - - [26/Mar/2021:22:44:58 +0000] "GET /users/sign-out HTTP/1.1" 302 46 "http://localhost:8000/users/profile/605c44a9833c593a30ab9dba" "Mozilla/5.0 (Windows NT 10.0; Win64; x64) AppleWebKit/537.36 (KHTML, like Gecko) Chrome/89.0.4389.90 Safari/537.36"
::1 - - [26/Mar/2021:22:44:59 +0000] "GET / HTTP/1.1" 200 7387 "http://localhost:8000/users/profile/605c44a9833c593a30ab9dba" "Mozilla/5.0 (Windows NT 10.0; Win64; x64) AppleWebKit/537.36 (KHTML, like Gecko) Chrome/89.0.4389.90 Safari/537.36"
::1 - - [26/Mar/2021:22:45:09 +0000] "GET /users/sign-in HTTP/1.1" 304 - "http://localhost:8000/" "Mozilla/5.0 (Windows NT 10.0; Win64; x64) AppleWebKit/537.36 (KHTML, like Gecko) Chrome/89.0.4389.90 Safari/537.36"
::1 - - [26/Mar/2021:22:45:09 +0000] "GET /users/css/layout-f5713bf301.css HTTP/1.1" 404 170 "http://localhost:8000/users/sign-in" "Mozilla/5.0 (Windows NT 10.0; Win64; x64) AppleWebKit/537.36 (KHTML, like Gecko) Chrome/89.0.4389.90 Safari/537.36"
::1 - - [26/Mar/2021:22:45:09 +0000] "GET /users/css/header-57724e2035.css HTTP/1.1" 404 170 "http://localhost:8000/users/sign-in" "Mozilla/5.0 (Windows NT 10.0; Win64; x64) AppleWebKit/537.36 (KHTML, like Gecko) Chrome/89.0.4389.90 Safari/537.36"
::1 - - [26/Mar/2021:22:45:09 +0000] "GET /users/css/footer-4c537c716e.css HTTP/1.1" 404 170 "http://localhost:8000/users/sign-in" "Mozilla/5.0 (Windows NT 10.0; Win64; x64) AppleWebKit/537.36 (KHTML, like Gecko) Chrome/89.0.4389.90 Safari/537.36"
::1 - - [26/Mar/2021:22:45:57 +0000] "GET /users/sign-in HTTP/1.1" 200 2156 "http://localhost:8000/" "Mozilla/5.0 (Windows NT 10.0; Win64; x64) AppleWebKit/537.36 (KHTML, like Gecko) Chrome/89.0.4389.90 Safari/537.36"
::1 - - [26/Mar/2021:22:46:04 +0000] "GET /users/auth/google HTTP/1.1" 302 0 "http://localhost:8000/users/sign-in" "Mozilla/5.0 (Windows NT 10.0; Win64; x64) AppleWebKit/537.36 (KHTML, like Gecko) Chrome/89.0.4389.90 Safari/537.36"
::1 - - [26/Mar/2021:22:46:10 +0000] "GET /users/auth/google/callback?code=4%2F0AY0e-g4E8xKiFLo84xiHOx_N3tBSRYUzmd4x-7kiJiha9pCQDns4DTaBskgWtU8M6Kyjzw&scope=email+profile+https%3A%2F%2Fwww.googleapis.com%2Fauth%2Fuserinfo.profile+https%3A%2F%2Fwww.googleapis.com%2Fauth%2Fuserinfo.email+openid&authuser=0&prompt=consent HTTP/1.1" 302 46 "-" "Mozilla/5.0 (Windows NT 10.0; Win64; x64) AppleWebKit/537.36 (KHTML, like Gecko) Chrome/89.0.4389.90 Safari/537.36"
::1 - - [26/Mar/2021:22:46:10 +0000] "GET / HTTP/1.1" 200 12470 "-" "Mozilla/5.0 (Windows NT 10.0; Win64; x64) AppleWebKit/537.36 (KHTML, like Gecko) Chrome/89.0.4389.90 Safari/537.36"
::1 - - [26/Mar/2021:22:46:15 +0000] "GET /users/profile/605c44a9833c593a30ab9dba HTTP/1.1" 200 3881 "http://localhost:8000/" "Mozilla/5.0 (Windows NT 10.0; Win64; x64) AppleWebKit/537.36 (KHTML, like Gecko) Chrome/89.0.4389.90 Safari/537.36"
::1 - - [26/Mar/2021:22:46:15 +0000] "GET /undefined HTTP/1.1" 404 148 "http://localhost:8000/users/profile/605c44a9833c593a30ab9dba" "Mozilla/5.0 (Windows NT 10.0; Win64; x64) AppleWebKit/537.36 (KHTML, like Gecko) Chrome/89.0.4389.90 Safari/537.36"
::1 - - [26/Mar/2021:22:46:22 +0000] "GET /users/profile/605c44a9833c593a30ab9dba HTTP/1.1" 304 - "http://localhost:8000/users/profile/605c44a9833c593a30ab9dba" "Mozilla/5.0 (Windows NT 10.0; Win64; x64) AppleWebKit/537.36 (KHTML, like Gecko) Chrome/89.0.4389.90 Safari/537.36"
::1 - - [26/Mar/2021:22:46:22 +0000] "GET /undefined HTTP/1.1" 404 148 "http://localhost:8000/users/profile/605c44a9833c593a30ab9dba" "Mozilla/5.0 (Windows NT 10.0; Win64; x64) AppleWebKit/537.36 (KHTML, like Gecko) Chrome/89.0.4389.90 Safari/537.36"
[0mGET / [32m200[0m 504.851 ms - 6508[0m
[0mGET /favicon.ico [33m404[0m 77.576 ms - 150[0m
[0mGET /users/sign-in [32m200[0m 35.513 ms - 2120[0m
[0mGET /users/css/layout.css [33m404[0m 8.754 ms - 159[0m
[0mGET /users/css/header.css [33m404[0m 9.997 ms - 159[0m
[0mGET /users/css/footer.css [33m404[0m 8.116 ms - 159[0m
[0mGET /users/auth/google [36m302[0m 30.974 ms - 0[0m
[0mGET /users/css/layout.css [33m404[0m 6.025 ms - 159[0m
[0mGET /users/css/header.css [33m404[0m 7.048 ms - 159[0m
[0mGET /users/css/footer.css [33m404[0m 6.850 ms - 159[0m
[0mGET /users/auth/google [36m302[0m 18.301 ms - 0[0m
[0mGET /users/css/header.css [33m404[0m 123.477 ms - 159[0m
[0mGET /users/css/footer.css [33m404[0m 81.133 ms - 159[0m
[0mPOST /users/create-session [36m302[0m 550.971 ms - 72[0m
[0mGET /users/sign-in [32m200[0m 51.129 ms - 2633[0m
[0mGET /users/css/layout.css [33m404[0m 7.943 ms - 159[0m
[0mGET /users/css/header.css [33m404[0m 7.327 ms - 159[0m
[0mGET /users/css/footer.css [33m404[0m 9.442 ms - 159[0m
[0mPOST /users/create-session [36m302[0m 23.433 ms - 72[0m
[0mGET /users/sign-in [36m304[0m 21.681 ms - -[0m
[0mGET /users/css/layout.css [33m404[0m 5.325 ms - 159[0m
[0mGET /users/css/header.css [33m404[0m 7.886 ms - 159[0m
[0mGET /users/css/footer.css [33m404[0m 7.598 ms - 159[0m
[0mPOST /users/create-session [36m302[0m 12.903 ms - 72[0m
[0mGET /users/sign-in [36m304[0m 5.822 ms - -[0m
[0mGET /users/css/layout.css [33m404[0m 5.440 ms - 159[0m
[0mGET /users/css/header.css [33m404[0m 5.630 ms - 159[0m
[0mGET /users/css/footer.css [33m404[0m 5.952 ms - 159[0m
[0mGET /users/sign-up [32m200[0m 20.528 ms - 2077[0m
[0mGET /users/css/layout.css [33m404[0m 7.020 ms - 159[0m
[0mGET /users/css/header.css [33m404[0m 9.665 ms - 159[0m
[0mGET /users/css/footer.css [33m404[0m 10.924 ms - 159[0m
[0mPOST /users/create [36m302[0m 151.493 ms - 72[0m
[0mGET /users/sign-in [32m200[0m 18.205 ms - 2910[0m
[0mGET /users/css/layout.css [33m404[0m 4.335 ms - 159[0m
[0mGET /users/css/header.css [33m404[0m 5.542 ms - 159[0m
[0mGET /users/css/footer.css [33m404[0m 5.598 ms - 159[0m
[0mPOST /users/create-session [36m302[0m 21.000 ms - 46[0m
[0mGET / [32m200[0m 228.948 ms - 11322[0m
[0mPOST /likes/toggle/?id=605d5017e6006e35107772ef&type=post [32m200[0m 48.459 ms - 57[0m
[0mPOST /likes/toggle/?id=605d5017e6006e35107772ef&type=post [32m200[0m 87.150 ms - 56[0m
[0mPOST /likes/toggle/?id=605d5017e6006e35107772ef&type=post [32m200[0m 27.317 ms - 57[0m
[0mPOST /likes/toggle/?id=605d5017e6006e35107772ef&type=post [32m200[0m 19.019 ms - 56[0m
[0mPOST /comment/create [32m200[0m 544.271 ms - 339[0m
[0mGET /likes/toggle/?id=606bfbf4bc79af268ca47163&type=comment [33m404[0m 24.433 ms - 152[0m
[0mGET / [32m200[0m 100.586 ms - 11017[0m
[0mPOST /likes/toggle/?id=605d5017e6006e35107772ef&type=post [32m200[0m 22.092 ms - 57[0m
[0mPOST /likes/toggle/?id=605d5017e6006e35107772ef&type=post [32m200[0m 15.552 ms - 56[0m
[0mPOST /likes/toggle/?id=605d4faffa19b42c085c5dce&type=post [32m200[0m 32.041 ms - 57[0m
[0mPOST /likes/toggle/?id=605d4faffa19b42c085c5dce&type=post [32m200[0m 10.213 ms - 56[0m
[0mGET / [32m200[0m 77.435 ms - 11777[0m
[0mGET / [32m200[0m 42.586 ms - 11017[0m
[0mGET /users/sign-out [36m302[0m 17.302 ms - 46[0m
[0mGET / [32m200[0m 21.745 ms - 7655[0m
[0mGET /users/sign-in [32m200[0m 24.878 ms - 2120[0m
[0mGET /users/css/layout.css [33m404[0m 13.227 ms - 159[0m
[0mGET /users/css/header.css [33m404[0m 13.430 ms - 159[0m
[0mGET /users/css/footer.css [33m404[0m 10.436 ms - 159[0m
[0mGET /users/auth/google [36m302[0m 8.548 ms - 0[0m
[0mGET /users/css/layout.css [33m404[0m 5.657 ms - 159[0m
[0mGET /users/css/header.css [33m404[0m 6.071 ms - 159[0m
[0mGET /users/css/footer.css [33m404[0m 5.859 ms - 159[0m
[0mPOST /users/create-session [36m302[0m 55.846 ms - 46[0m
[0mGET / [32m200[0m 29.430 ms - 11799[0m
[0mGET /users/profile/606bfbd2bc79af268ca4715c [32m200[0m 51.561 ms - 3826[0m
[0mGET /users/profile/css/layout.css [33m404[0m 17.287 ms - 167[0m
[0mGET /users/profile/css/header.css [33m404[0m 17.365 ms - 167[0m
[0mGET /users/profile/css/footer.css [33m404[0m 22.300 ms - 167[0m
[0mPOST /likes/toggle/?id=606bfbf4bc79af268ca47163&type=comment [32m200[0m 39.958 ms - 57[0m
[0mPOST /likes/toggle/?id=606bfbf4bc79af268ca47163&type=comment [32m200[0m 30.513 ms - 56[0m
[0mPOST /comment/create [32m200[0m 32.295 ms - 328[0m
[0mGET /likes/toggle/?id=606bfd47b182021e64af8649&type=comment [33m404[0m 17.165 ms - 152[0m
[0mPOST /likes/toggle/?id=605d5017e6006e35107772ef&type=post [32m200[0m 40.888 ms - 57[0m
[0mPOST /likes/toggle/?id=605d5017e6006e35107772ef&type=post [32m200[0m 51.774 ms - 56[0m
[0mGET / [32m200[0m 525.400 ms - 12243[0m
[0mPOST /likes/toggle/?id=606bfd47b182021e64af8649&type=comment [32m200[0m 85.549 ms - 57[0m
[0mPOST /likes/toggle/?id=606bfd47b182021e64af8649&type=comment [32m200[0m 57.278 ms - 56[0m
[0mPOST /likes/toggle/?id=605d5017e6006e35107772ef&type=post [32m200[0m 22.701 ms - 57[0m
[0mPOST /likes/toggle/?id=605d5017e6006e35107772ef&type=post [32m200[0m 11.507 ms - 56[0m
[0mPOST /likes/toggle/?id=606bfbf4bc79af268ca47163&type=comment [32m200[0m 27.539 ms - 57[0m
[0mPOST /likes/toggle/?id=606bfbf4bc79af268ca47163&type=comment [32m200[0m 27.737 ms - 56[0m
[0mPOST /comment/create [32m200[0m 481.031 ms - 330[0m
[0mGET /likes/toggle/?id=606c4f1b39a73205885941b6&type=comment [33m404[0m 32.500 ms - 152[0m
[0mPOST /posts/create [32m200[0m 46.675 ms - 260[0m
[0mGET /likes/toggle/?id=606c522c39a73205885941b7&type=post [33m404[0m 18.649 ms - 152[0m
[0mPOST /posts/create [32m200[0m 24.905 ms - 263[0m
[0mGET /likes/toggle/?id=606c523e39a73205885941b8&type=post [33m404[0m 15.017 ms - 152[0m
[0mGET /likes/toggle/?id=606c523e39a73205885941b8&type=post [36m302[0m 110.436 ms - 88[0m
[0mGET / [32m200[0m 56.182 ms - 15808[0m
[0mPOST /posts/create [32m200[0m 113.752 ms - 261[0m
[0mGET /likes/toggle/?id=606c582a9219171608c70fe0&type=post [36m302[0m 23.601 ms - 88[0m
[0mGET / [32m200[0m 62.873 ms - 17736[0m
[0mPOST /likes/toggle/?id=606c582a9219171608c70fe0&type=post [33m404[0m 12.434 ms - 153[0m
[0mPOST /likes/toggle/?id=606c582a9219171608c70fe0&type=post [33m404[0m 12.132 ms - 153[0m
[0mPOST /likes/toggle/?id=606c582a9219171608c70fe0&type=post [33m404[0m 11.456 ms - 153[0m
[0mPOST /likes/toggle/?id=606c582a9219171608c70fe0&type=post [33m404[0m 11.407 ms - 153[0m
[0mPOST /likes/toggle/?id=606c582a9219171608c70fe0&type=post [33m404[0m 9.630 ms - 153[0m
[0mPOST /likes/toggle/?id=606c582a9219171608c70fe0&type=post [33m404[0m 12.999 ms - 153[0m
[0mPOST /likes/toggle/?id=606c582a9219171608c70fe0&type=post [33m404[0m 11.713 ms - 153[0m
[0mPOST /likes/toggle/?id=606c582a9219171608c70fe0&type=post [33m404[0m 13.978 ms - 153[0m
[0mPOST /likes/toggle/?id=606c582a9219171608c70fe0&type=post [33m404[0m 11.666 ms - 153[0m
[0mPOST /likes/toggle/?id=606c582a9219171608c70fe0&type=post [33m404[0m 11.113 ms - 153[0m
[0mPOST /likes/toggle/?id=606c582a9219171608c70fe0&type=post [33m404[0m 11.107 ms - 153[0m
[0mPOST /likes/toggle/?id=606c582a9219171608c70fe0&type=post [33m404[0m 11.363 ms - 153[0m
[0mPOST /likes/toggle/?id=606c523e39a73205885941b8&type=post [33m404[0m 9.861 ms - 153[0m
[0mPOST /likes/toggle/?id=606c522c39a73205885941b7&type=post [33m404[0m 11.897 ms - 153[0m
[0mPOST /likes/toggle/?id=606c522c39a73205885941b7&type=post [33m404[0m 11.819 ms - 153[0m
[0mPOST /likes/toggle/?id=606c522c39a73205885941b7&type=post [33m404[0m 3.910 ms - 153[0m
[0mPOST /likes/toggle/?id=606c522c39a73205885941b7&type=post [33m404[0m 4.530 ms - 153[0m
[0mPOST /likes/toggle/?id=606c522c39a73205885941b7&type=post [33m404[0m 6.774 ms - 153[0m
[0mPOST /likes/toggle/?id=606c582a9219171608c70fe0&type=post [33m404[0m 11.347 ms - 153[0m
[0mPOST /likes/toggle/?id=606c582a9219171608c70fe0&type=post [33m404[0m 10.445 ms - 153[0m
[0mGET / [36m304[0m 52.716 ms - -[0m
[0mPOST /likes/toggle/?id=606c582a9219171608c70fe0&type=post [33m404[0m 12.992 ms - 153[0m
[0mPOST /likes/toggle/?id=606c582a9219171608c70fe0&type=post [33m404[0m 5.924 ms - 153[0m
[0mPOST /comment/create [32m200[0m 28.767 ms - 328[0m
[0mGET /likes/toggle/?id=606c584b9219171608c70fe3&type=comment [36m302[0m 84.274 ms - 88[0m
[0mGET / [32m200[0m 54.023 ms - 18202[0m
[0mPOST /likes/toggle/?id=606c584b9219171608c70fe3&type=comment [33m404[0m 4.538 ms - 153[0m
[0mPOST /likes/toggle/?id=606c584b9219171608c70fe3&type=comment [33m404[0m 11.051 ms - 153[0m
[0mPOST /likes/toggle/?id=606c584b9219171608c70fe3&type=comment [33m404[0m 12.126 ms - 153[0m
[0mPOST /likes/toggle/?id=606c584b9219171608c70fe3&type=comment [33m404[0m 9.126 ms - 153[0m
[0mPOST /likes/toggle/?id=606c584b9219171608c70fe3&type=comment [33m404[0m 10.112 ms - 153[0m
