[0mPOST /likes/toggle/?id=606d88e39ee0d53034f37293&type=post [31m500[0m 3395.717 ms - 35[0m
[0mPOST /comment/create [36m302[0m 1885.143 ms - 72[0m
[0mGET /users/sign-in [32m200[0m 729.154 ms - 3232[0m
[0mGET /users/css/footer.css [33m404[0m 31.479 ms - 159[0m
[0mGET /users/css/header.css [33m404[0m 48.202 ms - 159[0m
[0mGET /users/css/layout.css [33m404[0m 18.931 ms - 159[0m
[0mPOST /users/create-session [36m302[0m 26.025 ms - 72[0m
[0mGET /users/sign-in [32m200[0m 20.397 ms - 3745[0m
[0mGET /users/css/header.css [33m404[0m 341.413 ms - 159[0m
[0mGET /users/css/footer.css [33m404[0m 343.609 ms - 159[0m
[0mGET /users/css/layout.css [33m404[0m 345.608 ms - 159[0m
[0mPOST /users/create-session [36m302[0m 25.558 ms - 46[0m
[0mGET / [32m200[0m 1316.755 ms - 24520[0m
[0mPOST /likes/toggle/?id=606d88e39ee0d53034f37293&type=post [32m200[0m 108.814 ms - 57[0m
[0mPOST /likes/toggle/?id=606d88e39ee0d53034f37293&type=post [32m200[0m 29.013 ms - 56[0m
[0mPOST /likes/toggle/?id=606d88e39ee0d53034f37293&type=post [32m200[0m 30.316 ms - 57[0m
[0mPOST /likes/toggle/?id=606d88e39ee0d53034f37293&type=post [32m200[0m 25.214 ms - 56[0m
[0mPOST /comment/create [36m302[0m 314.261 ms - 46[0m
[0mGET / [32m200[0m 1018.952 ms - 25272[0m
[0mPOST /likes/toggle/?id=60705b9dbbde313df0e6a460&type=comment [32m200[0m 37.129 ms - 57[0m
[0mPOST /likes/toggle/?id=60705b9dbbde313df0e6a460&type=comment [32m200[0m 31.465 ms - 56[0m
[0mPOST /likes/toggle/?id=60705b9dbbde313df0e6a460&type=comment [32m200[0m 19.052 ms - 57[0m
[0mPOST /likes/toggle/?id=60705b9dbbde313df0e6a460&type=comment [32m200[0m 40.501 ms - 56[0m
[0mPOST /likes/toggle/?id=606d5cc3c226e120cc5ea3ad&type=post [32m200[0m 27.971 ms - 57[0m
[0mPOST /likes/toggle/?id=606d5cc3c226e120cc5ea3ad&type=post [32m200[0m 32.953 ms - 56[0m
[0mPOST /likes/toggle/?id=60705b9dbbde313df0e6a460&type=comment [32m200[0m 276.918 ms - 57[0m
[0mGET /posts/destroy/606d88e39ee0d53034f37293 [32m200[0m 151.354 ms - 72[0m
[0mPOST /likes/toggle/?id=606d880b6203cc3c487f5d77&type=comment [32m200[0m 65.808 ms - 56[0m
[0mGET /users/profile/605c44a9833c593a30ab9dba [32m200[0m 205.204 ms - 5162[0m
[0mGET /users/profile/css/layout.css [33m404[0m 30.498 ms - 167[0m
[0mGET /users/profile/css/header.css [33m404[0m 29.086 ms - 167[0m
[0mGET /users/profile/css/footer.css [33m404[0m 51.945 ms - 167[0m
[0mGET /users/profile [33m404[0m 9.368 ms - 152[0m
[0mGET /users/profile/css/layout.css [33m404[0m 109.726 ms - 167[0m
[0mGET /users/profile/css/header.css [33m404[0m 8.676 ms - 167[0m
[0mGET /users/profile/css/footer.css [33m404[0m 10.425 ms - 167[0m
[0mGET /users/profile/css/layout.css [33m404[0m 5.541 ms - 167[0m
[0mGET /users/sign-out [36m302[0m 29.945 ms - 46[0m
[0mGET / [32m200[0m 255.378 ms - 14286[0m
[0mGET /users/sign-in [32m200[0m 23.717 ms - 3232[0m
[0mGET /users/css/layout.css [33m404[0m 6.910 ms - 159[0m
[0mGET /users/css/header.css [33m404[0m 7.729 ms - 159[0m
[0mGET /users/css/footer.css [33m404[0m 6.705 ms - 159[0m
[0mPOST /users/create-session [36m302[0m 9.371 ms - 46[0m
[0mGET / [32m200[0m 99.997 ms - 22297[0m
[0mGET / [32m200[0m 70.342 ms - 21515[0m
[0mGET /users/profile/606bfbd2bc79af268ca4715c [36m304[0m 35.062 ms - -[0m
[0mGET /users/profile/css/layout.css [33m404[0m 22.483 ms - 167[0m
[0mGET /users/profile/css/header.css [33m404[0m 21.335 ms - 167[0m
[0mGET /users/profile/css/footer.css [33m404[0m 15.275 ms - 167[0m
[0mGET /users/profile/606bfbd2bc79af268ca4715c [32m200[0m 26.517 ms - 4652[0m
[0mGET /users/profile/css/layout.css [33m404[0m 21.390 ms - 167[0m
[0mGET /users/profile/css/header.css [33m404[0m 15.698 ms - 167[0m
[0mGET /users/profile/css/footer.css [33m404[0m 16.956 ms - 167[0m
[0mGET / [36m304[0m 36.693 ms - -[0m
[0mPOST /likes/toggle/?id=606d880b6203cc3c487f5d77&type=comment [32m200[0m 20.253 ms - 57[0m
[0mPOST /likes/toggle/?id=606d880b6203cc3c487f5d77&type=comment [32m200[0m 56.984 ms - 56[0m
[0mGET / [32m200[0m 36.633 ms - 22275[0m
[0mGET / [32m200[0m 97.793 ms - 21515[0m
[0mPOST /likes/toggle/?id=605d4faffa19b42c085c5dce&type=post [32m200[0m 52.012 ms - 56[0m
[0mPOST /likes/toggle/?id=605d4faffa19b42c085c5dce&type=post [32m200[0m 24.198 ms - 57[0m
[0mGET /users/profile/606bfbd2bc79af268ca4715c [32m200[0m 34.522 ms - 5412[0m
[0mGET /users/profile/css/layout.css [33m404[0m 9.929 ms - 167[0m
[0mGET /users/profile/css/header.css [33m404[0m 10.932 ms - 167[0m
[0mGET /users/profile/css/footer.css [33m404[0m 11.499 ms - 167[0m
[0mGET / [36m304[0m 75.348 ms - -[0m
[0mGET / [32m200[0m 87.205 ms - 21497[0m
[0mGET / [36m304[0m 38.912 ms - -[0m
[0mGET /users/profile [33m404[0m 14.985 ms - 152[0m
[0mGET /users/profile [33m404[0m 4.608 ms - 152[0m
[0mGET / [32m200[0m 127.783 ms - 21522[0m
[0mGET /users/profile/606bfbd2bc79af268ca4715c [32m200[0m 46.310 ms - 4677[0m
[0mGET /users/profile/css/layout.css [33m404[0m 16.239 ms - 167[0m
[0mGET /users/profile/css/header.css [33m404[0m 16.299 ms - 167[0m
[0mGET /users/profile/css/footer.css [33m404[0m 16.796 ms - 167[0m
[0mGET / [36m304[0m 120.962 ms - -[0m
[0mGET /users/profile [33m404[0m 7.624 ms - 152[0m
[0mGET / [32m200[0m 40.693 ms - 21547[0m
[0mGET /users/profile/606bfbd2bc79af268ca4715c [32m200[0m 11.565 ms - 4702[0m
[0mGET /users/profile/css/layout.css [33m404[0m 10.745 ms - 167[0m
[0mGET /users/profile/css/header.css [33m404[0m 12.076 ms - 167[0m
[0mGET /users/profile/css/footer.css [33m404[0m 13.151 ms - 167[0m
[0mGET /users/profile/606bfbd2bc79af268ca4715c [36m304[0m 20.487 ms - -[0m
[0mGET /users/profile/css/layout.css [33m404[0m 14.152 ms - 167[0m
[0mGET /users/profile/css/header.css [33m404[0m 15.282 ms - 167[0m
[0mGET /users/profile/css/footer.css [33m404[0m 13.754 ms - 167[0m
[0mGET /users/profile/606bfbd2bc79af268ca4715c [36m304[0m 26.407 ms - -[0m
[0mGET /users/profile/css/layout.css [33m404[0m 14.728 ms - 167[0m
[0mGET /users/profile/css/header.css [33m404[0m 16.855 ms - 167[0m
[0mGET /users/profile/css/footer.css [33m404[0m 17.820 ms - 167[0m
[0mGET /users/profile/606bfbd2bc79af268ca4715c [36m304[0m 28.166 ms - -[0m
[0mGET /users/profile/css/layout.css [33m404[0m 10.986 ms - 167[0m
[0mGET /users/profile/css/header.css [33m404[0m 11.135 ms - 167[0m
[0mGET /users/profile/css/footer.css [33m404[0m 14.880 ms - 167[0m
[0mGET /users/profile/606bfbd2bc79af268ca4715c [36m304[0m 16.296 ms - -[0m
[0mGET /users/profile/css/layout.css [33m404[0m 18.403 ms - 167[0m
[0mGET /users/profile/css/header.css [33m404[0m 18.519 ms - 167[0m
[0mGET /users/profile/css/footer.css [33m404[0m 14.243 ms - 167[0m
[0mGET /users/sign-out [36m302[0m 8.866 ms - 46[0m
[0mGET / [31m500[0m 137.889 ms - 3328[0m
[0mGET / [32m200[0m 34.893 ms - 13275[0m
[0mGET /users/sign-in [32m200[0m 52.759 ms - 3019[0m
[0mGET /users/css/header.css [33m404[0m 6.317 ms - 159[0m
[0mGET /users/css/layout.css [33m404[0m 6.948 ms - 159[0m
[0mGET /users/css/footer.css [33m404[0m 7.701 ms - 159[0m
[0mPOST /users/create-session [36m302[0m 8.343 ms - 46[0m
[0mGET / [32m200[0m 60.729 ms - 22357[0m
[0mGET /users/profile/606bfbd2bc79af268ca4715c [32m200[0m 37.545 ms - 4730[0m
[0mGET /users/profile/css/footer.css [33m404[0m 11.364 ms - 167[0m
[0mGET /users/profile/css/layout.css [33m404[0m 11.194 ms - 167[0m
[0mGET /users/profile/css/header.css [33m404[0m 12.800 ms - 167[0m
[0mGET /users/sign-out [36m302[0m 8.627 ms - 46[0m
[0mGET / [32m200[0m 41.534 ms - 14055[0m
[0mGET /users/sign-in [36m304[0m 29.617 ms - -[0m
[0mGET /users/css/layout.css [33m404[0m 5.115 ms - 159[0m
[0mGET /users/css/header.css [33m404[0m 6.180 ms - 159[0m
[0mGET /users/css/footer.css [33m404[0m 6.251 ms - 159[0m
[0mGET /users/css/layout.css [33m404[0m 11.453 ms - 159[0m
[0mGET /users/css/footer.css [33m404[0m 4.284 ms - 159[0m
[0mGET /users/sign-up [32m200[0m 8.647 ms - 3000[0m
[0mGET /users/css/header.css [33m404[0m 8.750 ms - 159[0m
[0mGET /users/css/layout.css [33m404[0m 7.633 ms - 159[0m
[0mGET /users/css/footer.css [33m404[0m 8.235 ms - 159[0m
[0mGET /users/sign-in [32m200[0m 36.614 ms - 3043[0m
[0mGET /users/css/layout.css [33m404[0m 5.066 ms - 159[0m
[0mGET /users/css/header.css [33m404[0m 7.441 ms - 159[0m
[0mGET /users/css/footer.css [33m404[0m 8.621 ms - 159[0m
[0mGET / [32m200[0m 44.958 ms - 13299[0m
[0mGET /users/sign-in [36m304[0m 14.697 ms - -[0m
[0mGET /users/css/layout.css [33m404[0m 4.522 ms - 159[0m
[0mGET /users/css/header.css [33m404[0m 5.431 ms - 159[0m
[0mGET /users/css/footer.css [33m404[0m 5.567 ms - 159[0m
[0mGET /users/sign-in [36m304[0m 8.704 ms - -[0m
[0mGET /users/css/layout.css [33m404[0m 3.145 ms - 159[0m
[0mGET /users/css/header.css [33m404[0m 5.069 ms - 159[0m
[0mGET /users/css/footer.css [33m404[0m 4.391 ms - 159[0m
[0mPOST /users/create-session [36m302[0m 8.651 ms - 46[0m
[0mGET / [32m200[0m 63.020 ms - 22385[0m
[0mPOST /likes/toggle/?id=606d880b6203cc3c487f5d77&type=comment [32m200[0m 16.974 ms - 57[0m
[0mPOST /likes/toggle/?id=606d880b6203cc3c487f5d77&type=comment [32m200[0m 31.204 ms - 56[0m
[0mPOST /comment/create [36m302[0m 17.769 ms - 46[0m
[0mGET / [32m200[0m 64.843 ms - 23134[0m
[0mPOST /likes/toggle/?id=60706aa0bbde313df0e6a477&type=comment [32m200[0m 30.213 ms - 57[0m
[0mPOST /likes/toggle/?id=60706aa0bbde313df0e6a477&type=comment [32m200[0m 27.215 ms - 56[0m
[0mPOST /likes/toggle/?id=60706aa0bbde313df0e6a477&type=comment [32m200[0m 20.350 ms - 57[0m
[0mGET /users/profile/606bfbd2bc79af268ca4715c [32m200[0m 31.970 ms - 5518[0m
[0mGET /users/profile/css/layout.css [33m404[0m 14.684 ms - 167[0m
[0mGET /users/profile/css/footer.css [33m404[0m 14.845 ms - 167[0m
[0mGET /users/profile/css/header.css [33m404[0m 14.411 ms - 167[0m
[0mGET /users/profile/606bfbd2bc79af268ca4715c [32m200[0m 13.348 ms - 4758[0m
[0mGET /users/profile/css/footer.css [33m404[0m 19.322 ms - 167[0m
[0mGET /users/profile/css/layout.css [33m404[0m 17.743 ms - 167[0m
[0mGET /users/profile/css/header.css [33m404[0m 12.871 ms - 167[0m
[0mGET / [32m200[0m 56.637 ms - 22358[0m
[0mGET /users/profile/606bfbd2bc79af268ca4715c [36m304[0m 12.424 ms - -[0m
[0mGET /users/profile/css/layout.css [33m404[0m 26.141 ms - 167[0m
[0mGET /users/profile/css/header.css [33m404[0m 25.046 ms - 167[0m
[0mGET /users/profile/css/footer.css [33m404[0m 11.947 ms - 167[0m
[0mGET / [36m304[0m 36.315 ms - -[0m
[0mGET /users/profile/606bfbd2bc79af268ca4715c [36m304[0m 11.408 ms - -[0m
[0mGET /users/profile/css/layout.css [33m404[0m 11.060 ms - 167[0m
[0mGET /users/profile/css/header.css [33m404[0m 11.930 ms - 167[0m
[0mGET /users/profile/css/footer.css [33m404[0m 13.201 ms - 167[0m
[0mGET /users/sign-out [36m302[0m 7.804 ms - 46[0m
[0mGET / [32m200[0m 32.667 ms - 14678[0m
[0mGET /users/sign-in [36m304[0m 8.484 ms - -[0m
[0mGET /users/css/layout.css [33m404[0m 4.676 ms - 159[0m
[0mGET /users/css/header.css [33m404[0m 4.564 ms - 159[0m
[0mGET /users/css/footer.css [33m404[0m 6.438 ms - 159[0m
[0mGET / [32m200[0m 104.739 ms - 13898[0m
[0mGET / [36m304[0m 92.689 ms - -[0m
[0mGET /users/sign-in [36m304[0m 9.257 ms - -[0m
[0mGET /users/css/layout.css [33m404[0m 11.736 ms - 159[0m
[0mGET /users/css/header.css [33m404[0m 16.383 ms - 159[0m
[0mGET /users/css/footer.css [33m404[0m 10.855 ms - 159[0m
[0mPOST /users/create-session [36m302[0m 296.252 ms - 46[0m
[0mGET / [32m200[0m 49.504 ms - 23140[0m
[0mGET / [32m200[0m 61.214 ms - 22358[0m
[0mGET /users/profile/606bfbd2bc79af268ca4715c [36m304[0m 44.822 ms - -[0m
[0mGET /users/profile/css/header.css [33m404[0m 28.465 ms - 167[0m
[0mGET /users/profile/css/layout.css [33m404[0m 28.243 ms - 167[0m
[0mGET /users/profile/css/footer.css [33m404[0m 34.468 ms - 167[0m
[0mGET /users/sign-out [36m302[0m 18.153 ms - 46[0m
[0mGET / [32m200[0m 147.937 ms - 14678[0m
