[0mGET /users/sign-in [36m304[0m 1113.692 ms - -[0m
[0mGET /users/css/layout.css [33m404[0m 553.076 ms - 159[0m
[0mGET /users/css/footer.css [33m404[0m 452.662 ms - 159[0m
[0mGET /users/css/header.css [33m404[0m 455.495 ms - 159[0m
[0mPOST /users/create-session [36m302[0m 1752.778 ms - 46[0m
[0mGET / [32m200[0m 1516.218 ms - 23140[0m
[0mGET / [32m200[0m 121.921 ms - 13898[0m
[0mGET /users/sign-in [32m200[0m 44.264 ms - 3043[0m
[0mGET /users/css/layout.css [33m404[0m 2.492 ms - 159[0m
[0mGET /users/css/header.css [33m404[0m 3.740 ms - 159[0m
[0mGET /users/css/footer.css [33m404[0m 12.286 ms - 159[0m
[0mPOST /users/create-session [36m302[0m 151.397 ms - 72[0m
[0mGET /users/sign-in [32m200[0m 4.936 ms - 3556[0m
[0mGET /users/css/layout.css [33m404[0m 16.664 ms - 159[0m
[0mGET /users/css/header.css [33m404[0m 18.321 ms - 159[0m
[0mGET /users/css/footer.css [33m404[0m 6.586 ms - 159[0m
[0mPOST /users/create-session [36m302[0m 6.258 ms - 46[0m
[0mGET / [32m200[0m 198.316 ms - 23627[0m
[0mGET / [32m200[0m 81.420 ms - 22845[0m
[0mGET / [36m304[0m 269.115 ms - -[0m
[0mGET /users/sign-out [36m302[0m 5.602 ms - 46[0m
[0mGET / [32m200[0m 78.259 ms - 14678[0m
[0mGET /users/sign-in [32m200[0m 6.562 ms - 3043[0m
[0mGET /users/css/layout.css [33m404[0m 46.041 ms - 159[0m
[0mGET /users/css/header.css [33m404[0m 89.762 ms - 159[0m
[0mGET /users/css/footer.css [33m404[0m 48.100 ms - 159[0m
[0mGET /users/sign-up [32m200[0m 51.683 ms - 3000[0m
[0mGET /users/css/layout.css [33m404[0m 138.556 ms - 159[0m
[0mGET /users/css/header.css [33m404[0m 140.893 ms - 159[0m
[0mGET /users/css/footer.css [33m404[0m 8.439 ms - 159[0m
[0mPOST /users/create [36m302[0m 343.621 ms - 72[0m
[0mGET /users/sign-in [32m200[0m 4.522 ms - 3833[0m
[0mGET /users/css/layout.css [33m404[0m 3.791 ms - 159[0m
[0mGET /users/css/header.css [33m404[0m 5.588 ms - 159[0m
[0mGET /users/css/footer.css [33m404[0m 7.273 ms - 159[0m
[0mPOST /users/create-session [36m302[0m 43.544 ms - 46[0m
[0mGET / [32m200[0m 106.944 ms - 22586[0m
[0mGET /users/profile/607c201fb8c87b0acc1fd4b8 [32m200[0m 74.033 ms - 4767[0m
[0mGET /users/profile/css/layout.css [33m404[0m 59.640 ms - 167[0m
[0mGET /users/profile/css/header.css [33m404[0m 57.076 ms - 167[0m
[0mGET /users/profile/css/footer.css [33m404[0m 189.826 ms - 167[0m
[0mGET / [32m200[0m 2736.356 ms - 22743[0m
[0mGET / [36m304[0m 47.303 ms - -[0m
[0mGET /users/profile/606bfbd2bc79af268ca4715c [36m304[0m 46.571 ms - -[0m
[0mGET /users/profile/css/layout.css [33m404[0m 13.733 ms - 167[0m
[0mGET /users/profile/css/header.css [33m404[0m 13.924 ms - 167[0m
[0mGET /users/profile/css/footer.css [33m404[0m 14.079 ms - 167[0m
[0mGET / [32m200[0m 37.551 ms - 21804[0m
[0mGET /users/sign-out [36m302[0m 50.610 ms - 46[0m
[0mGET / [32m200[0m 54.341 ms - 14678[0m
[0mGET /users/sign-in [32m200[0m 30.935 ms - 3043[0m
[0mGET /users/css/layout.css [33m404[0m 6.902 ms - 159[0m
[0mGET /users/css/header.css [33m404[0m 4.105 ms - 159[0m
[0mGET /users/css/footer.css [33m404[0m 5.477 ms - 159[0m
[0mPOST /users/create-session [36m302[0m 149.823 ms - 46[0m
[0mGET / [32m200[0m 33.758 ms - 22586[0m
[0mGET / [32m200[0m 55.739 ms - 21804[0m
[0mGET /posts/destroy/606d5cc3c226e120cc5ea3ad [32m200[0m 72.350 ms - 72[0m
[0mPOST /likes/toggle/?id=606d586cc226e120cc5ea36c&type=comment [32m200[0m 90.261 ms - 57[0m
[0mPOST /likes/toggle/?id=606d586cc226e120cc5ea36c&type=comment [32m200[0m 13.220 ms - 56[0m
[0mPOST /likes/toggle/?id=606d5883c226e120cc5ea379&type=comment [32m200[0m 9.386 ms - 57[0m
[0mPOST /comment/create [36m302[0m 14.400 ms - 46[0m
[0mGET / [32m200[0m 36.538 ms - 20534[0m
[0mPOST /likes/toggle/?id=607c2de657de360af02e5873&type=comment [32m200[0m 10.481 ms - 57[0m
[0mPOST /likes/toggle/?id=607c2de657de360af02e5873&type=comment [32m200[0m 9.568 ms - 56[0m
[0mPOST /likes/toggle/?id=606d574171881b3508b5c4c1&type=post [32m200[0m 9.291 ms - 56[0m
[0mPOST /likes/toggle/?id=606d574171881b3508b5c4c1&type=post [32m200[0m 13.762 ms - 57[0m
[0mPOST /posts/create [32m200[0m 13.890 ms - 261[0m
[0mGET /likes/toggle/?id=607c2dfb57de360af02e587a&type=post [33m404[0m 3.825 ms - 152[0m
[0mGET / [32m200[0m 66.728 ms - 21978[0m
[0mPOST /likes/toggle/?id=607c2dfb57de360af02e587a&type=post [32m200[0m 9.190 ms - 57[0m
[0mPOST /likes/toggle/?id=607c2dfb57de360af02e587a&type=post [32m200[0m 8.216 ms - 56[0m
