::1 - - [06/May/2021:18:42:15 +0000] "GET / HTTP/1.1" 200 27346 "http://localhost:8000/users/profile/605c44a9833c593a30ab9dba" "Mozilla/5.0 (Windows NT 10.0; Win64; x64) AppleWebKit/537.36 (KHTML, like Gecko) Chrome/90.0.4430.93 Safari/537.36"
::1 - - [06/May/2021:18:44:15 +0000] "GET / HTTP/1.1" 200 27310 "http://localhost:8000/users/profile/605c44a9833c593a30ab9dba" "Mozilla/5.0 (Windows NT 10.0; Win64; x64) AppleWebKit/537.36 (KHTML, like Gecko) Chrome/90.0.4430.93 Safari/537.36"
::1 - - [06/May/2021:18:44:32 +0000] "GET / HTTP/1.1" 200 27218 "http://localhost:8000/users/profile/605c44a9833c593a30ab9dba" "Mozilla/5.0 (Windows NT 10.0; Win64; x64) AppleWebKit/537.36 (KHTML, like Gecko) Chrome/90.0.4430.93 Safari/537.36"
::1 - - [06/May/2021:18:44:51 +0000] "GET / HTTP/1.1" 200 27338 "http://localhost:8000/users/profile/605c44a9833c593a30ab9dba" "Mozilla/5.0 (Windows NT 10.0; Win64; x64) AppleWebKit/537.36 (KHTML, like Gecko) Chrome/90.0.4430.93 Safari/537.36"
::1 - - [06/May/2021:18:45:02 +0000] "GET / HTTP/1.1" 200 27318 "http://localhost:8000/users/profile/605c44a9833c593a30ab9dba" "Mozilla/5.0 (Windows NT 10.0; Win64; x64) AppleWebKit/537.36 (KHTML, like Gecko) Chrome/90.0.4430.93 Safari/537.36"
::1 - - [06/May/2021:18:45:55 +0000] "POST /comment/create HTTP/1.1" 200 342 "http://localhost:8000/" "Mozilla/5.0 (Windows NT 10.0; Win64; x64) AppleWebKit/537.36 (KHTML, like Gecko) Chrome/90.0.4430.93 Safari/537.36"
::1 - - [06/May/2021:18:45:56 +0000] "POST /comment/create HTTP/1.1" 200 342 "http://localhost:8000/" "Mozilla/5.0 (Windows NT 10.0; Win64; x64) AppleWebKit/537.36 (KHTML, like Gecko) Chrome/90.0.4430.93 Safari/537.36"
::1 - - [06/May/2021:18:46:00 +0000] "GET /likes/toggle/?id=6094396490545736f05c0091&type=Comment HTTP/1.1" 200 57 "http://localhost:8000/" "Mozilla/5.0 (Windows NT 10.0; Win64; x64) AppleWebKit/537.36 (KHTML, like Gecko) Chrome/90.0.4430.93 Safari/537.36"
::1 - - [06/May/2021:18:46:01 +0000] "GET /likes/toggle/?id=6094396490545736f05c0091&type=Comment HTTP/1.1" 200 56 "http://localhost:8000/" "Mozilla/5.0 (Windows NT 10.0; Win64; x64) AppleWebKit/537.36 (KHTML, like Gecko) Chrome/90.0.4430.93 Safari/537.36"
::1 - - [06/May/2021:18:46:03 +0000] "GET /likes/toggle/?id=6094396390545736f05c0090&type=Comment HTTP/1.1" 200 57 "http://localhost:8000/" "Mozilla/5.0 (Windows NT 10.0; Win64; x64) AppleWebKit/537.36 (KHTML, like Gecko) Chrome/90.0.4430.93 Safari/537.36"
::1 - - [06/May/2021:18:46:08 +0000] "GET /comment/destroy/6094396390545736f05c0090 HTTP/1.1" 200 78 "http://localhost:8000/" "Mozilla/5.0 (Windows NT 10.0; Win64; x64) AppleWebKit/537.36 (KHTML, like Gecko) Chrome/90.0.4430.93 Safari/537.36"
::1 - - [06/May/2021:18:47:40 +0000] "GET / HTTP/1.1" 200 28461 "http://localhost:8000/users/profile/605c44a9833c593a30ab9dba" "Mozilla/5.0 (Windows NT 10.0; Win64; x64) AppleWebKit/537.36 (KHTML, like Gecko) Chrome/90.0.4430.93 Safari/537.36"
::1 - - [06/May/2021:18:47:43 +0000] "GET / HTTP/1.1" 304 - "http://localhost:8000/" "Mozilla/5.0 (Windows NT 10.0; Win64; x64) AppleWebKit/537.36 (KHTML, like Gecko) Chrome/90.0.4430.93 Safari/537.36"
::1 - - [06/May/2021:18:49:42 +0000] "GET / HTTP/1.1" 200 28805 "http://localhost:8000/users/profile/605c44a9833c593a30ab9dba" "Mozilla/5.0 (Windows NT 10.0; Win64; x64) AppleWebKit/537.36 (KHTML, like Gecko) Chrome/90.0.4430.93 Safari/537.36"
::1 - - [06/May/2021:18:52:48 +0000] "GET / HTTP/1.1" 200 28921 "http://localhost:8000/users/profile/605c44a9833c593a30ab9dba" "Mozilla/5.0 (Windows NT 10.0; Win64; x64) AppleWebKit/537.36 (KHTML, like Gecko) Chrome/90.0.4430.93 Safari/537.36"
::1 - - [06/May/2021:18:53:11 +0000] "GET / HTTP/1.1" 304 - "http://localhost:8000/users/profile/605c44a9833c593a30ab9dba" "Mozilla/5.0 (Windows NT 10.0; Win64; x64) AppleWebKit/537.36 (KHTML, like Gecko) Chrome/90.0.4430.93 Safari/537.36"
::1 - - [06/May/2021:18:55:04 +0000] "GET / HTTP/1.1" 200 28457 "http://localhost:8000/users/profile/605c44a9833c593a30ab9dba" "Mozilla/5.0 (Windows NT 10.0; Win64; x64) AppleWebKit/537.36 (KHTML, like Gecko) Chrome/90.0.4430.93 Safari/537.36"
::1 - - [06/May/2021:18:55:06 +0000] "GET / HTTP/1.1" 304 - "http://localhost:8000/" "Mozilla/5.0 (Windows NT 10.0; Win64; x64) AppleWebKit/537.36 (KHTML, like Gecko) Chrome/90.0.4430.93 Safari/537.36"
::1 - - [06/May/2021:18:56:00 +0000] "GET / HTTP/1.1" 200 28353 "http://localhost:8000/users/profile/605c44a9833c593a30ab9dba" "Mozilla/5.0 (Windows NT 10.0; Win64; x64) AppleWebKit/537.36 (KHTML, like Gecko) Chrome/90.0.4430.93 Safari/537.36"
::1 - - [06/May/2021:18:57:10 +0000] "GET / HTTP/1.1" 200 28414 "http://localhost:8000/users/profile/605c44a9833c593a30ab9dba" "Mozilla/5.0 (Windows NT 10.0; Win64; x64) AppleWebKit/537.36 (KHTML, like Gecko) Chrome/90.0.4430.93 Safari/537.36"
::1 - - [06/May/2021:18:57:10 +0000] "GET / HTTP/1.1" 304 - "http://localhost:8000/" "Mozilla/5.0 (Windows NT 10.0; Win64; x64) AppleWebKit/537.36 (KHTML, like Gecko) Chrome/90.0.4430.93 Safari/537.36"
::1 - - [06/May/2021:18:57:13 +0000] "GET / HTTP/1.1" 304 - "http://localhost:8000/users/profile/605c44a9833c593a30ab9dba" "Mozilla/5.0 (Windows NT 10.0; Win64; x64) AppleWebKit/537.36 (KHTML, like Gecko) Chrome/90.0.4430.93 Safari/537.36"
::1 - - [06/May/2021:18:57:13 +0000] "GET / HTTP/1.1" 304 - "http://localhost:8000/" "Mozilla/5.0 (Windows NT 10.0; Win64; x64) AppleWebKit/537.36 (KHTML, like Gecko) Chrome/90.0.4430.93 Safari/537.36"
::1 - - [06/May/2021:18:57:15 +0000] "GET / HTTP/1.1" 304 - "http://localhost:8000/users/profile/605c44a9833c593a30ab9dba" "Mozilla/5.0 (Windows NT 10.0; Win64; x64) AppleWebKit/537.36 (KHTML, like Gecko) Chrome/90.0.4430.93 Safari/537.36"
::1 - - [06/May/2021:18:57:15 +0000] "GET / HTTP/1.1" 304 - "http://localhost:8000/" "Mozilla/5.0 (Windows NT 10.0; Win64; x64) AppleWebKit/537.36 (KHTML, like Gecko) Chrome/90.0.4430.93 Safari/537.36"
::1 - - [06/May/2021:18:57:38 +0000] "GET / HTTP/1.1" 200 28380 "http://localhost:8000/users/profile/605c44a9833c593a30ab9dba" "Mozilla/5.0 (Windows NT 10.0; Win64; x64) AppleWebKit/537.36 (KHTML, like Gecko) Chrome/90.0.4430.93 Safari/537.36"
::1 - - [06/May/2021:18:57:40 +0000] "GET / HTTP/1.1" 304 - "http://localhost:8000/users/profile/605c44a9833c593a30ab9dba" "Mozilla/5.0 (Windows NT 10.0; Win64; x64) AppleWebKit/537.36 (KHTML, like Gecko) Chrome/90.0.4430.93 Safari/537.36"
::1 - - [06/May/2021:19:01:09 +0000] "GET / HTTP/1.1" 200 28413 "http://localhost:8000/users/profile/605c44a9833c593a30ab9dba" "Mozilla/5.0 (Windows NT 10.0; Win64; x64) AppleWebKit/537.36 (KHTML, like Gecko) Chrome/90.0.4430.93 Safari/537.36"
::1 - - [06/May/2021:19:01:24 +0000] "GET / HTTP/1.1" 304 - "http://localhost:8000/users/profile/605c44a9833c593a30ab9dba" "Mozilla/5.0 (Windows NT 10.0; Win64; x64) AppleWebKit/537.36 (KHTML, like Gecko) Chrome/90.0.4430.93 Safari/537.36"
::1 - - [06/May/2021:19:02:37 +0000] "GET / HTTP/1.1" 200 28412 "http://localhost:8000/users/profile/605c44a9833c593a30ab9dba" "Mozilla/5.0 (Windows NT 10.0; Win64; x64) AppleWebKit/537.36 (KHTML, like Gecko) Chrome/90.0.4430.93 Safari/537.36"
::1 - - [06/May/2021:19:02:43 +0000] "POST /posts/create HTTP/1.1" 200 264 "http://localhost:8000/" "Mozilla/5.0 (Windows NT 10.0; Win64; x64) AppleWebKit/537.36 (KHTML, like Gecko) Chrome/90.0.4430.93 Safari/537.36"
::1 - - [06/May/2021:19:02:49 +0000] "GET /posts/destroy/60943d5390545736f05c0097 HTTP/1.1" 200 72 "http://localhost:8000/" "Mozilla/5.0 (Windows NT 10.0; Win64; x64) AppleWebKit/537.36 (KHTML, like Gecko) Chrome/90.0.4430.93 Safari/537.36"
::1 - - [06/May/2021:19:03:00 +0000] "GET / HTTP/1.1" 200 28416 "http://localhost:8000/users/profile/605c44a9833c593a30ab9dba" "Mozilla/5.0 (Windows NT 10.0; Win64; x64) AppleWebKit/537.36 (KHTML, like Gecko) Chrome/90.0.4430.93 Safari/537.36"
::1 - - [06/May/2021:19:03:27 +0000] "GET / HTTP/1.1" 200 28438 "http://localhost:8000/users/profile/605c44a9833c593a30ab9dba" "Mozilla/5.0 (Windows NT 10.0; Win64; x64) AppleWebKit/537.36 (KHTML, like Gecko) Chrome/90.0.4430.93 Safari/537.36"
::1 - - [06/May/2021:19:03:32 +0000] "GET / HTTP/1.1" 200 28438 "http://localhost:8000/users/profile/605c44a9833c593a30ab9dba" "Mozilla/5.0 (Windows NT 10.0; Win64; x64) AppleWebKit/537.36 (KHTML, like Gecko) Chrome/90.0.4430.93 Safari/537.36"
::1 - - [06/May/2021:19:04:27 +0000] "GET / HTTP/1.1" 200 28442 "http://localhost:8000/users/profile/605c44a9833c593a30ab9dba" "Mozilla/5.0 (Windows NT 10.0; Win64; x64) AppleWebKit/537.36 (KHTML, like Gecko) Chrome/90.0.4430.93 Safari/537.36"
::1 - - [06/May/2021:19:04:27 +0000] "GET / HTTP/1.1" 200 28442 "http://localhost:8000/users/profile/605c44a9833c593a30ab9dba" "Mozilla/5.0 (Windows NT 10.0; Win64; x64) AppleWebKit/537.36 (KHTML, like Gecko) Chrome/90.0.4430.93 Safari/537.36"
::1 - - [06/May/2021:19:05:59 +0000] "GET / HTTP/1.1" 200 28468 "http://localhost:8000/users/profile/605c44a9833c593a30ab9dba" "Mozilla/5.0 (Windows NT 10.0; Win64; x64) AppleWebKit/537.36 (KHTML, like Gecko) Chrome/90.0.4430.93 Safari/537.36"
::1 - - [06/May/2021:19:05:59 +0000] "POST /posts/create HTTP/1.1" - - "http://localhost:8000/" "Mozilla/5.0 (Windows NT 10.0; Win64; x64) AppleWebKit/537.36 (KHTML, like Gecko) Chrome/90.0.4430.93 Safari/537.36"
::1 - - [06/May/2021:19:06:10 +0000] "GET / HTTP/1.1" 200 28461 "http://localhost:8000/users/profile/605c44a9833c593a30ab9dba" "Mozilla/5.0 (Windows NT 10.0; Win64; x64) AppleWebKit/537.36 (KHTML, like Gecko) Chrome/90.0.4430.93 Safari/537.36"
::1 - - [06/May/2021:19:07:20 +0000] "GET / HTTP/1.1" 304 - "http://localhost:8000/users/profile/605c44a9833c593a30ab9dba" "Mozilla/5.0 (Windows NT 10.0; Win64; x64) AppleWebKit/537.36 (KHTML, like Gecko) Chrome/90.0.4430.93 Safari/537.36"
::1 - - [06/May/2021:19:08:01 +0000] "GET / HTTP/1.1" 200 28472 "http://localhost:8000/users/profile/605c44a9833c593a30ab9dba" "Mozilla/5.0 (Windows NT 10.0; Win64; x64) AppleWebKit/537.36 (KHTML, like Gecko) Chrome/90.0.4430.93 Safari/537.36"
::1 - - [06/May/2021:19:08:20 +0000] "GET / HTTP/1.1" 200 28478 "http://localhost:8000/users/profile/605c44a9833c593a30ab9dba" "Mozilla/5.0 (Windows NT 10.0; Win64; x64) AppleWebKit/537.36 (KHTML, like Gecko) Chrome/90.0.4430.93 Safari/537.36"
::1 - - [06/May/2021:19:09:29 +0000] "GET / HTTP/1.1" 304 - "http://localhost:8000/users/profile/605c44a9833c593a30ab9dba" "Mozilla/5.0 (Windows NT 10.0; Win64; x64) AppleWebKit/537.36 (KHTML, like Gecko) Chrome/90.0.4430.93 Safari/537.36"
::1 - - [06/May/2021:19:09:53 +0000] "GET / HTTP/1.1" 200 28452 "http://localhost:8000/users/profile/605c44a9833c593a30ab9dba" "Mozilla/5.0 (Windows NT 10.0; Win64; x64) AppleWebKit/537.36 (KHTML, like Gecko) Chrome/90.0.4430.93 Safari/537.36"
::1 - - [06/May/2021:19:13:01 +0000] "GET / HTTP/1.1" 200 28452 "http://localhost:8000/users/profile/605c44a9833c593a30ab9dba" "Mozilla/5.0 (Windows NT 10.0; Win64; x64) AppleWebKit/537.36 (KHTML, like Gecko) Chrome/90.0.4430.93 Safari/537.36"
::1 - - [06/May/2021:19:19:06 +0000] "GET / HTTP/1.1" 200 28680 "http://localhost:8000/users/profile/605c44a9833c593a30ab9dba" "Mozilla/5.0 (Windows NT 10.0; Win64; x64) AppleWebKit/537.36 (KHTML, like Gecko) Chrome/90.0.4430.93 Safari/537.36"
::1 - - [06/May/2021:19:19:37 +0000] "GET / HTTP/1.1" 304 - "http://localhost:8000/users/profile/605c44a9833c593a30ab9dba" "Mozilla/5.0 (Windows NT 10.0; Win64; x64) AppleWebKit/537.36 (KHTML, like Gecko) Chrome/90.0.4430.93 Safari/537.36"
::1 - - [06/May/2021:19:19:46 +0000] "GET / HTTP/1.1" 304 - "http://localhost:8000/users/profile/605c44a9833c593a30ab9dba" "Mozilla/5.0 (Windows NT 10.0; Win64; x64) AppleWebKit/537.36 (KHTML, like Gecko) Chrome/90.0.4430.93 Safari/537.36"
::1 - - [06/May/2021:19:20:39 +0000] "GET / HTTP/1.1" 200 28676 "http://localhost:8000/users/profile/605c44a9833c593a30ab9dba" "Mozilla/5.0 (Windows NT 10.0; Win64; x64) AppleWebKit/537.36 (KHTML, like Gecko) Chrome/90.0.4430.93 Safari/537.36"
::1 - - [06/May/2021:19:21:23 +0000] "GET / HTTP/1.1" 304 - "http://localhost:8000/users/profile/605c44a9833c593a30ab9dba" "Mozilla/5.0 (Windows NT 10.0; Win64; x64) AppleWebKit/537.36 (KHTML, like Gecko) Chrome/90.0.4430.93 Safari/537.36"
::1 - - [06/May/2021:19:21:31 +0000] "GET / HTTP/1.1" 304 - "http://localhost:8000/users/profile/605c44a9833c593a30ab9dba" "Mozilla/5.0 (Windows NT 10.0; Win64; x64) AppleWebKit/537.36 (KHTML, like Gecko) Chrome/90.0.4430.93 Safari/537.36"
::1 - - [06/May/2021:19:22:04 +0000] "GET / HTTP/1.1" 200 28676 "http://localhost:8000/users/profile/605c44a9833c593a30ab9dba" "Mozilla/5.0 (Windows NT 10.0; Win64; x64) AppleWebKit/537.36 (KHTML, like Gecko) Chrome/90.0.4430.93 Safari/537.36"
::1 - - [06/May/2021:19:22:37 +0000] "GET / HTTP/1.1" 200 28676 "http://localhost:8000/users/profile/605c44a9833c593a30ab9dba" "Mozilla/5.0 (Windows NT 10.0; Win64; x64) AppleWebKit/537.36 (KHTML, like Gecko) Chrome/90.0.4430.93 Safari/537.36"
::1 - - [06/May/2021:19:24:43 +0000] "GET /users/profile/605c44a9833c593a30ab9dba HTTP/1.1" 304 - "http://localhost:8000/" "Mozilla/5.0 (Windows NT 10.0; Win64; x64) AppleWebKit/537.36 (KHTML, like Gecko) Chrome/90.0.4430.93 Safari/537.36"
::1 - - [06/May/2021:19:24:52 +0000] "POST /posts/create HTTP/1.1" 200 269 "http://localhost:8000/" "Mozilla/5.0 (Windows NT 10.0; Win64; x64) AppleWebKit/537.36 (KHTML, like Gecko) Chrome/90.0.4430.93 Safari/537.36"
::1 - - [06/May/2021:19:24:56 +0000] "GET /likes/toggle/?id=6094428490545736f05c0099&type=post HTTP/1.1" 200 57 "http://localhost:8000/" "Mozilla/5.0 (Windows NT 10.0; Win64; x64) AppleWebKit/537.36 (KHTML, like Gecko) Chrome/90.0.4430.93 Safari/537.36"
::1 - - [06/May/2021:19:24:59 +0000] "GET /likes/toggle/?id=6094428490545736f05c0099&type=post HTTP/1.1" 200 56 "http://localhost:8000/" "Mozilla/5.0 (Windows NT 10.0; Win64; x64) AppleWebKit/537.36 (KHTML, like Gecko) Chrome/90.0.4430.93 Safari/537.36"
::1 - - [06/May/2021:19:24:59 +0000] "GET /likes/toggle/?id=6094428490545736f05c0099&type=post HTTP/1.1" 200 57 "http://localhost:8000/" "Mozilla/5.0 (Windows NT 10.0; Win64; x64) AppleWebKit/537.36 (KHTML, like Gecko) Chrome/90.0.4430.93 Safari/537.36"
::1 - - [06/May/2021:19:25:00 +0000] "GET /likes/toggle/?id=6094428490545736f05c0099&type=post HTTP/1.1" 200 56 "http://localhost:8000/" "Mozilla/5.0 (Windows NT 10.0; Win64; x64) AppleWebKit/537.36 (KHTML, like Gecko) Chrome/90.0.4430.93 Safari/537.36"
::1 - - [06/May/2021:19:25:02 +0000] "GET / HTTP/1.1" 200 32458 "http://localhost:8000/users/profile/605c44a9833c593a30ab9dba" "Mozilla/5.0 (Windows NT 10.0; Win64; x64) AppleWebKit/537.36 (KHTML, like Gecko) Chrome/90.0.4430.93 Safari/537.36"
::1 - - [06/May/2021:19:27:30 +0000] "GET / HTTP/1.1" 200 31883 "http://localhost:8000/users/profile/605c44a9833c593a30ab9dba" "Mozilla/5.0 (Windows NT 10.0; Win64; x64) AppleWebKit/537.36 (KHTML, like Gecko) Chrome/90.0.4430.93 Safari/537.36"
::1 - - [06/May/2021:19:28:33 +0000] "GET / HTTP/1.1" 200 31888 "http://localhost:8000/users/profile/605c44a9833c593a30ab9dba" "Mozilla/5.0 (Windows NT 10.0; Win64; x64) AppleWebKit/537.36 (KHTML, like Gecko) Chrome/90.0.4430.93 Safari/537.36"
::1 - - [06/May/2021:19:52:15 +0000] "GET / HTTP/1.1" 200 31708 "http://localhost:8000/users/profile/605c44a9833c593a30ab9dba" "Mozilla/5.0 (Windows NT 10.0; Win64; x64) AppleWebKit/537.36 (KHTML, like Gecko) Chrome/90.0.4430.93 Safari/537.36"
::1 - - [06/May/2021:19:52:21 +0000] "GET /users/profile/605c44a9833c593a30ab9dba HTTP/1.1" 304 - "http://localhost:8000/" "Mozilla/5.0 (Windows NT 10.0; Win64; x64) AppleWebKit/537.36 (KHTML, like Gecko) Chrome/90.0.4430.93 Safari/537.36"
::1 - - [06/May/2021:19:54:19 +0000] "GET / HTTP/1.1" 304 - "http://localhost:8000/users/profile/605c44a9833c593a30ab9dba" "Mozilla/5.0 (Windows NT 10.0; Win64; x64) AppleWebKit/537.36 (KHTML, like Gecko) Chrome/90.0.4430.93 Safari/537.36"
